

================================================================
== Vivado HLS Report for 'aes'
================================================================
* Date:           Fri May  8 12:13:57 2015

* Version:        2014.1 (build date: Fri Apr 04 13:20:25 PM 2014)
* Project:        aes_runner
* Solution:       solution1
* Product family: zynq zynq_fpv6 
* Target device:  xc7z020clg484-1


================================================================
== Performance Estimates
================================================================
+ Timing (ns): 
    * Summary: 
    +---------+-------+----------+------------+
    |  Clock  | Target| Estimated| Uncertainty|
    +---------+-------+----------+------------+
    |default  |  10.00|      7.87|        1.25|
    +---------+-------+----------+------------+

+ Latency (clock cycles): 
    * Summary: 
    +-----+-----+-----+-----+---------+
    |  Latency  |  Interval | Pipeline|
    | min | max | min | max |   Type  |
    +-----+-----+-----+-----+---------+
    |    ?|    ?|    ?|    ?|   none  |
    +-----+-----+-----+-----+---------+

    + Detail: 
        * Instance: 
        +--------------------+---------+-----+-----+-----+-----+----------+
        |                    |         |  Latency  |  Interval | Pipeline |
        |      Instance      |  Module | min | max | min | max |   Type   |
        +--------------------+---------+-----+-----+-----+-----+----------+
        |grp_aestest_fu_278  |aestest  |   19|   19|    1|    1| function |
        +--------------------+---------+-----+-----+-----+-----+----------+

        * Loop: 
        +-----------------+-----+-----+----------+-----------+-----------+------+----------+
        |                 |  Latency  | Iteration|  Initiation Interval  | Trip |          |
        |    Loop Name    | min | max |  Latency |  achieved |   target  | Count| Pipelined|
        +-----------------+-----+-----+----------+-----------+-----------+------+----------+
        |- Loop 1         |    ?|    ?|       327|          -|          -|     ?|    no    |
        | + Loop 1.1      |  288|  288|        18|          -|          -|    16|    no    |
        |  ++ Loop 1.1.1  |   16|   16|         2|          -|          -|     8|    no    |
        | + Loop 1.2      |   16|   16|         1|          -|          -|    16|    no    |
        +-----------------+-----+-----+----------+-----------+-----------+------+----------+



================================================================
== Utilization Estimates
================================================================
* Summary: 
+-----------------+---------+-------+--------+-------+
|       Name      | BRAM_18K| DSP48E|   FF   |  LUT  |
+-----------------+---------+-------+--------+-------+
|Expression       |        -|      -|       0|    406|
|FIFO             |        -|      -|       -|      -|
|Instance         |      100|      -|    3145|   9250|
|Memory           |        -|      -|       -|      -|
|Multiplexer      |        -|      -|       -|    620|
|Register         |        -|      -|     877|      -|
+-----------------+---------+-------+--------+-------+
|Total            |      100|      0|    4022|  10276|
+-----------------+---------+-------+--------+-------+
|Available        |      280|    220|  106400|  53200|
+-----------------+---------+-------+--------+-------+
|Utilization (%)  |       35|      0|       3|     19|
+-----------------+---------+-------+--------+-------+

+ Detail: 
    * Instance: 
    +--------------------+---------+---------+-------+------+------+
    |      Instance      |  Module | BRAM_18K| DSP48E|  FF  |  LUT |
    +--------------------+---------+---------+-------+------+------+
    |grp_aestest_fu_278  |aestest  |      100|      0|  3145|  9250|
    +--------------------+---------+---------+-------+------+------+
    |Total               |         |      100|      0|  3145|  9250|
    +--------------------+---------+---------+-------+------+------+

    * Memory: 
    N/A

    * FIFO: 
    N/A

    * Expression: 
    +-------------------------------------+----------+-------+---+-----+------------+------------+
    |            Variable Name            | Operation| DSP48E| FF| LUT | Bitwidth P0| Bitwidth P1|
    +-------------------------------------+----------+-------+---+-----+------------+------------+
    |destinationAddressLocal_1_fu_546_p2  |     +    |      0|  0|   32|          32|           5|
    |i_2_fu_477_p2                        |     +    |      0|  0|    5|           5|           1|
    |i_3_fu_362_p2                        |     +    |      0|  0|    5|           5|           1|
    |iterations_1_fu_346_p2               |     +    |      0|  0|   32|          32|           1|
    |j_1_fu_407_p2                        |     +    |      0|  0|    4|           4|           1|
    |sourceAddressLocal_1_fu_540_p2       |     +    |      0|  0|   32|          32|           5|
    |tmp_30_fu_529_p2                     |     +    |      0|  0|   32|          32|          32|
    |tmp_s_fu_368_p2                      |     +    |      0|  0|   32|          32|          32|
    |Lo_assign_fu_505_p2                  |     -    |      0|  0|    7|           5|           7|
    |i_assign_fu_413_p2                   |     -    |      0|  0|    7|           7|           7|
    |data_V_2_fu_445_p3                   |  Select  |      0|  0|  128|           1|         128|
    |tmp_32_fu_418_p2                     |    and   |      0|  0|    8|           8|           8|
    |exitcond3_fu_356_p2                  |   icmp   |      0|  0|    6|           5|           6|
    |exitcond4_fu_401_p2                  |   icmp   |      0|  0|    5|           4|           5|
    |exitcond8_fu_341_p2                  |   icmp   |      0|  0|   40|          32|          32|
    |exitcond_fu_471_p2                   |   icmp   |      0|  0|    6|           5|           6|
    |tmp_33_fu_424_p2                     |   icmp   |      0|  0|    8|           8|           1|
    |ap_sig_bdd_135                       |    or    |      0|  0|    1|           1|           1|
    |Hi_assign_fu_495_p2                  |    xor   |      0|  0|    8|           7|           2|
    |tmp_28_fu_391_p2                     |    xor   |      0|  0|    8|           7|           2|
    +-------------------------------------+----------+-------+---+-----+------------+------------+
    |Total                                |          |      0|  0|  406|         264|         283|
    +-------------------------------------+----------+-------+---+-----+------------+------------+

    * Multiplexer: 
    +----------------------------------+-----+-----------+-----+-----------+
    |               Name               | LUT | Input Size| Bits| Total Bits|
    +----------------------------------+-----+-----------+-----+-----------+
    |data_V_reg_208                    |  128|          2|  128|        256|
    |ddr_address0                      |   22|          3|   22|         66|
    |destinationAddressLocal1_reg_198  |   32|          2|   32|         64|
    |destinationAddress_in_sig         |   32|          2|   32|         64|
    |i_1_reg_266                       |    5|          2|    5|         10|
    |i_reg_220                         |    5|          2|    5|         10|
    |iterations_reg_177                |   32|          2|   32|         64|
    |j_reg_243                         |    4|          2|    4|          8|
    |key_in_V_in_sig                   |  128|          2|  128|        256|
    |length_r_in_sig                   |   32|          2|   32|         64|
    |mask_reg_254                      |    8|          2|    8|         16|
    |p_Val2_1_reg_231                  |  128|          2|  128|        256|
    |sourceAddressLocal1_reg_188       |   32|          2|   32|         64|
    |sourceAddress_in_sig              |   32|          2|   32|         64|
    +----------------------------------+-----+-----------+-----+-----------+
    |Total                             |  620|         29|  620|       1262|
    +----------------------------------+-----+-----------+-----+-----------+

    * Register: 
    +------------------------------------------+-----+----+-----+-----------+
    |                   Name                   |  FF | LUT| Bits| Const Bits|
    +------------------------------------------+-----+----+-----+-----------+
    |ap_CS_fsm                                 |    5|   0|    5|          0|
    |data_V_reg_208                            |  128|   0|  128|          0|
    |ddr_addr_reg_600                          |   22|   0|   22|          0|
    |destinationAddressLocal1_reg_198          |   32|   0|   32|          0|
    |destinationAddress_ap_vld_preg            |    1|   0|    1|          0|
    |destinationAddress_assign_fu_130          |   32|   0|   32|          0|
    |destinationAddress_preg                   |   32|   0|   32|          0|
    |encrypted_data_V_reg_633                  |  128|   0|  128|          0|
    |grp_aestest_fu_278_ap_start_ap_start_reg  |    1|   0|    1|          0|
    |i_1_reg_266                               |    5|   0|    5|          0|
    |i_3_reg_595                               |    5|   0|    5|          0|
    |i_assign_reg_618                          |    7|   0|    7|          0|
    |i_reg_220                                 |    5|   0|    5|          0|
    |iterations_1_reg_587                      |   32|   0|   32|          0|
    |iterations_reg_177                        |   32|   0|   32|          0|
    |j_1_reg_613                               |    4|   0|    4|          0|
    |j_reg_243                                 |    4|   0|    4|          0|
    |key_in_V_ap_vld_preg                      |    1|   0|    1|          0|
    |key_in_V_preg                             |  128|   0|  128|          0|
    |length_r_ap_vld_preg                      |    1|   0|    1|          0|
    |length_r_preg                             |   32|   0|   32|          0|
    |mask_reg_254                              |    8|   0|    8|          0|
    |p_Val2_1_reg_231                          |  128|   0|  128|          0|
    |sourceAddressLocal1_reg_188               |   32|   0|   32|          0|
    |sourceAddress_ap_vld_preg                 |    1|   0|    1|          0|
    |sourceAddress_assign_fu_126               |   32|   0|   32|          0|
    |sourceAddress_preg                        |   32|   0|   32|          0|
    |tmp_28_reg_605                            |    7|   0|    7|          0|
    +------------------------------------------+-----+----+-----+-----------+
    |Total                                     |  877|   0|  877|          0|
    +------------------------------------------+-----+----+-----+-----------+



================================================================
== Interface
================================================================
* Summary: 
+------------------------+-----+-----+------------+--------------+--------------+
|        RTL Ports       | Dir | Bits|  Protocol  | Source Object|    C Type    |
+------------------------+-----+-----+------------+--------------+--------------+
|s_axi_AXILiteS_AWVALID  |  in |    1|    s_axi   |   AXILiteS   |    scalar    |
|s_axi_AXILiteS_AWREADY  | out |    1|    s_axi   |   AXILiteS   |    scalar    |
|s_axi_AXILiteS_AWADDR   |  in |    7|    s_axi   |   AXILiteS   |    scalar    |
|s_axi_AXILiteS_WVALID   |  in |    1|    s_axi   |   AXILiteS   |    scalar    |
|s_axi_AXILiteS_WREADY   | out |    1|    s_axi   |   AXILiteS   |    scalar    |
|s_axi_AXILiteS_WDATA    |  in |   32|    s_axi   |   AXILiteS   |    scalar    |
|s_axi_AXILiteS_WSTRB    |  in |    4|    s_axi   |   AXILiteS   |    scalar    |
|s_axi_AXILiteS_ARVALID  |  in |    1|    s_axi   |   AXILiteS   |    scalar    |
|s_axi_AXILiteS_ARREADY  | out |    1|    s_axi   |   AXILiteS   |    scalar    |
|s_axi_AXILiteS_ARADDR   |  in |    7|    s_axi   |   AXILiteS   |    scalar    |
|s_axi_AXILiteS_RVALID   | out |    1|    s_axi   |   AXILiteS   |    scalar    |
|s_axi_AXILiteS_RREADY   |  in |    1|    s_axi   |   AXILiteS   |    scalar    |
|s_axi_AXILiteS_RDATA    | out |   32|    s_axi   |   AXILiteS   |    scalar    |
|s_axi_AXILiteS_RRESP    | out |    2|    s_axi   |   AXILiteS   |    scalar    |
|s_axi_AXILiteS_BVALID   | out |    1|    s_axi   |   AXILiteS   |    scalar    |
|s_axi_AXILiteS_BREADY   |  in |    1|    s_axi   |   AXILiteS   |    scalar    |
|s_axi_AXILiteS_BRESP    | out |    2|    s_axi   |   AXILiteS   |    scalar    |
|ap_clk                  |  in |    1| ap_ctrl_hs |      aes     | return value |
|ap_rst_n                |  in |    1| ap_ctrl_hs |      aes     | return value |
|interrupt               | out |    1| ap_ctrl_hs |      aes     | return value |
|ddr_address0            | out |   22|  ap_memory |      ddr     |     array    |
|ddr_ce0                 | out |    1|  ap_memory |      ddr     |     array    |
|ddr_we0                 | out |    1|  ap_memory |      ddr     |     array    |
|ddr_d0                  | out |    8|  ap_memory |      ddr     |     array    |
|ddr_q0                  |  in |    8|  ap_memory |      ddr     |     array    |
+------------------------+-----+-----+------------+--------------+--------------+

