@I [HLS-0] Workspace C:/Users/Ali/Documents/Research/HLS_IP_PY/reset_axi/reset_axi/solution1 opened at Fri Sep 26 19:20:25 -0600 2014
@I [HLS-100] Command "config_clock -quiet -name default -period 10 -default=false "
@I [SYN-201] Setting up clock 'default' with a period of 10ns.
@I [HLS-100] Command 'config_clock' returned 0; elapsed 0Total elapsed time: 1.41 sec.
@I [HLS-100] Command "open_platform DefaultPlatform "
@I [HLS-100] Command 'open_platform' returned 0; elapsed 0Total elapsed time: 1.42 sec.
@I [HLS-100] Command "import_lib C:/Xilinx/Vivado_HLS/2014.1/common/technology/xilinx/zynq/zynq "
@I [HLS-100] Command "source C:/Xilinx/Vivado_HLS/2014.1/common/technology/xilinx/common/xilinx.lib "
@I [HLS-100] Command "source C:/Xilinx/Vivado_HLS/2014.1/common/technology/xilinx/interface/xilinx_interface.lib "
@I [HLS-100] Command "source C:/Xilinx/Vivado_HLS/2014.1/common/technology/xilinx/interface/plb46.lib "
@I [HLS-100] Command 'ap_source' returned 0; elapsed 0.001Total elapsed time: 1.45 sec.
@I [HLS-100] Command "source C:/Xilinx/Vivado_HLS/2014.1/common/technology/xilinx/interface/fsl.lib "
@I [HLS-100] Command 'ap_source' returned 0; elapsed 0Total elapsed time: 1.45 sec.
@I [HLS-100] Command "source C:/Xilinx/Vivado_HLS/2014.1/common/technology/xilinx/interface/axi4.lib "
@I [HLS-100] Command 'ap_source' returned 0; elapsed 0.001Total elapsed time: 1.46 sec.
@I [HLS-100] Command 'ap_source' returned 0; elapsed 0.002Total elapsed time: 1.46 sec.
@I [HLS-100] Command "source C:/Xilinx/Vivado_HLS/2014.1/common/technology/xilinx/common/dsp48.lib "
@I [HLS-100] Command 'ap_source' returned 0; elapsed 0Total elapsed time: 1.46 sec.
@I [HLS-100] Command "source C:/Xilinx/Vivado_HLS/2014.1/common/technology/xilinx/ip/xfft.lib "
@I [HLS-100] Command 'ap_source' returned 0; elapsed 0Total elapsed time: 1.47 sec.
@I [HLS-100] Command "source C:/Xilinx/Vivado_HLS/2014.1/common/technology/xilinx/ip/xfir.lib "
@I [HLS-100] Command 'ap_source' returned 0; elapsed 0.001Total elapsed time: 1.48 sec.
@I [HLS-100] Command 'ap_source' returned 0; elapsed 0.007Total elapsed time: 1.50 sec.
@I [HLS-100] Command "source C:/Xilinx/Vivado_HLS/2014.1/common/technology/xilinx/common/xilinx_old.lib "
@I [HLS-100] Command 'ap_source' returned 0; elapsed 0.001Total elapsed time: 1.53 sec.
@I [HLS-100] Command "source C:/Xilinx/Vivado_HLS/2014.1/common/technology/xilinx/common/xilinx_vivado.lib "
@I [HLS-100] Command 'ap_source' returned 0; elapsed 0Total elapsed time: 1.54 sec.
@I [HLS-100] Command "source C:/Xilinx/Vivado_HLS/2014.1/common/technology/xilinx/common/xilinx.hlp "
@I [HLS-100] Command "source C:/Xilinx/Vivado_HLS/2014.1/common/technology/xilinx/common/target_info.tcl "
@I [HLS-100] Command 'ap_source' returned 0; elapsed 0.001Total elapsed time: 1.61 sec.
@I [HLS-100] Command "source C:/Xilinx/Vivado_HLS/2014.1/common/technology/xilinx/common/dsp48.hlp "
@I [HLS-100] Command 'ap_source' returned 0; elapsed 0.001Total elapsed time: 1.63 sec.
@I [HLS-100] Command 'ap_source' returned 0; elapsed 0.004Total elapsed time: 1.63 sec.
@I [HLS-100] Command "source C:/Xilinx/Vivado_HLS/2014.1/common/technology/xilinx/zynq/dsp48e1.hlp "
@I [HLS-100] Command 'ap_source' returned 0; elapsed 0.001Total elapsed time: 1.64 sec.
@I [HLS-100] Command "get_default_platform "
@I [HLS-100] Command 'get_default_platform' returned 0; elapsed 0Total elapsed time: 1.64 sec.
@I [HLS-100] Command "config_chip_info -quiet -resource  {SLICE 13300}  {LUT 53200}     {FF 106400} {DSP48E 220}   {BRAM 280}  "
@I [HLS-100] Command 'config_chip_info' returned 0; elapsed 0Total elapsed time: 1.64 sec.
@I [HLS-100] Command "config_chip_info -quiet -speed medium "
@I [HLS-100] Command 'config_chip_info' returned 0; elapsed 0Total elapsed time: 1.64 sec.
@I [HLS-100] Command 'import_lib' returned 0; elapsed 0.024Total elapsed time: 1.67 sec.
@I [HLS-100] Command "source C:/Xilinx/Vivado_HLS/2014.1/common/technology/xilinx/zynq/zynq.gen "
@I [HLS-100] Command "source C:/Xilinx/Vivado_HLS/2014.1/common/technology/xilinx/common/virtex.gen "
@I [HLS-100] Command "source C:/Xilinx/Vivado_HLS/2014.1/common/technology/xilinx/common/xilinx.gen "
@I [HLS-100] Command "source C:/Xilinx/Vivado_HLS/2014.1/common/technology/xilinx/interface/plb46.gen "
@I [HLS-100] Command 'ap_source' returned 0; elapsed 0.001Total elapsed time: 1.69 sec.
@I [HLS-100] Command "source C:/Xilinx/Vivado_HLS/2014.1/common/technology/xilinx/interface/fsl.gen "
@I [HLS-100] Command 'ap_source' returned 0; elapsed 0.001Total elapsed time: 1.70 sec.
@I [HLS-100] Command "source C:/Xilinx/Vivado_HLS/2014.1/common/technology/xilinx/interface/axi4.gen "
@I [HLS-100] Command 'ap_source' returned 0; elapsed 0.003Total elapsed time: 1.73 sec.
@I [HLS-100] Command "source C:/Xilinx/Vivado_HLS/2014.1/common/technology/xilinx/interface/nativeAXI4.gen "
@I [HLS-100] Command "source C:/Xilinx/Vivado_HLS/2014.1/common/technology/xilinx/interface/saxilite.gen "
@I [HLS-100] Command 'ap_source' returned 0; elapsed 0.003Total elapsed time: 1.76 sec.
@I [HLS-100] Command "source C:/Xilinx/Vivado_HLS/2014.1/common/technology/xilinx/interface/maxi.gen "
@I [HLS-100] Command 'ap_source' returned 0; elapsed 0.004Total elapsed time: 1.80 sec.
@I [HLS-100] Command 'ap_source' returned 0; elapsed 0.007Total elapsed time: 1.80 sec.
@I [HLS-100] Command "source C:/Xilinx/Vivado_HLS/2014.1/common/technology/xilinx/scripts/xilinxcoregen.gen "
@I [HLS-100] Command 'ap_source' returned 0; elapsed 0.01Total elapsed time: 1.90 sec.
@I [HLS-100] Command "source C:/Xilinx/Vivado_HLS/2014.1/common/technology/xilinx/interface/XilEDKCoreGen.gen "
@I [HLS-100] Command 'ap_source' returned 0; elapsed 0.011Total elapsed time: 1.101 sec.
@I [HLS-100] Command "source C:/Xilinx/Vivado_HLS/2014.1/common/technology/xilinx/ip/util.gen "
@I [HLS-100] Command 'ap_source' returned 0; elapsed 0Total elapsed time: 1.101 sec.
@I [HLS-100] Command "source C:/Xilinx/Vivado_HLS/2014.1/common/technology/xilinx/ip/xfft.gen "
@I [HLS-100] Command 'ap_source' returned 0; elapsed 0.094Total elapsed time: 1.195 sec.
@I [HLS-100] Command "source C:/Xilinx/Vivado_HLS/2014.1/common/technology/xilinx/ip/xfir.gen "
@I [HLS-100] Command "source C:/Xilinx/Vivado_HLS/2014.1/tps/tcl/tcllib1.11.1/struct/list.tcl "
@I [HLS-100] Command "source C:/Xilinx/Vivado_HLS/2014.1/tps/tcl/tcllib1.11.1/cmdline/cmdline.tcl "
@I [HLS-100] Command 'ap_source' returned 0; elapsed 0.001Total elapsed time: 1.245 sec.
@I [HLS-100] Command 'ap_source' returned 0; elapsed 0.038Total elapsed time: 1.246 sec.
@I [HLS-100] Command "source C:/Xilinx/Vivado_HLS/2014.1/tps/tcl/tcllib1.11.1/math/bignum.tcl "
@I [HLS-100] Command 'ap_source' returned 0; elapsed 0.001Total elapsed time: 1.250 sec.
@I [HLS-100] Command 'ap_source' returned 0; elapsed 0.06Total elapsed time: 1.255 sec.
@I [HLS-100] Command 'ap_source' returned 0; elapsed 0.187Total elapsed time: 1.255 sec.
@I [HLS-100] Command "source C:/Xilinx/Vivado_HLS/2014.1/common/technology/xilinx/common/dsp48.gen "
@I [HLS-100] Command 'ap_source' returned 0; elapsed 0Total elapsed time: 1.256 sec.
@I [HLS-100] Command 'ap_source' returned 0; elapsed 0.189Total elapsed time: 1.256 sec.
@I [HLS-100] Command 'ap_source' returned 0; elapsed 0.189Total elapsed time: 1.256 sec.
@I [HLS-100] Command "open_platform DefaultPlatform "
@I [HLS-100] Command 'open_platform' returned 0; elapsed 0Total elapsed time: 1.256 sec.
@I [HLS-100] Command "import_lib C:/Xilinx/Vivado_HLS/2014.1/common/technology/xilinx/zynq/zynq_fpv6 "
@I [HLS-100] Command "source C:/Xilinx/Vivado_HLS/2014.1/common/technology/xilinx/common/xilinx_fpv7.lib "
@I [HLS-100] Command "source C:/Xilinx/Vivado_HLS/2014.1/common/technology/xilinx/common/xilinx_fpv6.lib "
@I [HLS-100] Command 'ap_source' returned 0; elapsed 0.001Total elapsed time: 1.257 sec.
@I [HLS-100] Command 'ap_source' returned 0; elapsed 0.002Total elapsed time: 1.258 sec.
@I [HLS-100] Command 'import_lib' returned 0; elapsed 0.009Total elapsed time: 1.265 sec.
@I [HLS-100] Command "source C:/Xilinx/Vivado_HLS/2014.1/common/technology/xilinx/zynq/zynq_fpv6.gen "
@I [HLS-100] Command "source C:/Xilinx/Vivado_HLS/2014.1/common/technology/xilinx/common/xilinx_fpv6.gen "
@I [HLS-100] Command 'ap_source' returned 0; elapsed 0.001Total elapsed time: 1.267 sec.
@I [HLS-100] Command 'ap_source' returned 0; elapsed 0.001Total elapsed time: 1.267 sec.
@I [HLS-100] Command "set_part xc7z020clg484-1 "
@I [HLS-100] Command "add_library xilinx/zynq/zynq:xc7z020:clg484:-1 "
@I [HLS-100] Command "get_default_platform "
@I [HLS-100] Command 'get_default_platform' returned 0; elapsed 0Total elapsed time: 1.301 sec.
@I [HLS-100] Command "license_exists VIVADO_HLS "
@I [HLS-100] Command 'license_exists' returned 0; elapsed 0Total elapsed time: 1.301 sec.
@I [HLS-100] Command "get_default_platform "
@I [HLS-100] Command 'get_default_platform' returned 0; elapsed 0Total elapsed time: 1.340 sec.
@I [HLS-100] Command "config_chip_info -quiet -resource  {SLICE 13300}  {LUT 53200}     {FF 106400} {DSP48E 220}   {BRAM 280}  "
@I [HLS-100] Command 'config_chip_info' returned 0; elapsed 0Total elapsed time: 1.340 sec.
@I [HLS-100] Command "config_chip_info -quiet -speed slow "
@I [HLS-100] Command 'config_chip_info' returned 0; elapsed 0Total elapsed time: 1.340 sec.
@I [HLS-100] Command 'add_library' returned 0; elapsed 0.055Total elapsed time: 1.355 sec.
@I [HLS-100] Command "add_library xilinx/zynq/zynq_fpv6 "
@I [HLS-100] Command "get_default_platform "
@I [HLS-100] Command 'get_default_platform' returned 0; elapsed 0Total elapsed time: 1.357 sec.
@I [HLS-100] Command "license_exists VIVADO_HLS "
@I [HLS-100] Command 'license_exists' returned 0; elapsed 0Total elapsed time: 1.357 sec.
@I [HLS-100] Command 'add_library' returned 0; elapsed 0.009Total elapsed time: 1.365 sec.
@I [HLS-10] Setting target device to 'xc7z020clg484-1'
@I [HLS-100] Command 'set_part' returned 0; elapsed 0.097Total elapsed time: 1.365 sec.
@I [HLS-100] Command "get_default_platform "
@I [HLS-100] Command 'get_default_platform' returned 0; elapsed 0Total elapsed time: 1.365 sec.
@I [HLS-100] Command "config_chip_info -quiet -resource  {SLICE 13300}  {LUT 53200}     {FF 106400} {DSP48E 220}   {BRAM 280}  "
@I [HLS-100] Command 'config_chip_info' returned 0; elapsed 0Total elapsed time: 1.365 sec.
@I [HLS-100] Command "config_chip_info -quiet -speed slow "
@I [HLS-100] Command 'config_chip_info' returned 0; elapsed 0Total elapsed time: 1.365 sec.
@I [HLS-100] Command 'open_solution' returned 0; elapsed 0.415Total elapsed time: 1.367 sec.
@I [HLS-100] Command "export_design -format ip_catalog "
@I [HLS-100] Command "source C:/Users/Ali/Documents/Research/HLS_IP_PY/reset_axi/reset_axi/solution1/.autopilot/db/global.setting.tcl "
@I [HLS-100] Command 'ap_source' returned 0; elapsed 0.001Total elapsed time: 1.378 sec.
@I [HLS-100] Command "source C:/Xilinx/Vivado_HLS/2014.1/common/technology/generic/autopilot/common.gen "
@I [HLS-100] Command "source C:/Xilinx/Vivado_HLS/2014.1/common/technology/generic/autopilot/APCoreGen.gen "
@I [HLS-100] Command 'ap_source' returned 0; elapsed 0.002Total elapsed time: 1.389 sec.
@I [HLS-100] Command 'ap_source' returned 0; elapsed 0.003Total elapsed time: 1.389 sec.
@I [HLS-100] Command "source C:/Xilinx/Vivado_HLS/2014.1/common/technology/generic/autopilot/op.gen "
@I [HLS-100] Command 'ap_source' returned 0; elapsed 0.001Total elapsed time: 1.391 sec.
@I [HLS-100] Command "source C:/Xilinx/Vivado_HLS/2014.1/common/technology/generic/autopilot/op_simcore.gen "
@I [HLS-100] Command 'ap_source' returned 0; elapsed 0.002Total elapsed time: 1.393 sec.
@I [HLS-100] Command "source C:/Xilinx/Vivado_HLS/2014.1/common/technology/generic/autopilot/interface.gen "
@I [HLS-100] Command 'ap_source' returned 0; elapsed 0Total elapsed time: 1.393 sec.
@I [HLS-100] Command "source C:/Users/Ali/Documents/Research/HLS_IP_PY/reset_axi/reset_axi/solution1/.autopilot/db/global.setting.tcl "
@I [HLS-100] Command 'ap_source' returned 0; elapsed 0.002Total elapsed time: 1.395 sec.
@I [HLS-100] Command "source C:/Xilinx/Vivado_HLS/2014.1/common/technology/xilinx/zynq/zynq.gen "
@I [HLS-100] Command "source C:/Xilinx/Vivado_HLS/2014.1/common/technology/xilinx/common/virtex.gen "
@I [HLS-100] Command "source C:/Xilinx/Vivado_HLS/2014.1/common/technology/xilinx/common/xilinx.gen "
@I [HLS-100] Command "source C:/Xilinx/Vivado_HLS/2014.1/common/technology/xilinx/interface/plb46.gen "
@I [HLS-100] Command 'ap_source' returned 0; elapsed 0.001Total elapsed time: 1.398 sec.
@I [HLS-100] Command "source C:/Xilinx/Vivado_HLS/2014.1/common/technology/xilinx/interface/fsl.gen "
@I [HLS-100] Command 'ap_source' returned 0; elapsed 0.001Total elapsed time: 1.399 sec.
@I [HLS-100] Command "source C:/Xilinx/Vivado_HLS/2014.1/common/technology/xilinx/interface/axi4.gen "
@I [HLS-100] Command 'ap_source' returned 0; elapsed 0.003Total elapsed time: 1.402 sec.
@I [HLS-100] Command "source C:/Xilinx/Vivado_HLS/2014.1/common/technology/xilinx/interface/nativeAXI4.gen "
@I [HLS-100] Command "source C:/Xilinx/Vivado_HLS/2014.1/common/technology/xilinx/interface/saxilite.gen "
@I [HLS-100] Command 'ap_source' returned 0; elapsed 0.003Total elapsed time: 1.405 sec.
@I [HLS-100] Command "source C:/Xilinx/Vivado_HLS/2014.1/common/technology/xilinx/interface/maxi.gen "
@I [HLS-100] Command 'ap_source' returned 0; elapsed 0.004Total elapsed time: 1.409 sec.
@I [HLS-100] Command 'ap_source' returned 0; elapsed 0.007Total elapsed time: 1.409 sec.
@I [HLS-100] Command "source C:/Xilinx/Vivado_HLS/2014.1/common/technology/xilinx/scripts/xilinxcoregen.gen "
@I [HLS-100] Command 'ap_source' returned 0; elapsed 0.01Total elapsed time: 1.419 sec.
@I [HLS-100] Command "source C:/Xilinx/Vivado_HLS/2014.1/common/technology/xilinx/interface/XilEDKCoreGen.gen "
@I [HLS-100] Command 'ap_source' returned 0; elapsed 0.013Total elapsed time: 1.432 sec.
@I [HLS-100] Command "source C:/Xilinx/Vivado_HLS/2014.1/common/technology/xilinx/ip/util.gen "
@I [HLS-100] Command 'ap_source' returned 0; elapsed 0.001Total elapsed time: 1.433 sec.
@I [HLS-100] Command "source C:/Xilinx/Vivado_HLS/2014.1/common/technology/xilinx/ip/xfft.gen "
@I [HLS-100] Command 'ap_source' returned 0; elapsed 0.095Total elapsed time: 1.528 sec.
@I [HLS-100] Command "source C:/Xilinx/Vivado_HLS/2014.1/common/technology/xilinx/ip/xfir.gen "
@I [HLS-100] Command 'ap_source' returned 0; elapsed 0.022Total elapsed time: 1.550 sec.
@I [HLS-100] Command 'ap_source' returned 0; elapsed 0.154Total elapsed time: 1.550 sec.
@I [HLS-100] Command "source C:/Xilinx/Vivado_HLS/2014.1/common/technology/xilinx/common/dsp48.gen "
@I [HLS-100] Command 'ap_source' returned 0; elapsed 0Total elapsed time: 1.551 sec.
@I [HLS-100] Command 'ap_source' returned 0; elapsed 0.156Total elapsed time: 1.551 sec.
@I [HLS-100] Command 'ap_source' returned 0; elapsed 0.156Total elapsed time: 1.551 sec.
@I [HLS-100] Command "source C:/Xilinx/Vivado_HLS/2014.1/common/technology/xilinx/zynq/zynq_fpv6.gen "
@I [HLS-100] Command "source C:/Xilinx/Vivado_HLS/2014.1/common/technology/xilinx/common/xilinx_fpv6.gen "
@I [HLS-100] Command 'ap_source' returned 0; elapsed 0.001Total elapsed time: 1.553 sec.
@I [HLS-100] Command 'ap_source' returned 0; elapsed 0.001Total elapsed time: 1.553 sec.
@I [HLS-100] Command "source C:/Users/Ali/Documents/Research/HLS_IP_PY/reset_axi/reset_axi/solution1/.autopilot/db/global.setting.tcl "
@I [HLS-100] Command 'ap_source' returned 0; elapsed 0.001Total elapsed time: 1.599 sec.
@I [IMPL-8] Exporting RTL as an IP in IP-XACT.
@I [HLS-100] Command "source C:/Users/Ali/Documents/Research/HLS_IP_PY/reset_axi/reset_axi/solution1/.autopilot/db/global.setting.tcl "
@I [HLS-100] Command 'ap_source' returned 0; elapsed 0Total elapsed time: 1.600 sec.
@I [HLS-100] Command "source C:/Users/Ali/Documents/Research/HLS_IP_PY/reset_axi/reset_axi/solution1/.autopilot/db/global.setting.tcl "
@I [HLS-100] Command 'ap_source' returned 0; elapsed 0Total elapsed time: 1.608 sec.
@I [HLS-100] Command "source C:/Xilinx/Vivado_HLS/2014.1/common/technology/generic/autopilot/common.gen "
@I [HLS-100] Command "source C:/Xilinx/Vivado_HLS/2014.1/common/technology/generic/autopilot/APCoreGen.gen "
@I [HLS-100] Command 'ap_source' returned 0; elapsed 0Total elapsed time: 1.609 sec.
@I [HLS-100] Command 'ap_source' returned 0; elapsed 0.002Total elapsed time: 1.610 sec.
@I [HLS-100] Command "source C:/Xilinx/Vivado_HLS/2014.1/common/technology/generic/autopilot/op.gen "
@I [HLS-100] Command 'ap_source' returned 0; elapsed 0Total elapsed time: 1.610 sec.
@I [HLS-100] Command "source C:/Xilinx/Vivado_HLS/2014.1/common/technology/generic/autopilot/op_simcore.gen "
@I [HLS-100] Command 'ap_source' returned 0; elapsed 0.001Total elapsed time: 1.611 sec.
@I [HLS-100] Command "source C:/Xilinx/Vivado_HLS/2014.1/common/technology/generic/autopilot/interface.gen "
@I [HLS-100] Command 'ap_source' returned 0; elapsed 0Total elapsed time: 1.611 sec.
@I [HLS-100] Command "source C:/Users/Ali/Documents/Research/HLS_IP_PY/reset_axi/reset_axi/solution1/.autopilot/db/global.setting.tcl "
@I [HLS-100] Command 'ap_source' returned 0; elapsed 0.076Total elapsed time: 1.687 sec.
@I [HLS-100] Command "source C:/Xilinx/Vivado_HLS/2014.1/common/technology/xilinx/zynq/zynq.gen "
@I [HLS-100] Command "source C:/Xilinx/Vivado_HLS/2014.1/common/technology/xilinx/common/virtex.gen "
@I [HLS-100] Command "source C:/Xilinx/Vivado_HLS/2014.1/common/technology/xilinx/common/xilinx.gen "
@I [HLS-100] Command "source C:/Xilinx/Vivado_HLS/2014.1/common/technology/xilinx/interface/plb46.gen "
@I [HLS-100] Command 'ap_source' returned 0; elapsed 0.002Total elapsed time: 1.691 sec.
@I [HLS-100] Command "source C:/Xilinx/Vivado_HLS/2014.1/common/technology/xilinx/interface/fsl.gen "
@I [HLS-100] Command 'ap_source' returned 0; elapsed 0.001Total elapsed time: 1.693 sec.
@I [HLS-100] Command "source C:/Xilinx/Vivado_HLS/2014.1/common/technology/xilinx/interface/axi4.gen "
@I [HLS-100] Command 'ap_source' returned 0; elapsed 0.004Total elapsed time: 1.697 sec.
@I [HLS-100] Command "source C:/Xilinx/Vivado_HLS/2014.1/common/technology/xilinx/interface/nativeAXI4.gen "
@I [HLS-100] Command "source C:/Xilinx/Vivado_HLS/2014.1/common/technology/xilinx/interface/saxilite.gen "
@I [HLS-100] Command 'ap_source' returned 0; elapsed 0.003Total elapsed time: 1.701 sec.
@I [HLS-100] Command "source C:/Xilinx/Vivado_HLS/2014.1/common/technology/xilinx/interface/maxi.gen "
@I [HLS-100] Command 'ap_source' returned 0; elapsed 0.005Total elapsed time: 1.706 sec.
@I [HLS-100] Command 'ap_source' returned 0; elapsed 0.008Total elapsed time: 1.706 sec.
@I [HLS-100] Command "source C:/Xilinx/Vivado_HLS/2014.1/common/technology/xilinx/scripts/xilinxcoregen.gen "
@I [HLS-100] Command 'ap_source' returned 0; elapsed 0.012Total elapsed time: 1.718 sec.
@I [HLS-100] Command "source C:/Xilinx/Vivado_HLS/2014.1/common/technology/xilinx/interface/XilEDKCoreGen.gen "
@I [HLS-100] Command 'ap_source' returned 0; elapsed 0.012Total elapsed time: 1.730 sec.
@I [HLS-100] Command "source C:/Xilinx/Vivado_HLS/2014.1/common/technology/xilinx/ip/util.gen "
@I [HLS-100] Command 'ap_source' returned 0; elapsed 0.001Total elapsed time: 1.731 sec.
@I [HLS-100] Command "source C:/Xilinx/Vivado_HLS/2014.1/common/technology/xilinx/ip/xfft.gen "
@I [HLS-100] Command 'ap_source' returned 0; elapsed 0.086Total elapsed time: 1.817 sec.
@I [HLS-100] Command "source C:/Xilinx/Vivado_HLS/2014.1/common/technology/xilinx/ip/xfir.gen "
@I [HLS-100] Command 'ap_source' returned 0; elapsed 0.022Total elapsed time: 1.839 sec.
@I [HLS-100] Command 'ap_source' returned 0; elapsed 0.15Total elapsed time: 1.839 sec.
@I [HLS-100] Command "source C:/Xilinx/Vivado_HLS/2014.1/common/technology/xilinx/common/dsp48.gen "
@I [HLS-100] Command 'ap_source' returned 0; elapsed 0Total elapsed time: 1.840 sec.
@I [HLS-100] Command 'ap_source' returned 0; elapsed 0.152Total elapsed time: 1.840 sec.
@I [HLS-100] Command 'ap_source' returned 0; elapsed 0.152Total elapsed time: 1.840 sec.
@I [HLS-100] Command "source C:/Xilinx/Vivado_HLS/2014.1/common/technology/xilinx/zynq/zynq_fpv6.gen "
@I [HLS-100] Command "source C:/Xilinx/Vivado_HLS/2014.1/common/technology/xilinx/common/xilinx_fpv6.gen "
@I [HLS-100] Command 'ap_source' returned 0; elapsed 0.001Total elapsed time: 1.841 sec.
@I [HLS-100] Command 'ap_source' returned 0; elapsed 0.001Total elapsed time: 1.841 sec.
@I [HLS-100] Command "source C:/Users/Ali/Documents/Research/HLS_IP_PY/reset_axi/reset_axi/solution1/.autopilot/db/reset_axi.compgen.tcl "
@I [HLS-100] Command 'ap_source' returned 0; elapsed 0Total elapsed time: 1.864 sec.
@I [HLS-100] Command "source C:/Users/Ali/Documents/Research/HLS_IP_PY/reset_axi/reset_axi/solution1/.autopilot/db/reset_axi.compgen.tcl "
@I [HLS-100] Command "source C:/Users/Ali/Documents/Research/HLS_IP_PY/reset_axi/reset_axi/solution1/.autopilot/db/reset_axi.rtl_wrap.cfg.tcl "
@I [HLS-100] Command 'ap_source' returned 0; elapsed 0.001Total elapsed time: 1.873 sec.
@I [HLS-100] Command "source C:/Users/Ali/Documents/Research/HLS_IP_PY/reset_axi/reset_axi/solution1/.autopilot/db/reset_axi.rtl_wrap.cfg.tcl "
@I [HLS-100] Command 'ap_source' returned 0; elapsed 0.001Total elapsed time: 1.874 sec.
@I [HLS-100] Command "source C:/Users/Ali/Documents/Research/HLS_IP_PY/reset_axi/reset_axi/solution1/.autopilot/db/reset_axi.tbgen.tcl "
@I [HLS-100] Command 'ap_source' returned 0; elapsed 0Total elapsed time: 1.874 sec.
@I [HLS-100] Command "source C:/Users/Ali/Documents/Research/HLS_IP_PY/reset_axi/reset_axi/solution1/.autopilot/db/reset_axi.tbgen.tcl "
@I [HLS-100] Command 'ap_source' returned 0; elapsed 0.001Total elapsed time: 1.875 sec.
@I [HLS-100] Command 'ap_source' returned 0; elapsed 0.035Total elapsed time: 1.906 sec.
@I [HLS-100] Command "source C:/Users/Ali/Documents/Research/HLS_IP_PY/reset_axi/reset_axi/solution1/.autopilot/db/reset_axi.compgen.tcl "
@I [HLS-100] Command 'ap_source' returned 0; elapsed 0Total elapsed time: 1.935 sec.
@I [HLS-100] Command "source C:/Users/Ali/Documents/Research/HLS_IP_PY/reset_axi/reset_axi/solution1/impl/.pcores/verilog/AXI4LiteS.slave.tcl "
@I [HLS-100] Command 'ap_source' returned 0; elapsed 0Total elapsed time: 1.968 sec.
@I [HLS-100] Command "source C:/Users/Ali/Documents/Research/HLS_IP_PY/reset_axi/reset_axi/solution1/.autopilot/db/global.setting.tcl "
@I [HLS-100] Command 'ap_source' returned 0; elapsed 0.001Total elapsed time: 2.14 sec.
@I [HLS-100] Command "source C:/Users/Ali/Documents/Research/HLS_IP_PY/reset_axi/reset_axi/solution1/.autopilot/db/reset_axi.constraint.tcl "
@I [HLS-100] Command 'ap_source' returned 0; elapsed 0.001Total elapsed time: 2.19 sec.
@I [HLS-100] Command "source C:/Users/Ali/Documents/Research/HLS_IP_PY/reset_axi/reset_axi/solution1/.autopilot/db/reset_axi.rtl_wrap.cfg.tcl "
@I [HLS-100] Command 'ap_source' returned 0; elapsed 0.001Total elapsed time: 2.61 sec.
@I [HLS-100] Command "source C:/Users/Ali/Documents/Research/HLS_IP_PY/reset_axi/reset_axi/solution1/.autopilot/db/reset_axi.rtl_wrap.cfg.tcl "
@I [HLS-100] Command 'ap_source' returned 0; elapsed 0Total elapsed time: 2.61 sec.
@I [HLS-100] Command "source C:/Users/Ali/Documents/Research/HLS_IP_PY/reset_axi/reset_axi/solution1/.autopilot/db/reset_axi.tbgen.tcl "
@I [HLS-100] Command 'ap_source' returned 0; elapsed 0.001Total elapsed time: 2.62 sec.
@I [HLS-100] Command "source C:/Users/Ali/Documents/Research/HLS_IP_PY/reset_axi/reset_axi/solution1/.autopilot/db/reset_axi.tbgen.tcl "
@I [HLS-100] Command 'ap_source' returned 0; elapsed 0Total elapsed time: 2.62 sec.
@I [HLS-100] Command "source C:/Users/Ali/Documents/Research/HLS_IP_PY/reset_axi/reset_axi/solution1/.autopilot/db/global.setting.tcl "
@I [HLS-100] Command 'ap_source' returned 0; elapsed 0.001Total elapsed time: 2.108 sec.
@I [HLS-100] Command "source C:/Users/Ali/Documents/Research/HLS_IP_PY/reset_axi/reset_axi/solution1/.autopilot/db/global.setting.tcl "
@I [HLS-100] Command 'ap_source' returned 0; elapsed 0Total elapsed time: 2.124 sec.
@I [HLS-100] Command "source C:/Users/Ali/Documents/Research/HLS_IP_PY/reset_axi/reset_axi/solution1/.autopilot/db/reset_axi.constraint.tcl "
@I [HLS-100] Command 'ap_source' returned 0; elapsed 0Total elapsed time: 2.127 sec.
@I [HLS-100] Command "source C:/Users/Ali/Documents/Research/HLS_IP_PY/reset_axi/reset_axi/solution1/.autopilot/db/reset_axi.constraint.tcl "
@I [HLS-100] Command 'ap_source' returned 0; elapsed 0.045Total elapsed time: 2.173 sec.
@I [HLS-100] Command "source C:/Xilinx/Vivado_HLS/2014.1/common/technology/generic/autopilot/common.gen "
@I [HLS-100] Command "source C:/Xilinx/Vivado_HLS/2014.1/common/technology/generic/autopilot/APCoreGen.gen "
@I [HLS-100] Command 'ap_source' returned 0; elapsed 0.001Total elapsed time: 2.196 sec.
@I [HLS-100] Command 'ap_source' returned 0; elapsed 0.001Total elapsed time: 2.196 sec.
@I [HLS-100] Command "source C:/Xilinx/Vivado_HLS/2014.1/common/technology/generic/autopilot/op.gen "
@I [HLS-100] Command 'ap_source' returned 0; elapsed 0Total elapsed time: 2.196 sec.
@I [HLS-100] Command "source C:/Xilinx/Vivado_HLS/2014.1/common/technology/generic/autopilot/op_simcore.gen "
@I [HLS-100] Command 'ap_source' returned 0; elapsed 0.002Total elapsed time: 2.198 sec.
@I [HLS-100] Command "source C:/Xilinx/Vivado_HLS/2014.1/common/technology/generic/autopilot/interface.gen "
@I [HLS-100] Command 'ap_source' returned 0; elapsed 0Total elapsed time: 2.198 sec.
@I [HLS-100] Command "source C:/Users/Ali/Documents/Research/HLS_IP_PY/reset_axi/reset_axi/solution1/.autopilot/db/global.setting.tcl "
@I [HLS-100] Command 'ap_source' returned 0; elapsed 0Total elapsed time: 2.198 sec.
@I [HLS-100] Command "source C:/Xilinx/Vivado_HLS/2014.1/common/technology/xilinx/zynq/zynq.gen "
@I [HLS-100] Command "source C:/Xilinx/Vivado_HLS/2014.1/common/technology/xilinx/common/virtex.gen "
@I [HLS-100] Command "source C:/Xilinx/Vivado_HLS/2014.1/common/technology/xilinx/common/xilinx.gen "
@I [HLS-100] Command "source C:/Xilinx/Vivado_HLS/2014.1/common/technology/xilinx/interface/plb46.gen "
@I [HLS-100] Command 'ap_source' returned 0; elapsed 0.001Total elapsed time: 2.200 sec.
@I [HLS-100] Command "source C:/Xilinx/Vivado_HLS/2014.1/common/technology/xilinx/interface/fsl.gen "
@I [HLS-100] Command 'ap_source' returned 0; elapsed 0Total elapsed time: 2.200 sec.
@I [HLS-100] Command "source C:/Xilinx/Vivado_HLS/2014.1/common/technology/xilinx/interface/axi4.gen "
@I [HLS-100] Command 'ap_source' returned 0; elapsed 0.002Total elapsed time: 2.202 sec.
@I [HLS-100] Command "source C:/Xilinx/Vivado_HLS/2014.1/common/technology/xilinx/interface/nativeAXI4.gen "
@I [HLS-100] Command "source C:/Xilinx/Vivado_HLS/2014.1/common/technology/xilinx/interface/saxilite.gen "
@I [HLS-100] Command 'ap_source' returned 0; elapsed 0.002Total elapsed time: 2.205 sec.
@I [HLS-100] Command "source C:/Xilinx/Vivado_HLS/2014.1/common/technology/xilinx/interface/maxi.gen "
@I [HLS-100] Command 'ap_source' returned 0; elapsed 0.002Total elapsed time: 2.207 sec.
@I [HLS-100] Command 'ap_source' returned 0; elapsed 0.005Total elapsed time: 2.207 sec.
@I [HLS-100] Command "source C:/Xilinx/Vivado_HLS/2014.1/common/technology/xilinx/scripts/xilinxcoregen.gen "
@I [HLS-100] Command 'ap_source' returned 0; elapsed 0.007Total elapsed time: 2.214 sec.
@I [HLS-100] Command "source C:/Xilinx/Vivado_HLS/2014.1/common/technology/xilinx/interface/XilEDKCoreGen.gen "
@I [HLS-100] Command 'ap_source' returned 0; elapsed 0.009Total elapsed time: 2.223 sec.
@I [HLS-100] Command "source C:/Xilinx/Vivado_HLS/2014.1/common/technology/xilinx/ip/util.gen "
@I [HLS-100] Command 'ap_source' returned 0; elapsed 0.001Total elapsed time: 2.224 sec.
@I [HLS-100] Command "source C:/Xilinx/Vivado_HLS/2014.1/common/technology/xilinx/ip/xfft.gen "
@I [HLS-100] Command 'ap_source' returned 0; elapsed 0.11Total elapsed time: 2.334 sec.
@I [HLS-100] Command "source C:/Xilinx/Vivado_HLS/2014.1/common/technology/xilinx/ip/xfir.gen "
@I [HLS-100] Command 'ap_source' returned 0; elapsed 0.027Total elapsed time: 2.361 sec.
@I [HLS-100] Command 'ap_source' returned 0; elapsed 0.162Total elapsed time: 2.361 sec.
@I [HLS-100] Command "source C:/Xilinx/Vivado_HLS/2014.1/common/technology/xilinx/common/dsp48.gen "
@I [HLS-100] Command 'ap_source' returned 0; elapsed 0Total elapsed time: 2.362 sec.
@I [HLS-100] Command 'ap_source' returned 0; elapsed 0.164Total elapsed time: 2.362 sec.
@I [HLS-100] Command 'ap_source' returned 0; elapsed 0.164Total elapsed time: 2.362 sec.
@I [HLS-100] Command "source C:/Xilinx/Vivado_HLS/2014.1/common/technology/xilinx/zynq/zynq_fpv6.gen "
@I [HLS-100] Command "source C:/Xilinx/Vivado_HLS/2014.1/common/technology/xilinx/common/xilinx_fpv6.gen "
@I [HLS-100] Command 'ap_source' returned 0; elapsed 0.002Total elapsed time: 2.364 sec.
@I [HLS-100] Command 'ap_source' returned 0; elapsed 0.002Total elapsed time: 2.364 sec.
@I [HLS-100] Command "source C:/Users/Ali/Documents/Research/HLS_IP_PY/reset_axi/reset_axi/solution1/.autopilot/db/global.setting.tcl "
@I [HLS-100] Command 'ap_source' returned 0; elapsed 0.001Total elapsed time: 5.935 sec.
@I [HLS-100] Command "source C:/Xilinx/Vivado_HLS/2014.1/common/technology/generic/autopilot/common.gen "
@I [HLS-100] Command "source C:/Xilinx/Vivado_HLS/2014.1/common/technology/generic/autopilot/APCoreGen.gen "
@I [HLS-100] Command 'ap_source' returned 0; elapsed 0.001Total elapsed time: 5.941 sec.
@I [HLS-100] Command 'ap_source' returned 0; elapsed 0.001Total elapsed time: 5.941 sec.
@I [HLS-100] Command "source C:/Xilinx/Vivado_HLS/2014.1/common/technology/generic/autopilot/op.gen "
@I [HLS-100] Command 'ap_source' returned 0; elapsed 0.001Total elapsed time: 5.942 sec.
@I [HLS-100] Command "source C:/Xilinx/Vivado_HLS/2014.1/common/technology/generic/autopilot/op_simcore.gen "
@I [HLS-100] Command 'ap_source' returned 0; elapsed 0.001Total elapsed time: 5.943 sec.
@I [HLS-100] Command "source C:/Xilinx/Vivado_HLS/2014.1/common/technology/generic/autopilot/interface.gen "
@I [HLS-100] Command 'ap_source' returned 0; elapsed 0Total elapsed time: 5.943 sec.
@I [HLS-100] Command "source C:/Users/Ali/Documents/Research/HLS_IP_PY/reset_axi/reset_axi/solution1/.autopilot/db/global.setting.tcl "
@I [HLS-100] Command 'ap_source' returned 0; elapsed 0Total elapsed time: 5.943 sec.
@I [HLS-100] Command "source C:/Xilinx/Vivado_HLS/2014.1/common/technology/xilinx/zynq/zynq.gen "
@I [HLS-100] Command "source C:/Xilinx/Vivado_HLS/2014.1/common/technology/xilinx/common/virtex.gen "
@I [HLS-100] Command "source C:/Xilinx/Vivado_HLS/2014.1/common/technology/xilinx/common/xilinx.gen "
@I [HLS-100] Command "source C:/Xilinx/Vivado_HLS/2014.1/common/technology/xilinx/interface/plb46.gen "
@I [HLS-100] Command 'ap_source' returned 0; elapsed 0.001Total elapsed time: 5.945 sec.
@I [HLS-100] Command "source C:/Xilinx/Vivado_HLS/2014.1/common/technology/xilinx/interface/fsl.gen "
@I [HLS-100] Command 'ap_source' returned 0; elapsed 0.001Total elapsed time: 5.946 sec.
@I [HLS-100] Command "source C:/Xilinx/Vivado_HLS/2014.1/common/technology/xilinx/interface/axi4.gen "
@I [HLS-100] Command 'ap_source' returned 0; elapsed 0.002Total elapsed time: 5.948 sec.
@I [HLS-100] Command "source C:/Xilinx/Vivado_HLS/2014.1/common/technology/xilinx/interface/nativeAXI4.gen "
@I [HLS-100] Command "source C:/Xilinx/Vivado_HLS/2014.1/common/technology/xilinx/interface/saxilite.gen "
@I [HLS-100] Command 'ap_source' returned 0; elapsed 0.002Total elapsed time: 5.950 sec.
@I [HLS-100] Command "source C:/Xilinx/Vivado_HLS/2014.1/common/technology/xilinx/interface/maxi.gen "
@I [HLS-100] Command 'ap_source' returned 0; elapsed 0.002Total elapsed time: 5.952 sec.
@I [HLS-100] Command 'ap_source' returned 0; elapsed 0.004Total elapsed time: 5.952 sec.
@I [HLS-100] Command "source C:/Xilinx/Vivado_HLS/2014.1/common/technology/xilinx/scripts/xilinxcoregen.gen "
@I [HLS-100] Command 'ap_source' returned 0; elapsed 0.007Total elapsed time: 5.959 sec.
@I [HLS-100] Command "source C:/Xilinx/Vivado_HLS/2014.1/common/technology/xilinx/interface/XilEDKCoreGen.gen "
@I [HLS-100] Command 'ap_source' returned 0; elapsed 0.007Total elapsed time: 5.966 sec.
@I [HLS-100] Command "source C:/Xilinx/Vivado_HLS/2014.1/common/technology/xilinx/ip/util.gen "
@I [HLS-100] Command 'ap_source' returned 0; elapsed 0Total elapsed time: 5.967 sec.
@I [HLS-100] Command "source C:/Xilinx/Vivado_HLS/2014.1/common/technology/xilinx/ip/xfft.gen "
@I [HLS-100] Command 'ap_source' returned 0; elapsed 0.086Total elapsed time: 6.53 sec.
@I [HLS-100] Command "source C:/Xilinx/Vivado_HLS/2014.1/common/technology/xilinx/ip/xfir.gen "
@I [HLS-100] Command 'ap_source' returned 0; elapsed 0.022Total elapsed time: 6.75 sec.
@I [HLS-100] Command 'ap_source' returned 0; elapsed 0.131Total elapsed time: 6.75 sec.
@I [HLS-100] Command "source C:/Xilinx/Vivado_HLS/2014.1/common/technology/xilinx/common/dsp48.gen "
@I [HLS-100] Command 'ap_source' returned 0; elapsed 0Total elapsed time: 6.76 sec.
@I [HLS-100] Command 'ap_source' returned 0; elapsed 0.133Total elapsed time: 6.76 sec.
@I [HLS-100] Command 'ap_source' returned 0; elapsed 0.133Total elapsed time: 6.76 sec.
@I [HLS-100] Command "source C:/Xilinx/Vivado_HLS/2014.1/common/technology/xilinx/zynq/zynq_fpv6.gen "
@I [HLS-100] Command "source C:/Xilinx/Vivado_HLS/2014.1/common/technology/xilinx/common/xilinx_fpv6.gen "
@I [HLS-100] Command 'ap_source' returned 0; elapsed 0.002Total elapsed time: 6.78 sec.
@I [HLS-100] Command 'ap_source' returned 0; elapsed 0.002Total elapsed time: 6.78 sec.
@I [HLS-100] Command "source C:/Users/Ali/Documents/Research/HLS_IP_PY/reset_axi/reset_axi/solution1/.autopilot/db/global.setting.tcl "
@I [HLS-100] Command 'ap_source' returned 0; elapsed 0.001Total elapsed time: 6.114 sec.
@I [HLS-100] Command "source C:/Users/Ali/Documents/Research/HLS_IP_PY/reset_axi/reset_axi/solution1/.autopilot/db/global.setting.tcl "
@I [HLS-100] Command 'ap_source' returned 0; elapsed 0Total elapsed time: 6.116 sec.
@I [HLS-100] Command "source C:/Users/Ali/Documents/Research/HLS_IP_PY/reset_axi/reset_axi/solution1/.autopilot/db/global.setting.tcl "
@I [HLS-100] Command 'ap_source' returned 0; elapsed 0.001Total elapsed time: 6.122 sec.
@I [HLS-100] Command "source C:/Xilinx/Vivado_HLS/2014.1/common/technology/generic/autopilot/common.gen "
@I [HLS-100] Command "source C:/Xilinx/Vivado_HLS/2014.1/common/technology/generic/autopilot/APCoreGen.gen "
@I [HLS-100] Command 'ap_source' returned 0; elapsed 0.001Total elapsed time: 6.123 sec.
@I [HLS-100] Command 'ap_source' returned 0; elapsed 0.001Total elapsed time: 6.123 sec.
@I [HLS-100] Command "source C:/Xilinx/Vivado_HLS/2014.1/common/technology/generic/autopilot/op.gen "
@I [HLS-100] Command 'ap_source' returned 0; elapsed 0.001Total elapsed time: 6.124 sec.
@I [HLS-100] Command "source C:/Xilinx/Vivado_HLS/2014.1/common/technology/generic/autopilot/op_simcore.gen "
@I [HLS-100] Command 'ap_source' returned 0; elapsed 0.001Total elapsed time: 6.125 sec.
@I [HLS-100] Command "source C:/Xilinx/Vivado_HLS/2014.1/common/technology/generic/autopilot/interface.gen "
@I [HLS-100] Command 'ap_source' returned 0; elapsed 0Total elapsed time: 6.125 sec.
@I [HLS-100] Command "source C:/Users/Ali/Documents/Research/HLS_IP_PY/reset_axi/reset_axi/solution1/.autopilot/db/global.setting.tcl "
@I [HLS-100] Command 'ap_source' returned 0; elapsed 0Total elapsed time: 6.125 sec.
@I [HLS-100] Command "source C:/Xilinx/Vivado_HLS/2014.1/common/technology/xilinx/zynq/zynq.gen "
@I [HLS-100] Command "source C:/Xilinx/Vivado_HLS/2014.1/common/technology/xilinx/common/virtex.gen "
@I [HLS-100] Command "source C:/Xilinx/Vivado_HLS/2014.1/common/technology/xilinx/common/xilinx.gen "
@I [HLS-100] Command "source C:/Xilinx/Vivado_HLS/2014.1/common/technology/xilinx/interface/plb46.gen "
@I [HLS-100] Command 'ap_source' returned 0; elapsed 0.001Total elapsed time: 6.127 sec.
@I [HLS-100] Command "source C:/Xilinx/Vivado_HLS/2014.1/common/technology/xilinx/interface/fsl.gen "
@I [HLS-100] Command 'ap_source' returned 0; elapsed 0.001Total elapsed time: 6.128 sec.
@I [HLS-100] Command "source C:/Xilinx/Vivado_HLS/2014.1/common/technology/xilinx/interface/axi4.gen "
@I [HLS-100] Command 'ap_source' returned 0; elapsed 0.002Total elapsed time: 6.130 sec.
@I [HLS-100] Command "source C:/Xilinx/Vivado_HLS/2014.1/common/technology/xilinx/interface/nativeAXI4.gen "
@I [HLS-100] Command "source C:/Xilinx/Vivado_HLS/2014.1/common/technology/xilinx/interface/saxilite.gen "
@I [HLS-100] Command 'ap_source' returned 0; elapsed 0.002Total elapsed time: 6.132 sec.
@I [HLS-100] Command "source C:/Xilinx/Vivado_HLS/2014.1/common/technology/xilinx/interface/maxi.gen "
@I [HLS-100] Command 'ap_source' returned 0; elapsed 0.003Total elapsed time: 6.135 sec.
@I [HLS-100] Command 'ap_source' returned 0; elapsed 0.005Total elapsed time: 6.135 sec.
@I [HLS-100] Command "source C:/Xilinx/Vivado_HLS/2014.1/common/technology/xilinx/scripts/xilinxcoregen.gen "
@I [HLS-100] Command 'ap_source' returned 0; elapsed 0.006Total elapsed time: 6.141 sec.
@I [HLS-100] Command "source C:/Xilinx/Vivado_HLS/2014.1/common/technology/xilinx/interface/XilEDKCoreGen.gen "
@I [HLS-100] Command 'ap_source' returned 0; elapsed 0.008Total elapsed time: 6.149 sec.
@I [HLS-100] Command "source C:/Xilinx/Vivado_HLS/2014.1/common/technology/xilinx/ip/util.gen "
@I [HLS-100] Command 'ap_source' returned 0; elapsed 0Total elapsed time: 6.149 sec.
@I [HLS-100] Command "source C:/Xilinx/Vivado_HLS/2014.1/common/technology/xilinx/ip/xfft.gen "
@I [HLS-100] Command 'ap_source' returned 0; elapsed 0.091Total elapsed time: 6.240 sec.
@I [HLS-100] Command "source C:/Xilinx/Vivado_HLS/2014.1/common/technology/xilinx/ip/xfir.gen "
@I [HLS-100] Command 'ap_source' returned 0; elapsed 0.024Total elapsed time: 6.264 sec.
@I [HLS-100] Command 'ap_source' returned 0; elapsed 0.138Total elapsed time: 6.264 sec.
@I [HLS-100] Command "source C:/Xilinx/Vivado_HLS/2014.1/common/technology/xilinx/common/dsp48.gen "
@I [HLS-100] Command 'ap_source' returned 0; elapsed 0Total elapsed time: 6.265 sec.
@I [HLS-100] Command 'ap_source' returned 0; elapsed 0.14Total elapsed time: 6.265 sec.
@I [HLS-100] Command 'ap_source' returned 0; elapsed 0.14Total elapsed time: 6.265 sec.
@I [HLS-100] Command "source C:/Xilinx/Vivado_HLS/2014.1/common/technology/xilinx/zynq/zynq_fpv6.gen "
@I [HLS-100] Command "source C:/Xilinx/Vivado_HLS/2014.1/common/technology/xilinx/common/xilinx_fpv6.gen "
@I [HLS-100] Command 'ap_source' returned 0; elapsed 0.001Total elapsed time: 6.267 sec.
@I [HLS-100] Command 'ap_source' returned 0; elapsed 0.002Total elapsed time: 6.267 sec.
@I [HLS-100] Command "source C:/Users/Ali/Documents/Research/HLS_IP_PY/reset_axi/reset_axi/solution1/.autopilot/db/reset_axi.compgen.tcl "
@I [HLS-100] Command 'ap_source' returned 0; elapsed 0.001Total elapsed time: 6.292 sec.
@I [HLS-100] Command "source C:/Users/Ali/Documents/Research/HLS_IP_PY/reset_axi/reset_axi/solution1/.autopilot/db/global.setting.tcl "
@I [HLS-100] Command 'ap_source' returned 0; elapsed 0Total elapsed time: 6.317 sec.
@I [HLS-100] Command "source C:/Users/Ali/Documents/Research/HLS_IP_PY/reset_axi/reset_axi/solution1/.autopilot/db/reset_axi.constraint.tcl "
@I [HLS-100] Command 'ap_source' returned 0; elapsed 0.001Total elapsed time: 6.320 sec.
@I [HLS-100] Command "source C:/Xilinx/Vivado_HLS/2014.1/common/technology/generic/autopilot/common.gen "
@I [HLS-100] Command "source C:/Xilinx/Vivado_HLS/2014.1/common/technology/generic/autopilot/APCoreGen.gen "
@I [HLS-100] Command 'ap_source' returned 0; elapsed 0.001Total elapsed time: 6.326 sec.
@I [HLS-100] Command 'ap_source' returned 0; elapsed 0.001Total elapsed time: 6.326 sec.
@I [HLS-100] Command "source C:/Xilinx/Vivado_HLS/2014.1/common/technology/generic/autopilot/op.gen "
@I [HLS-100] Command 'ap_source' returned 0; elapsed 0Total elapsed time: 6.327 sec.
@I [HLS-100] Command "source C:/Xilinx/Vivado_HLS/2014.1/common/technology/generic/autopilot/op_simcore.gen "
@I [HLS-100] Command 'ap_source' returned 0; elapsed 0.001Total elapsed time: 6.328 sec.
@I [HLS-100] Command "source C:/Xilinx/Vivado_HLS/2014.1/common/technology/generic/autopilot/interface.gen "
@I [HLS-100] Command 'ap_source' returned 0; elapsed 0Total elapsed time: 6.328 sec.
@I [HLS-100] Command "source C:/Users/Ali/Documents/Research/HLS_IP_PY/reset_axi/reset_axi/solution1/.autopilot/db/global.setting.tcl "
@I [HLS-100] Command 'ap_source' returned 0; elapsed 0.001Total elapsed time: 6.329 sec.
@I [HLS-100] Command "source C:/Xilinx/Vivado_HLS/2014.1/common/technology/xilinx/zynq/zynq.gen "
@I [HLS-100] Command "source C:/Xilinx/Vivado_HLS/2014.1/common/technology/xilinx/common/virtex.gen "
@I [HLS-100] Command "source C:/Xilinx/Vivado_HLS/2014.1/common/technology/xilinx/common/xilinx.gen "
@I [HLS-100] Command "source C:/Xilinx/Vivado_HLS/2014.1/common/technology/xilinx/interface/plb46.gen "
@I [HLS-100] Command 'ap_source' returned 0; elapsed 0.001Total elapsed time: 6.331 sec.
@I [HLS-100] Command "source C:/Xilinx/Vivado_HLS/2014.1/common/technology/xilinx/interface/fsl.gen "
@I [HLS-100] Command 'ap_source' returned 0; elapsed 0Total elapsed time: 6.331 sec.
@I [HLS-100] Command "source C:/Xilinx/Vivado_HLS/2014.1/common/technology/xilinx/interface/axi4.gen "
@I [HLS-100] Command 'ap_source' returned 0; elapsed 0.002Total elapsed time: 6.333 sec.
@I [HLS-100] Command "source C:/Xilinx/Vivado_HLS/2014.1/common/technology/xilinx/interface/nativeAXI4.gen "
@I [HLS-100] Command "source C:/Xilinx/Vivado_HLS/2014.1/common/technology/xilinx/interface/saxilite.gen "
@I [HLS-100] Command 'ap_source' returned 0; elapsed 0.002Total elapsed time: 6.335 sec.
@I [HLS-100] Command "source C:/Xilinx/Vivado_HLS/2014.1/common/technology/xilinx/interface/maxi.gen "
@I [HLS-100] Command 'ap_source' returned 0; elapsed 0.003Total elapsed time: 6.338 sec.
@I [HLS-100] Command 'ap_source' returned 0; elapsed 0.005Total elapsed time: 6.338 sec.
@I [HLS-100] Command "source C:/Xilinx/Vivado_HLS/2014.1/common/technology/xilinx/scripts/xilinxcoregen.gen "
@I [HLS-100] Command 'ap_source' returned 0; elapsed 0.007Total elapsed time: 6.345 sec.
@I [HLS-100] Command "source C:/Xilinx/Vivado_HLS/2014.1/common/technology/xilinx/interface/XilEDKCoreGen.gen "
@I [HLS-100] Command 'ap_source' returned 0; elapsed 0.008Total elapsed time: 6.353 sec.
@I [HLS-100] Command "source C:/Xilinx/Vivado_HLS/2014.1/common/technology/xilinx/ip/util.gen "
@I [HLS-100] Command 'ap_source' returned 0; elapsed 0.001Total elapsed time: 6.354 sec.
@I [HLS-100] Command "source C:/Xilinx/Vivado_HLS/2014.1/common/technology/xilinx/ip/xfft.gen "
@I [HLS-100] Command 'ap_source' returned 0; elapsed 0.089Total elapsed time: 6.443 sec.
@I [HLS-100] Command "source C:/Xilinx/Vivado_HLS/2014.1/common/technology/xilinx/ip/xfir.gen "
@I [HLS-100] Command 'ap_source' returned 0; elapsed 0.023Total elapsed time: 6.466 sec.
@I [HLS-100] Command 'ap_source' returned 0; elapsed 0.136Total elapsed time: 6.466 sec.
@I [HLS-100] Command "source C:/Xilinx/Vivado_HLS/2014.1/common/technology/xilinx/common/dsp48.gen "
@I [HLS-100] Command 'ap_source' returned 0; elapsed 0Total elapsed time: 6.467 sec.
@I [HLS-100] Command 'ap_source' returned 0; elapsed 0.138Total elapsed time: 6.467 sec.
@I [HLS-100] Command 'ap_source' returned 0; elapsed 0.138Total elapsed time: 6.467 sec.
@I [HLS-100] Command "source C:/Xilinx/Vivado_HLS/2014.1/common/technology/xilinx/zynq/zynq_fpv6.gen "
@I [HLS-100] Command "source C:/Xilinx/Vivado_HLS/2014.1/common/technology/xilinx/common/xilinx_fpv6.gen "
@I [HLS-100] Command 'ap_source' returned 0; elapsed 0.001Total elapsed time: 6.468 sec.
@I [HLS-100] Command 'ap_source' returned 0; elapsed 0.001Total elapsed time: 6.468 sec.
@I [HLS-100] Command "source C:/Users/Ali/Documents/Research/HLS_IP_PY/reset_axi/reset_axi/solution1/.autopilot/db/global.setting.tcl "
@I [HLS-100] Command 'ap_source' returned 0; elapsed 0.001Total elapsed time: 8.853 sec.
@I [HLS-100] Command "source C:/Xilinx/Vivado_HLS/2014.1/common/technology/generic/autopilot/common.gen "
@I [HLS-100] Command "source C:/Xilinx/Vivado_HLS/2014.1/common/technology/generic/autopilot/APCoreGen.gen "
@I [HLS-100] Command 'ap_source' returned 0; elapsed 0Total elapsed time: 8.856 sec.
@I [HLS-100] Command 'ap_source' returned 0; elapsed 0.001Total elapsed time: 8.857 sec.
@I [HLS-100] Command "source C:/Xilinx/Vivado_HLS/2014.1/common/technology/generic/autopilot/op.gen "
@I [HLS-100] Command 'ap_source' returned 0; elapsed 0Total elapsed time: 8.857 sec.
@I [HLS-100] Command "source C:/Xilinx/Vivado_HLS/2014.1/common/technology/generic/autopilot/op_simcore.gen "
@I [HLS-100] Command 'ap_source' returned 0; elapsed 0.001Total elapsed time: 8.858 sec.
@I [HLS-100] Command "source C:/Xilinx/Vivado_HLS/2014.1/common/technology/generic/autopilot/interface.gen "
@I [HLS-100] Command 'ap_source' returned 0; elapsed 0Total elapsed time: 8.858 sec.
@I [HLS-100] Command "source C:/Users/Ali/Documents/Research/HLS_IP_PY/reset_axi/reset_axi/solution1/.autopilot/db/global.setting.tcl "
@I [HLS-100] Command 'ap_source' returned 0; elapsed 0.045Total elapsed time: 8.903 sec.
@I [HLS-100] Command "source C:/Xilinx/Vivado_HLS/2014.1/common/technology/xilinx/zynq/zynq.gen "
@I [HLS-100] Command "source C:/Xilinx/Vivado_HLS/2014.1/common/technology/xilinx/common/virtex.gen "
@I [HLS-100] Command "source C:/Xilinx/Vivado_HLS/2014.1/common/technology/xilinx/common/xilinx.gen "
@I [HLS-100] Command "source C:/Xilinx/Vivado_HLS/2014.1/common/technology/xilinx/interface/plb46.gen "
@I [HLS-100] Command 'ap_source' returned 0; elapsed 0.003Total elapsed time: 8.908 sec.
@I [HLS-100] Command "source C:/Xilinx/Vivado_HLS/2014.1/common/technology/xilinx/interface/fsl.gen "
@I [HLS-100] Command 'ap_source' returned 0; elapsed 0.001Total elapsed time: 8.909 sec.
@I [HLS-100] Command "source C:/Xilinx/Vivado_HLS/2014.1/common/technology/xilinx/interface/axi4.gen "
@I [HLS-100] Command 'ap_source' returned 0; elapsed 0.005Total elapsed time: 8.914 sec.
@I [HLS-100] Command "source C:/Xilinx/Vivado_HLS/2014.1/common/technology/xilinx/interface/nativeAXI4.gen "
@I [HLS-100] Command "source C:/Xilinx/Vivado_HLS/2014.1/common/technology/xilinx/interface/saxilite.gen "
@I [HLS-100] Command 'ap_source' returned 0; elapsed 0.005Total elapsed time: 8.920 sec.
@I [HLS-100] Command "source C:/Xilinx/Vivado_HLS/2014.1/common/technology/xilinx/interface/maxi.gen "
@I [HLS-100] Command 'ap_source' returned 0; elapsed 0.007Total elapsed time: 8.927 sec.
@I [HLS-100] Command 'ap_source' returned 0; elapsed 0.013Total elapsed time: 8.927 sec.
@I [HLS-100] Command "source C:/Xilinx/Vivado_HLS/2014.1/common/technology/xilinx/scripts/xilinxcoregen.gen "
@I [HLS-100] Command 'ap_source' returned 0; elapsed 0.008Total elapsed time: 8.935 sec.
@I [HLS-100] Command "source C:/Xilinx/Vivado_HLS/2014.1/common/technology/xilinx/interface/XilEDKCoreGen.gen "
@I [HLS-100] Command 'ap_source' returned 0; elapsed 0.011Total elapsed time: 8.946 sec.
@I [HLS-100] Command "source C:/Xilinx/Vivado_HLS/2014.1/common/technology/xilinx/ip/util.gen "
@I [HLS-100] Command 'ap_source' returned 0; elapsed 0Total elapsed time: 8.946 sec.
@I [HLS-100] Command "source C:/Xilinx/Vivado_HLS/2014.1/common/technology/xilinx/ip/xfft.gen "
@I [HLS-100] Command 'ap_source' returned 0; elapsed 0.091Total elapsed time: 9.37 sec.
@I [HLS-100] Command "source C:/Xilinx/Vivado_HLS/2014.1/common/technology/xilinx/ip/xfir.gen "
@I [HLS-100] Command 'ap_source' returned 0; elapsed 0.022Total elapsed time: 9.59 sec.
@I [HLS-100] Command 'ap_source' returned 0; elapsed 0.154Total elapsed time: 9.59 sec.
@I [HLS-100] Command "source C:/Xilinx/Vivado_HLS/2014.1/common/technology/xilinx/common/dsp48.gen "
@I [HLS-100] Command 'ap_source' returned 0; elapsed 0.001Total elapsed time: 9.61 sec.
@I [HLS-100] Command 'ap_source' returned 0; elapsed 0.157Total elapsed time: 9.61 sec.
@I [HLS-100] Command 'ap_source' returned 0; elapsed 0.157Total elapsed time: 9.61 sec.
@I [HLS-100] Command "source C:/Xilinx/Vivado_HLS/2014.1/common/technology/xilinx/zynq/zynq_fpv6.gen "
@I [HLS-100] Command "source C:/Xilinx/Vivado_HLS/2014.1/common/technology/xilinx/common/xilinx_fpv6.gen "
@I [HLS-100] Command 'ap_source' returned 0; elapsed 0.001Total elapsed time: 9.62 sec.
@I [HLS-100] Command 'ap_source' returned 0; elapsed 0.001Total elapsed time: 9.62 sec.
@I [HLS-100] Command "source C:/Users/Ali/Documents/Research/HLS_IP_PY/reset_axi/reset_axi/solution1/.autopilot/db/global.setting.tcl "
@I [HLS-100] Command 'ap_source' returned 0; elapsed 0.001Total elapsed time: 9.63 sec.
@I [HLS-100] Command "source C:/Users/Ali/Documents/Research/HLS_IP_PY/reset_axi/reset_axi/solution1/.autopilot/db/global.setting.tcl "
@I [HLS-100] Command 'ap_source' returned 0; elapsed 0.001Total elapsed time: 9.79 sec.
@I [HLS-100] Command "source C:/Users/Ali/Documents/Research/HLS_IP_PY/reset_axi/reset_axi/solution1/.autopilot/db/global.setting.tcl "
@I [HLS-100] Command 'ap_source' returned 0; elapsed 0.001Total elapsed time: 9.83 sec.
@I [HLS-100] Command "source C:/Xilinx/Vivado_HLS/2014.1/common/technology/generic/autopilot/common.gen "
@I [HLS-100] Command "source C:/Xilinx/Vivado_HLS/2014.1/common/technology/generic/autopilot/APCoreGen.gen "
@I [HLS-100] Command 'ap_source' returned 0; elapsed 0Total elapsed time: 9.84 sec.
@I [HLS-100] Command 'ap_source' returned 0; elapsed 0.002Total elapsed time: 9.85 sec.
@I [HLS-100] Command "source C:/Xilinx/Vivado_HLS/2014.1/common/technology/generic/autopilot/op.gen "
@I [HLS-100] Command 'ap_source' returned 0; elapsed 0Total elapsed time: 9.85 sec.
@I [HLS-100] Command "source C:/Xilinx/Vivado_HLS/2014.1/common/technology/generic/autopilot/op_simcore.gen "
@I [HLS-100] Command 'ap_source' returned 0; elapsed 0.001Total elapsed time: 9.86 sec.
@I [HLS-100] Command "source C:/Xilinx/Vivado_HLS/2014.1/common/technology/generic/autopilot/interface.gen "
@I [HLS-100] Command 'ap_source' returned 0; elapsed 0Total elapsed time: 9.86 sec.
@I [HLS-100] Command "source C:/Users/Ali/Documents/Research/HLS_IP_PY/reset_axi/reset_axi/solution1/.autopilot/db/global.setting.tcl "
@I [HLS-100] Command 'ap_source' returned 0; elapsed 0.001Total elapsed time: 9.87 sec.
@I [HLS-100] Command "source C:/Xilinx/Vivado_HLS/2014.1/common/technology/xilinx/zynq/zynq.gen "
@I [HLS-100] Command "source C:/Xilinx/Vivado_HLS/2014.1/common/technology/xilinx/common/virtex.gen "
@I [HLS-100] Command "source C:/Xilinx/Vivado_HLS/2014.1/common/technology/xilinx/common/xilinx.gen "
@I [HLS-100] Command "source C:/Xilinx/Vivado_HLS/2014.1/common/technology/xilinx/interface/plb46.gen "
@I [HLS-100] Command 'ap_source' returned 0; elapsed 0.001Total elapsed time: 9.88 sec.
@I [HLS-100] Command "source C:/Xilinx/Vivado_HLS/2014.1/common/technology/xilinx/interface/fsl.gen "
@I [HLS-100] Command 'ap_source' returned 0; elapsed 0.001Total elapsed time: 9.89 sec.
@I [HLS-100] Command "source C:/Xilinx/Vivado_HLS/2014.1/common/technology/xilinx/interface/axi4.gen "
@I [HLS-100] Command 'ap_source' returned 0; elapsed 0.002Total elapsed time: 9.91 sec.
@I [HLS-100] Command "source C:/Xilinx/Vivado_HLS/2014.1/common/technology/xilinx/interface/nativeAXI4.gen "
@I [HLS-100] Command "source C:/Xilinx/Vivado_HLS/2014.1/common/technology/xilinx/interface/saxilite.gen "
@I [HLS-100] Command 'ap_source' returned 0; elapsed 0.002Total elapsed time: 9.93 sec.
@I [HLS-100] Command "source C:/Xilinx/Vivado_HLS/2014.1/common/technology/xilinx/interface/maxi.gen "
@I [HLS-100] Command 'ap_source' returned 0; elapsed 0.003Total elapsed time: 9.96 sec.
@I [HLS-100] Command 'ap_source' returned 0; elapsed 0.005Total elapsed time: 9.96 sec.
@I [HLS-100] Command "source C:/Xilinx/Vivado_HLS/2014.1/common/technology/xilinx/scripts/xilinxcoregen.gen "
@I [HLS-100] Command 'ap_source' returned 0; elapsed 0.006Total elapsed time: 9.102 sec.
@I [HLS-100] Command "source C:/Xilinx/Vivado_HLS/2014.1/common/technology/xilinx/interface/XilEDKCoreGen.gen "
@I [HLS-100] Command 'ap_source' returned 0; elapsed 0.008Total elapsed time: 9.110 sec.
@I [HLS-100] Command "source C:/Xilinx/Vivado_HLS/2014.1/common/technology/xilinx/ip/util.gen "
@I [HLS-100] Command 'ap_source' returned 0; elapsed 0Total elapsed time: 9.110 sec.
@I [HLS-100] Command "source C:/Xilinx/Vivado_HLS/2014.1/common/technology/xilinx/ip/xfft.gen "
@I [HLS-100] Command 'ap_source' returned 0; elapsed 0.088Total elapsed time: 9.198 sec.
@I [HLS-100] Command "source C:/Xilinx/Vivado_HLS/2014.1/common/technology/xilinx/ip/xfir.gen "
@I [HLS-100] Command 'ap_source' returned 0; elapsed 0.023Total elapsed time: 9.221 sec.
@I [HLS-100] Command 'ap_source' returned 0; elapsed 0.134Total elapsed time: 9.221 sec.
@I [HLS-100] Command "source C:/Xilinx/Vivado_HLS/2014.1/common/technology/xilinx/common/dsp48.gen "
@I [HLS-100] Command 'ap_source' returned 0; elapsed 0Total elapsed time: 9.222 sec.
@I [HLS-100] Command 'ap_source' returned 0; elapsed 0.135Total elapsed time: 9.222 sec.
@I [HLS-100] Command 'ap_source' returned 0; elapsed 0.135Total elapsed time: 9.222 sec.
@I [HLS-100] Command "source C:/Xilinx/Vivado_HLS/2014.1/common/technology/xilinx/zynq/zynq_fpv6.gen "
@I [HLS-100] Command "source C:/Xilinx/Vivado_HLS/2014.1/common/technology/xilinx/common/xilinx_fpv6.gen "
@I [HLS-100] Command 'ap_source' returned 0; elapsed 0.001Total elapsed time: 9.223 sec.
@I [HLS-100] Command 'ap_source' returned 0; elapsed 0.001Total elapsed time: 9.223 sec.
@I [HLS-100] Command "source C:/Users/Ali/Documents/Research/HLS_IP_PY/reset_axi/reset_axi/solution1/.autopilot/db/reset_axi.compgen.tcl "
@I [HLS-100] Command 'ap_source' returned 0; elapsed 0.001Total elapsed time: 9.272 sec.
@I [HLS-100] Command "source C:/Users/Ali/Documents/Research/HLS_IP_PY/reset_axi/reset_axi/solution1/.autopilot/db/global.setting.tcl "
@I [HLS-100] Command 'ap_source' returned 0; elapsed 0.001Total elapsed time: 9.311 sec.
@I [HLS-100] Command "source C:/Users/Ali/Documents/Research/HLS_IP_PY/reset_axi/reset_axi/solution1/.autopilot/db/reset_axi.constraint.tcl "
@I [HLS-100] Command 'ap_source' returned 0; elapsed 0.001Total elapsed time: 9.314 sec.
@I [HLS-100] Command "source C:/Xilinx/Vivado_HLS/2014.1/common/technology/generic/autopilot/common.gen "
@I [HLS-100] Command "source C:/Xilinx/Vivado_HLS/2014.1/common/technology/generic/autopilot/APCoreGen.gen "
@I [HLS-100] Command 'ap_source' returned 0; elapsed 0.001Total elapsed time: 9.321 sec.
@I [HLS-100] Command 'ap_source' returned 0; elapsed 0.001Total elapsed time: 9.321 sec.
@I [HLS-100] Command "source C:/Xilinx/Vivado_HLS/2014.1/common/technology/generic/autopilot/op.gen "
@I [HLS-100] Command 'ap_source' returned 0; elapsed 0.001Total elapsed time: 9.322 sec.
@I [HLS-100] Command "source C:/Xilinx/Vivado_HLS/2014.1/common/technology/generic/autopilot/op_simcore.gen "
@I [HLS-100] Command 'ap_source' returned 0; elapsed 0.001Total elapsed time: 9.323 sec.
@I [HLS-100] Command "source C:/Xilinx/Vivado_HLS/2014.1/common/technology/generic/autopilot/interface.gen "
@I [HLS-100] Command 'ap_source' returned 0; elapsed 0Total elapsed time: 9.323 sec.
@I [HLS-100] Command "source C:/Users/Ali/Documents/Research/HLS_IP_PY/reset_axi/reset_axi/solution1/.autopilot/db/global.setting.tcl "
@I [HLS-100] Command 'ap_source' returned 0; elapsed 0.001Total elapsed time: 9.324 sec.
@I [HLS-100] Command "source C:/Xilinx/Vivado_HLS/2014.1/common/technology/xilinx/zynq/zynq.gen "
@I [HLS-100] Command "source C:/Xilinx/Vivado_HLS/2014.1/common/technology/xilinx/common/virtex.gen "
@I [HLS-100] Command "source C:/Xilinx/Vivado_HLS/2014.1/common/technology/xilinx/common/xilinx.gen "
@I [HLS-100] Command "source C:/Xilinx/Vivado_HLS/2014.1/common/technology/xilinx/interface/plb46.gen "
@I [HLS-100] Command 'ap_source' returned 0; elapsed 0.001Total elapsed time: 9.325 sec.
@I [HLS-100] Command "source C:/Xilinx/Vivado_HLS/2014.1/common/technology/xilinx/interface/fsl.gen "
@I [HLS-100] Command 'ap_source' returned 0; elapsed 0.001Total elapsed time: 9.326 sec.
@I [HLS-100] Command "source C:/Xilinx/Vivado_HLS/2014.1/common/technology/xilinx/interface/axi4.gen "
@I [HLS-100] Command 'ap_source' returned 0; elapsed 0.002Total elapsed time: 9.328 sec.
@I [HLS-100] Command "source C:/Xilinx/Vivado_HLS/2014.1/common/technology/xilinx/interface/nativeAXI4.gen "
@I [HLS-100] Command "source C:/Xilinx/Vivado_HLS/2014.1/common/technology/xilinx/interface/saxilite.gen "
@I [HLS-100] Command 'ap_source' returned 0; elapsed 0.002Total elapsed time: 9.330 sec.
@I [HLS-100] Command "source C:/Xilinx/Vivado_HLS/2014.1/common/technology/xilinx/interface/maxi.gen "
@I [HLS-100] Command 'ap_source' returned 0; elapsed 0.002Total elapsed time: 9.332 sec.
@I [HLS-100] Command 'ap_source' returned 0; elapsed 0.004Total elapsed time: 9.332 sec.
@I [HLS-100] Command "source C:/Xilinx/Vivado_HLS/2014.1/common/technology/xilinx/scripts/xilinxcoregen.gen "
@I [HLS-100] Command 'ap_source' returned 0; elapsed 0.007Total elapsed time: 9.339 sec.
@I [HLS-100] Command "source C:/Xilinx/Vivado_HLS/2014.1/common/technology/xilinx/interface/XilEDKCoreGen.gen "
@I [HLS-100] Command 'ap_source' returned 0; elapsed 0.007Total elapsed time: 9.346 sec.
@I [HLS-100] Command "source C:/Xilinx/Vivado_HLS/2014.1/common/technology/xilinx/ip/util.gen "
@I [HLS-100] Command 'ap_source' returned 0; elapsed 0Total elapsed time: 9.346 sec.
@I [HLS-100] Command "source C:/Xilinx/Vivado_HLS/2014.1/common/technology/xilinx/ip/xfft.gen "
@I [HLS-100] Command 'ap_source' returned 0; elapsed 0.09Total elapsed time: 9.436 sec.
@I [HLS-100] Command "source C:/Xilinx/Vivado_HLS/2014.1/common/technology/xilinx/ip/xfir.gen "
@I [HLS-100] Command 'ap_source' returned 0; elapsed 0.022Total elapsed time: 9.458 sec.
@I [HLS-100] Command 'ap_source' returned 0; elapsed 0.135Total elapsed time: 9.459 sec.
@I [HLS-100] Command "source C:/Xilinx/Vivado_HLS/2014.1/common/technology/xilinx/common/dsp48.gen "
@I [HLS-100] Command 'ap_source' returned 0; elapsed 0Total elapsed time: 9.459 sec.
@I [HLS-100] Command 'ap_source' returned 0; elapsed 0.136Total elapsed time: 9.460 sec.
@I [HLS-100] Command 'ap_source' returned 0; elapsed 0.136Total elapsed time: 9.460 sec.
@I [HLS-100] Command "source C:/Xilinx/Vivado_HLS/2014.1/common/technology/xilinx/zynq/zynq_fpv6.gen "
@I [HLS-100] Command "source C:/Xilinx/Vivado_HLS/2014.1/common/technology/xilinx/common/xilinx_fpv6.gen "
@I [HLS-100] Command 'ap_source' returned 0; elapsed 0.001Total elapsed time: 9.461 sec.
@I [HLS-100] Command 'ap_source' returned 0; elapsed 0.001Total elapsed time: 9.461 sec.
@I [HLS-100] Command 'export_design' returned 0; elapsed 10.393Total elapsed time: 11.760 sec.
@I [HLS-100] Command "cleanup_all "
@I [HLS-100] Command 'cleanup_all' returned 0; elapsed 0.001Total elapsed time: 11.761 sec.
