

================================================================
== Vivado HLS Report for 'aes'
================================================================
* Date:           Sat May  9 23:39:32 2015

* Version:        2014.1 (build date: Fri Apr 04 13:20:25 PM 2014)
* Project:        aes_runner
* Solution:       solution1
* Product family: zynq zynq_fpv6 
* Target device:  xc7z020clg484-1


================================================================
== Performance Estimates
================================================================
+ Timing (ns): 
    * Summary: 
    +---------+-------+----------+------------+
    |  Clock  | Target| Estimated| Uncertainty|
    +---------+-------+----------+------------+
    |default  |  10.00|      8.75|        1.25|
    +---------+-------+----------+------------+

+ Latency (clock cycles): 
    * Summary: 
    +-----+-----+-----+-----+---------+
    |  Latency  |  Interval | Pipeline|
    | min | max | min | max |   Type  |
    +-----+-----+-----+-----+---------+
    |    ?|    ?|    ?|    ?|   none  |
    +-----+-----+-----+-----+---------+

    + Detail: 
        * Instance: 
        N/A

        * Loop: 
        +----------+-----+-----+----------+-----------+-----------+------+----------+
        |          |  Latency  | Iteration|  Initiation Interval  | Trip |          |
        | Loop Name| min | max |  Latency |  achieved |   target  | Count| Pipelined|
        +----------+-----+-----+----------+-----------+-----------+------+----------+
        |- Loop 1  |    ?|    ?|        24|          -|          -|     ?|    no    |
        +----------+-----+-----+----------+-----------+-----------+------+----------+



================================================================
== Utilization Estimates
================================================================
* Summary: 
+-----------------+---------+-------+--------+-------+
|       Name      | BRAM_18K| DSP48E|   FF   |  LUT  |
+-----------------+---------+-------+--------+-------+
|Expression       |        -|      -|       -|      -|
|FIFO             |        -|      -|       -|      -|
|Instance         |        -|      -|       -|      -|
|Memory           |        -|      -|       -|      -|
|Multiplexer      |        -|      -|       -|      -|
|Register         |        -|      -|       -|      -|
+-----------------+---------+-------+--------+-------+
|Total            |        0|      0|       0|      0|
+-----------------+---------+-------+--------+-------+
|Available        |      280|    220|  106400|  53200|
+-----------------+---------+-------+--------+-------+
|Utilization (%)  |        0|      0|       0|      0|
+-----------------+---------+-------+--------+-------+

+ Detail: 
    * Instance: 
    N/A

    * Memory: 
    N/A

    * FIFO: 
    N/A

    * Expression: 
    N/A

    * Multiplexer: 
    N/A

    * Register: 
    N/A



================================================================
== Interface
================================================================
* Summary: 
+------------------------+-----+-----+---------+--------------+--------+
|        RTL Ports       | Dir | Bits| Protocol| Source Object| C Type |
+------------------------+-----+-----+---------+--------------+--------+
|s_axi_AXILiteS_AWVALID  |  in |    1|  s_axi  |   AXILiteS   | scalar |
|s_axi_AXILiteS_AWREADY  | out |    1|  s_axi  |   AXILiteS   | scalar |
|s_axi_AXILiteS_AWADDR   |  in |    7|  s_axi  |   AXILiteS   | scalar |
|s_axi_AXILiteS_WVALID   |  in |    1|  s_axi  |   AXILiteS   | scalar |
|s_axi_AXILiteS_WREADY   | out |    1|  s_axi  |   AXILiteS   | scalar |
|s_axi_AXILiteS_WDATA    |  in |   32|  s_axi  |   AXILiteS   | scalar |
|s_axi_AXILiteS_WSTRB    |  in |    4|  s_axi  |   AXILiteS   | scalar |
|s_axi_AXILiteS_ARVALID  |  in |    1|  s_axi  |   AXILiteS   | scalar |
|s_axi_AXILiteS_ARREADY  | out |    1|  s_axi  |   AXILiteS   | scalar |
|s_axi_AXILiteS_ARADDR   |  in |    7|  s_axi  |   AXILiteS   | scalar |
|s_axi_AXILiteS_RVALID   | out |    1|  s_axi  |   AXILiteS   | scalar |
|s_axi_AXILiteS_RREADY   |  in |    1|  s_axi  |   AXILiteS   | scalar |
|s_axi_AXILiteS_RDATA    | out |   32|  s_axi  |   AXILiteS   | scalar |
|s_axi_AXILiteS_RRESP    | out |    2|  s_axi  |   AXILiteS   | scalar |
|s_axi_AXILiteS_BVALID   | out |    1|  s_axi  |   AXILiteS   | scalar |
|s_axi_AXILiteS_BREADY   |  in |    1|  s_axi  |   AXILiteS   | scalar |
|s_axi_AXILiteS_BRESP    | out |    2|  s_axi  |   AXILiteS   | scalar |
+------------------------+-----+-----+---------+--------------+--------+

============================================================
+ Verbose Summary: Synthesis Manager
============================================================
InlineROM: 1
ExposeGlobal: 0
============================================================
+ Verbose Summary: CDFG Model
============================================================
IsTopModel: 1
ResetActiveHigh: 1
IsCombinational: 0
IsDatapathOnly: 0
HasWiredReturn: 1
HasMFsm: 0
HasVarLatency: 1
IsPipeline: 0
IsRtlPipelined: 0
IsInstanceOverlapped: 0
IsDontTouch: 0
HasImplIP: 0
IsGatedGlobalClock: 0


============================================================
+ Verbose Summary: Schedule
============================================================
* Number of FSM states: 26
* Pipeline: 0
* Dataflow Pipeline: 0

* FSM state transitions: 
1 --> 
	2  / true
2 --> 
	3  / true
3 --> 
	4  / (!exitcond)
4 --> 
	5  / true
5 --> 
	6  / true
6 --> 
	7  / true
7 --> 
	8  / true
8 --> 
	9  / true
9 --> 
	10  / true
10 --> 
	11  / true
11 --> 
	12  / true
12 --> 
	13  / true
13 --> 
	14  / true
14 --> 
	15  / true
15 --> 
	16  / true
16 --> 
	17  / true
17 --> 
	18  / true
18 --> 
	19  / true
19 --> 
	20  / true
20 --> 
	21  / true
21 --> 
	22  / true
22 --> 
	23  / true
23 --> 
	24  / true
24 --> 
	25  / true
25 --> 
	26  / true
26 --> 
	3  / true
* FSM state operations: 

 <State 1>: 0.00ns
ST_1: length_read [1/1] 0.00ns
:7  %length_read = call i32 @_ssdm_op_Read.ap_vld.i32(i32 %length_r)

ST_1: destinationAddress_read [1/1] 0.00ns
:8  %destinationAddress_read = call i32 @_ssdm_op_Read.ap_vld.i32(i32 %destinationAddress)

ST_1: sourceAddress_read [1/1] 0.00ns
:9  %sourceAddress_read = call i32 @_ssdm_op_Read.ap_vld.i32(i32 %sourceAddress)

ST_1: sourceAddress_assign [1/1] 0.00ns
:10  %sourceAddress_assign = alloca i32, align 4

ST_1: destinationAddress_assign [1/1] 0.00ns
:11  %destinationAddress_assign = alloca i32, align 4

ST_1: stg_32 [1/1] 0.00ns
:12  store volatile i32 %sourceAddress_read, i32* %sourceAddress_assign, align 4

ST_1: stg_33 [1/1] 0.00ns
:13  store volatile i32 %destinationAddress_read, i32* %destinationAddress_assign, align 4

ST_1: key_local_V [1/1] 0.00ns
:31  %key_local_V = call i128 @_ssdm_op_Read.ap_vld.i128P(i128* %key_in_V)


 <State 2>: 2.44ns
ST_2: stg_35 [1/1] 0.00ns
:0  call void (...)* @_ssdm_op_SpecBitsMap(i128* %ddr_V), !map !7

ST_2: stg_36 [1/1] 0.00ns
:1  call void (...)* @_ssdm_op_SpecBitsMap(i32 %sourceAddress), !map !13

ST_2: stg_37 [1/1] 0.00ns
:2  call void (...)* @_ssdm_op_SpecBitsMap(i128* %key_in_V), !map !19

ST_2: stg_38 [1/1] 0.00ns
:3  call void (...)* @_ssdm_op_SpecBitsMap(i32 %destinationAddress), !map !25

ST_2: stg_39 [1/1] 0.00ns
:4  call void (...)* @_ssdm_op_SpecBitsMap(i32 %length_r), !map !29

ST_2: stg_40 [1/1] 0.00ns
:5  call void (...)* @_ssdm_op_SpecBitsMap(i1 false) nounwind, !map !33

ST_2: stg_41 [1/1] 0.00ns
:6  call void (...)* @_ssdm_op_SpecTopModule([4 x i8]* @str) nounwind

ST_2: stg_42 [1/1] 0.00ns
:14  call void (...)* @_ssdm_op_SpecWire(i128* %ddr_V, [6 x i8]* @p_str, i32 0, i32 0, i32 0, i32 0, [1 x i8]* @p_str1, [1 x i8]* @p_str1, [1 x i8]* @p_str1)

ST_2: stg_43 [1/1] 0.00ns
:15  call void (...)* @_ssdm_op_SpecWire(i32 %length_r, [10 x i8]* @p_str2, i32 0, i32 0, i32 0, i32 0, [1 x i8]* @p_str1, [1 x i8]* @p_str1, [1 x i8]* @p_str1) nounwind

ST_2: stg_44 [1/1] 0.00ns
:16  call void (...)* @_ssdm_op_SpecWire(i32 %destinationAddress, [10 x i8]* @p_str2, i32 0, i32 0, i32 0, i32 0, [1 x i8]* @p_str1, [1 x i8]* @p_str1, [1 x i8]* @p_str1) nounwind

ST_2: stg_45 [1/1] 0.00ns
:17  call void (...)* @_ssdm_op_SpecWire(i128* %key_in_V, [10 x i8]* @p_str2, i32 0, i32 0, i32 0, i32 0, [1 x i8]* @p_str1, [1 x i8]* @p_str1, [1 x i8]* @p_str1) nounwind

ST_2: stg_46 [1/1] 0.00ns
:18  call void (...)* @_ssdm_op_SpecWire(i32 %sourceAddress, [10 x i8]* @p_str2, i32 0, i32 0, i32 0, i32 0, [1 x i8]* @p_str1, [1 x i8]* @p_str1, [1 x i8]* @p_str1) nounwind

ST_2: stg_47 [1/1] 0.00ns
:19  call void (...)* @_ssdm_op_SpecWire(i32 0, [11 x i8]* @p_str3, i32 0, i32 0, i32 0, i32 0, [1 x i8]* @p_str1, [1 x i8]* @p_str1, [1 x i8]* @p_str1) nounwind

ST_2: stg_48 [1/1] 0.00ns
:20  call void (...)* @_ssdm_op_SpecWire(i32 0, [10 x i8]* @p_str2, i32 0, i32 0, i32 0, i32 0, [1 x i8]* @p_str1, [1 x i8]* @p_str1, [1 x i8]* @p_str1) nounwind

ST_2: stg_49 [1/1] 0.00ns
:21  call void (...)* @_ssdm_op_SpecWire(i32 %length_r, [7 x i8]* @p_str4, i32 0, i32 0, i32 0, i32 0, [1 x i8]* @p_str1, [1 x i8]* @p_str1, [1 x i8]* @p_str1) nounwind

ST_2: stg_50 [1/1] 0.00ns
:22  call void (...)* @_ssdm_op_SpecWire(i32 %destinationAddress, [7 x i8]* @p_str4, i32 0, i32 0, i32 0, i32 0, [1 x i8]* @p_str1, [1 x i8]* @p_str1, [1 x i8]* @p_str1) nounwind

ST_2: stg_51 [1/1] 0.00ns
:23  call void (...)* @_ssdm_op_SpecWire(i128* %key_in_V, [7 x i8]* @p_str4, i32 0, i32 0, i32 0, i32 0, [1 x i8]* @p_str1, [1 x i8]* @p_str1, [1 x i8]* @p_str1) nounwind

ST_2: stg_52 [1/1] 0.00ns
:24  call void (...)* @_ssdm_op_SpecWire(i32 %sourceAddress, [7 x i8]* @p_str4, i32 0, i32 0, i32 0, i32 0, [1 x i8]* @p_str1, [1 x i8]* @p_str1, [1 x i8]* @p_str1) nounwind

ST_2: sourceAddress_assign_load [1/1] 0.00ns
:25  %sourceAddress_assign_load = load volatile i32* %sourceAddress_assign, align 4

ST_2: sourceAddressLocal [1/1] 0.00ns
:26  %sourceAddressLocal = call i28 @_ssdm_op_PartSelect.i28.i32.i32.i32(i32 %sourceAddress_assign_load, i32 4, i32 31)

ST_2: sourceAddressLocal_2 [1/1] 0.00ns
:27  %sourceAddressLocal_2 = zext i28 %sourceAddressLocal to i32

ST_2: destinationAddress_assign_load [1/1] 0.00ns
:28  %destinationAddress_assign_load = load volatile i32* %destinationAddress_assign, align 4

ST_2: destinationAddressLocal [1/1] 0.00ns
:29  %destinationAddressLocal = call i28 @_ssdm_op_PartSelect.i28.i32.i32.i32(i32 %destinationAddress_assign_load, i32 4, i32 31)

ST_2: destinationAddressLocal_2 [1/1] 0.00ns
:30  %destinationAddressLocal_2 = zext i28 %destinationAddressLocal to i32

ST_2: tmp [1/1] 2.44ns
:32  %tmp = add i32 %sourceAddressLocal_2, %length_read

ST_2: stg_60 [1/1] 1.57ns
:33  br label %1


 <State 3>: 8.75ns
ST_3: sourceAddressLocal1 [1/1] 0.00ns
:0  %sourceAddressLocal1 = phi i32 [ %sourceAddressLocal_2, %0 ], [ %sourceAddressLocal_1, %2 ]

ST_3: destinationAddressLocal1 [1/1] 0.00ns
:1  %destinationAddressLocal1 = phi i32 [ %destinationAddressLocal_2, %0 ], [ %destinationAddressLocal_1, %2 ]

ST_3: exitcond [1/1] 2.52ns
:2  %exitcond = icmp eq i32 %sourceAddressLocal1, %tmp

ST_3: stg_64 [1/1] 0.00ns
:3  br i1 %exitcond, label %3, label %2

ST_3: tmp_1 [1/1] 0.00ns
:0  %tmp_1 = zext i32 %sourceAddressLocal1 to i64

ST_3: ddr_V_addr [1/1] 0.00ns
:1  %ddr_V_addr = getelementptr i128* %ddr_V, i64 %tmp_1

ST_3: data_V_req [2/2] 8.75ns
:2  %data_V_req = call i1 @_ssdm_op_ReadReq.m_axi.i128P(i128* %ddr_V_addr, i32 1)

ST_3: sourceAddressLocal_1 [1/1] 2.44ns
:10  %sourceAddressLocal_1 = add i32 %sourceAddressLocal1, 1

ST_3: stg_69 [1/1] 0.00ns
:0  ret i1 true


 <State 4>: 8.75ns
ST_4: data_V_req [1/2] 8.75ns
:2  %data_V_req = call i1 @_ssdm_op_ReadReq.m_axi.i128P(i128* %ddr_V_addr, i32 1)

ST_4: data_V [1/1] 8.75ns
:3  %data_V = call i128 @_ssdm_op_Read.m_axi.volatile.i128P(i128* %ddr_V_addr)


 <State 5>: 1.37ns
ST_5: encrypted_data_V [20/20] 1.37ns
:4  %encrypted_data_V = call fastcc i128 @aestest(i128 %data_V, i128 %key_local_V)


 <State 6>: 7.87ns
ST_6: encrypted_data_V [19/20] 7.87ns
:4  %encrypted_data_V = call fastcc i128 @aestest(i128 %data_V, i128 %key_local_V)


 <State 7>: 7.87ns
ST_7: encrypted_data_V [18/20] 7.87ns
:4  %encrypted_data_V = call fastcc i128 @aestest(i128 %data_V, i128 %key_local_V)


 <State 8>: 7.87ns
ST_8: encrypted_data_V [17/20] 7.87ns
:4  %encrypted_data_V = call fastcc i128 @aestest(i128 %data_V, i128 %key_local_V)


 <State 9>: 7.87ns
ST_9: encrypted_data_V [16/20] 7.87ns
:4  %encrypted_data_V = call fastcc i128 @aestest(i128 %data_V, i128 %key_local_V)


 <State 10>: 7.87ns
ST_10: encrypted_data_V [15/20] 7.87ns
:4  %encrypted_data_V = call fastcc i128 @aestest(i128 %data_V, i128 %key_local_V)


 <State 11>: 7.87ns
ST_11: encrypted_data_V [14/20] 7.87ns
:4  %encrypted_data_V = call fastcc i128 @aestest(i128 %data_V, i128 %key_local_V)


 <State 12>: 7.87ns
ST_12: encrypted_data_V [13/20] 7.87ns
:4  %encrypted_data_V = call fastcc i128 @aestest(i128 %data_V, i128 %key_local_V)


 <State 13>: 7.87ns
ST_13: encrypted_data_V [12/20] 7.87ns
:4  %encrypted_data_V = call fastcc i128 @aestest(i128 %data_V, i128 %key_local_V)


 <State 14>: 7.87ns
ST_14: encrypted_data_V [11/20] 7.87ns
:4  %encrypted_data_V = call fastcc i128 @aestest(i128 %data_V, i128 %key_local_V)


 <State 15>: 7.87ns
ST_15: encrypted_data_V [10/20] 7.87ns
:4  %encrypted_data_V = call fastcc i128 @aestest(i128 %data_V, i128 %key_local_V)


 <State 16>: 7.87ns
ST_16: encrypted_data_V [9/20] 7.87ns
:4  %encrypted_data_V = call fastcc i128 @aestest(i128 %data_V, i128 %key_local_V)


 <State 17>: 7.87ns
ST_17: encrypted_data_V [8/20] 7.87ns
:4  %encrypted_data_V = call fastcc i128 @aestest(i128 %data_V, i128 %key_local_V)


 <State 18>: 7.87ns
ST_18: encrypted_data_V [7/20] 7.87ns
:4  %encrypted_data_V = call fastcc i128 @aestest(i128 %data_V, i128 %key_local_V)


 <State 19>: 7.87ns
ST_19: encrypted_data_V [6/20] 7.87ns
:4  %encrypted_data_V = call fastcc i128 @aestest(i128 %data_V, i128 %key_local_V)


 <State 20>: 7.87ns
ST_20: encrypted_data_V [5/20] 7.87ns
:4  %encrypted_data_V = call fastcc i128 @aestest(i128 %data_V, i128 %key_local_V)


 <State 21>: 7.87ns
ST_21: encrypted_data_V [4/20] 7.87ns
:4  %encrypted_data_V = call fastcc i128 @aestest(i128 %data_V, i128 %key_local_V)


 <State 22>: 7.87ns
ST_22: encrypted_data_V [3/20] 7.87ns
:4  %encrypted_data_V = call fastcc i128 @aestest(i128 %data_V, i128 %key_local_V)


 <State 23>: 7.87ns
ST_23: encrypted_data_V [2/20] 7.87ns
:4  %encrypted_data_V = call fastcc i128 @aestest(i128 %data_V, i128 %key_local_V)


 <State 24>: 7.87ns
ST_24: encrypted_data_V [1/20] 7.87ns
:4  %encrypted_data_V = call fastcc i128 @aestest(i128 %data_V, i128 %key_local_V)


 <State 25>: 8.75ns
ST_25: tmp_2 [1/1] 0.00ns
:5  %tmp_2 = zext i32 %destinationAddressLocal1 to i64

ST_25: ddr_V_addr_1 [1/1] 0.00ns
:6  %ddr_V_addr_1 = getelementptr i128* %ddr_V, i64 %tmp_2

ST_25: ddr_V_addr_1_req [1/1] 8.75ns
:7  %ddr_V_addr_1_req = call i1 @_ssdm_op_WriteReq.m_axi.i128P(i128* %ddr_V_addr_1, i32 1)

ST_25: stg_95 [1/1] 8.75ns
:8  call void @_ssdm_op_Write.m_axi.volatile.i128P(i128* %ddr_V_addr_1, i128 %encrypted_data_V)

ST_25: ddr_V_addr_1_resp [2/2] 8.75ns
:9  %ddr_V_addr_1_resp = call i1 @_ssdm_op_WriteResp.m_axi.i128P(i128* %ddr_V_addr_1)

ST_25: destinationAddressLocal_1 [1/1] 2.44ns
:11  %destinationAddressLocal_1 = add i32 %destinationAddressLocal1, 1


 <State 26>: 8.75ns
ST_26: ddr_V_addr_1_resp [1/2] 8.75ns
:9  %ddr_V_addr_1_resp = call i1 @_ssdm_op_WriteResp.m_axi.i128P(i128* %ddr_V_addr_1)

ST_26: stg_99 [1/1] 0.00ns
:12  br label %1



============================================================
+ Verbose Summary: Binding
============================================================
STG Binding: 
---------------- STG Properties BEGIN ----------------
- Is combinational: 0
- Is one-state seq: 0
- Is datapath-only: 0
- Is clock enabled: 0
- Is pipelined: 0
- Is top level: 1
Port [ Return ] is wired: 1; IO mode=ap_ctrl_hs:ce=0
Port [ ddr_V]:  wired=1; compound=1; hidden=0; nouse=0; global=0; static=0; extern=0; dir=2; type=4; mode=0x4d5df70; pingpong=0; private_global=0; IO mode=m_axi:ce=0
Port [ sourceAddress]:  wired=1; compound=0; hidden=0; nouse=0; global=0; static=0; extern=0; dir=0; type=0; mode=0x537cfe0; pingpong=0; private_global=0; IO mode=ap_vld:ce=0
Port [ key_in_V]:  wired=1; compound=0; hidden=0; nouse=0; global=0; static=0; extern=0; dir=0; type=0; mode=0x50abf80; pingpong=0; private_global=0; IO mode=ap_vld:ce=0
Port [ destinationAddress]:  wired=1; compound=0; hidden=0; nouse=0; global=0; static=0; extern=0; dir=0; type=0; mode=0x4be8330; pingpong=0; private_global=0; IO mode=ap_vld:ce=0
Port [ length_r]:  wired=1; compound=0; hidden=0; nouse=0; global=0; static=0; extern=0; dir=0; type=0; mode=0x4efb320; pingpong=0; private_global=0; IO mode=ap_vld:ce=0
Port [ sboxes_0]:  wired=0; compound=1; hidden=1; nouse=1; global=1; static=1; extern=0; dir=0; type=1; mode=0x4ac6240; pingpong=0; private_global=0; linkage=7; visibility=0; MemPort=[1111111111]; IO mode=ap_memory:ce=0
Port [ sboxes_1]:  wired=0; compound=1; hidden=1; nouse=1; global=1; static=1; extern=0; dir=0; type=1; mode=0x51727d0; pingpong=0; private_global=0; linkage=7; visibility=0; MemPort=[1111111111]; IO mode=ap_memory:ce=0
Port [ sboxes_2]:  wired=0; compound=1; hidden=1; nouse=1; global=1; static=1; extern=0; dir=0; type=1; mode=0x4ab70f0; pingpong=0; private_global=0; linkage=7; visibility=0; MemPort=[1111111111]; IO mode=ap_memory:ce=0
Port [ sboxes_3]:  wired=0; compound=1; hidden=1; nouse=1; global=1; static=1; extern=0; dir=0; type=1; mode=0x4c895f0; pingpong=0; private_global=0; linkage=7; visibility=0; MemPort=[1111111111]; IO mode=ap_memory:ce=0
Port [ sboxes_4]:  wired=0; compound=1; hidden=1; nouse=1; global=1; static=1; extern=0; dir=0; type=1; mode=0x4e4f9f0; pingpong=0; private_global=0; linkage=7; visibility=0; MemPort=[1111111111]; IO mode=ap_memory:ce=0
Port [ sboxes_5]:  wired=0; compound=1; hidden=1; nouse=1; global=1; static=1; extern=0; dir=0; type=1; mode=0x4efa780; pingpong=0; private_global=0; linkage=7; visibility=0; MemPort=[1111111111]; IO mode=ap_memory:ce=0
Port [ sboxes_6]:  wired=0; compound=1; hidden=1; nouse=1; global=1; static=1; extern=0; dir=0; type=1; mode=0x53b8e60; pingpong=0; private_global=0; linkage=7; visibility=0; MemPort=[1111111111]; IO mode=ap_memory:ce=0
Port [ sboxes_7]:  wired=0; compound=1; hidden=1; nouse=1; global=1; static=1; extern=0; dir=0; type=1; mode=0x4facb90; pingpong=0; private_global=0; linkage=7; visibility=0; MemPort=[1111111111]; IO mode=ap_memory:ce=0
Port [ sboxes_8]:  wired=0; compound=1; hidden=1; nouse=1; global=1; static=1; extern=0; dir=0; type=1; mode=0x4d0d8e0; pingpong=0; private_global=0; linkage=7; visibility=0; MemPort=[1111111111]; IO mode=ap_memory:ce=0
Port [ sboxes_9]:  wired=0; compound=1; hidden=1; nouse=1; global=1; static=1; extern=0; dir=0; type=1; mode=0x5215ae0; pingpong=0; private_global=0; linkage=7; visibility=0; MemPort=[1111111111]; IO mode=ap_memory:ce=0
Port [ sboxes_10]:  wired=0; compound=1; hidden=1; nouse=1; global=1; static=1; extern=0; dir=0; type=1; mode=0x4e78e00; pingpong=0; private_global=0; linkage=7; visibility=0; MemPort=[1111111111]; IO mode=ap_memory:ce=0
Port [ sboxes_11]:  wired=0; compound=1; hidden=1; nouse=1; global=1; static=1; extern=0; dir=0; type=1; mode=0x5222d90; pingpong=0; private_global=0; linkage=7; visibility=0; MemPort=[1111111111]; IO mode=ap_memory:ce=0
Port [ sboxes_12]:  wired=0; compound=1; hidden=1; nouse=1; global=1; static=1; extern=0; dir=0; type=1; mode=0x4b57910; pingpong=0; private_global=0; linkage=7; visibility=0; MemPort=[1111111111]; IO mode=ap_memory:ce=0
Port [ sboxes_13]:  wired=0; compound=1; hidden=1; nouse=1; global=1; static=1; extern=0; dir=0; type=1; mode=0x4d5e2d0; pingpong=0; private_global=0; linkage=7; visibility=0; MemPort=[1111111111]; IO mode=ap_memory:ce=0
Port [ sboxes_14]:  wired=0; compound=1; hidden=1; nouse=1; global=1; static=1; extern=0; dir=0; type=1; mode=0x4e5bed0; pingpong=0; private_global=0; linkage=7; visibility=0; MemPort=[1111111111]; IO mode=ap_memory:ce=0
Port [ sboxes_15]:  wired=0; compound=1; hidden=1; nouse=1; global=1; static=1; extern=0; dir=0; type=1; mode=0x4d1b580; pingpong=0; private_global=0; linkage=7; visibility=0; MemPort=[1111111111]; IO mode=ap_memory:ce=0
Port [ sboxes_16]:  wired=0; compound=1; hidden=1; nouse=1; global=1; static=1; extern=0; dir=0; type=1; mode=0x52295c0; pingpong=0; private_global=0; linkage=7; visibility=0; MemPort=[1111111111]; IO mode=ap_memory:ce=0
Port [ sboxes_17]:  wired=0; compound=1; hidden=1; nouse=1; global=1; static=1; extern=0; dir=0; type=1; mode=0x4f24010; pingpong=0; private_global=0; linkage=7; visibility=0; MemPort=[1111111111]; IO mode=ap_memory:ce=0
Port [ sboxes_18]:  wired=0; compound=1; hidden=1; nouse=1; global=1; static=1; extern=0; dir=0; type=1; mode=0x50c8d20; pingpong=0; private_global=0; linkage=7; visibility=0; MemPort=[1111111111]; IO mode=ap_memory:ce=0
Port [ sboxes_19]:  wired=0; compound=1; hidden=1; nouse=1; global=1; static=1; extern=0; dir=0; type=1; mode=0x50c8870; pingpong=0; private_global=0; linkage=7; visibility=0; MemPort=[1111111111]; IO mode=ap_memory:ce=0
---------------- STG Properties END ------------------

---------------- Datapath Model BEGIN ----------------

<LifeTime>
<method=bitvector/>
length_read                    (read         ) [ 001000000000000000000000000]
destinationAddress_read        (read         ) [ 000000000000000000000000000]
sourceAddress_read             (read         ) [ 000000000000000000000000000]
sourceAddress_assign           (alloca       ) [ 011000000000000000000000000]
destinationAddress_assign      (alloca       ) [ 011000000000000000000000000]
stg_32                         (store        ) [ 000000000000000000000000000]
stg_33                         (store        ) [ 000000000000000000000000000]
key_local_V                    (read         ) [ 001111111111111111111111111]
stg_35                         (specbitsmap  ) [ 000000000000000000000000000]
stg_36                         (specbitsmap  ) [ 000000000000000000000000000]
stg_37                         (specbitsmap  ) [ 000000000000000000000000000]
stg_38                         (specbitsmap  ) [ 000000000000000000000000000]
stg_39                         (specbitsmap  ) [ 000000000000000000000000000]
stg_40                         (specbitsmap  ) [ 000000000000000000000000000]
stg_41                         (spectopmodule) [ 000000000000000000000000000]
stg_42                         (specwire     ) [ 000000000000000000000000000]
stg_43                         (specwire     ) [ 000000000000000000000000000]
stg_44                         (specwire     ) [ 000000000000000000000000000]
stg_45                         (specwire     ) [ 000000000000000000000000000]
stg_46                         (specwire     ) [ 000000000000000000000000000]
stg_47                         (specwire     ) [ 000000000000000000000000000]
stg_48                         (specwire     ) [ 000000000000000000000000000]
stg_49                         (specwire     ) [ 000000000000000000000000000]
stg_50                         (specwire     ) [ 000000000000000000000000000]
stg_51                         (specwire     ) [ 000000000000000000000000000]
stg_52                         (specwire     ) [ 000000000000000000000000000]
sourceAddress_assign_load      (load         ) [ 000000000000000000000000000]
sourceAddressLocal             (partselect   ) [ 000000000000000000000000000]
sourceAddressLocal_2           (zext         ) [ 001111111111111111111111111]
destinationAddress_assign_load (load         ) [ 000000000000000000000000000]
destinationAddressLocal        (partselect   ) [ 000000000000000000000000000]
destinationAddressLocal_2      (zext         ) [ 001111111111111111111111111]
tmp                            (add          ) [ 000111111111111111111111111]
stg_60                         (br           ) [ 001111111111111111111111111]
sourceAddressLocal1            (phi          ) [ 000100000000000000000000000]
destinationAddressLocal1       (phi          ) [ 000111111111111111111111110]
exitcond                       (icmp         ) [ 000111111111111111111111111]
stg_64                         (br           ) [ 000000000000000000000000000]
tmp_1                          (zext         ) [ 000000000000000000000000000]
ddr_V_addr                     (getelementptr) [ 000010000000000000000000000]
sourceAddressLocal_1           (add          ) [ 001111111111111111111111111]
stg_69                         (ret          ) [ 000000000000000000000000000]
data_V_req                     (readreq      ) [ 000000000000000000000000000]
data_V                         (read         ) [ 000001000000000000000000000]
encrypted_data_V               (call         ) [ 000000000000000000000000010]
tmp_2                          (zext         ) [ 000000000000000000000000000]
ddr_V_addr_1                   (getelementptr) [ 000000000000000000000000001]
ddr_V_addr_1_req               (writereq     ) [ 000000000000000000000000000]
stg_95                         (write        ) [ 000000000000000000000000000]
destinationAddressLocal_1      (add          ) [ 001100000000000000000000001]
ddr_V_addr_1_resp              (writeresp    ) [ 000000000000000000000000000]
stg_99                         (br           ) [ 001111111111111111111111111]
</LifeTime>

<model>

<comp_list>
<comp id="0" class="1000" name="ddr_V">
<pin_list>
<pin id="1" dir="1" index="0" bw="1" slack="0"/>
</pin_list>
<bind>
<StgValue><ssdm name="ddr_V"/></StgValue>
</bind>
</comp>

<comp id="2" class="1000" name="sourceAddress">
<pin_list>
<pin id="3" dir="1" index="0" bw="1" slack="0"/>
</pin_list>
<bind>
<StgValue><ssdm name="sourceAddress"/></StgValue>
</bind>
</comp>

<comp id="4" class="1000" name="key_in_V">
<pin_list>
<pin id="5" dir="1" index="0" bw="1" slack="0"/>
</pin_list>
<bind>
<StgValue><ssdm name="key_in_V"/></StgValue>
</bind>
</comp>

<comp id="6" class="1000" name="destinationAddress">
<pin_list>
<pin id="7" dir="1" index="0" bw="1" slack="0"/>
</pin_list>
<bind>
<StgValue><ssdm name="destinationAddress"/></StgValue>
</bind>
</comp>

<comp id="8" class="1000" name="length_r">
<pin_list>
<pin id="9" dir="1" index="0" bw="1" slack="0"/>
</pin_list>
<bind>
<StgValue><ssdm name="length_r"/></StgValue>
</bind>
</comp>

<comp id="10" class="1000" name="sboxes_0">
<pin_list>
<pin id="11" dir="1" index="0" bw="1" slack="0"/>
</pin_list>
<bind>
<StgValue><ssdm name="sboxes_0"/><MemPortTyVec>1 1 1 1 1 1 1 1 1 1 </MemPortTyVec>
</StgValue>
</bind>
</comp>

<comp id="12" class="1000" name="sboxes_1">
<pin_list>
<pin id="13" dir="1" index="0" bw="1" slack="0"/>
</pin_list>
<bind>
<StgValue><ssdm name="sboxes_1"/><MemPortTyVec>1 1 1 1 1 1 1 1 1 1 </MemPortTyVec>
</StgValue>
</bind>
</comp>

<comp id="14" class="1000" name="sboxes_2">
<pin_list>
<pin id="15" dir="1" index="0" bw="1" slack="0"/>
</pin_list>
<bind>
<StgValue><ssdm name="sboxes_2"/><MemPortTyVec>1 1 1 1 1 1 1 1 1 1 </MemPortTyVec>
</StgValue>
</bind>
</comp>

<comp id="16" class="1000" name="sboxes_3">
<pin_list>
<pin id="17" dir="1" index="0" bw="1" slack="0"/>
</pin_list>
<bind>
<StgValue><ssdm name="sboxes_3"/><MemPortTyVec>1 1 1 1 1 1 1 1 1 1 </MemPortTyVec>
</StgValue>
</bind>
</comp>

<comp id="18" class="1000" name="sboxes_4">
<pin_list>
<pin id="19" dir="1" index="0" bw="1" slack="0"/>
</pin_list>
<bind>
<StgValue><ssdm name="sboxes_4"/><MemPortTyVec>1 1 1 1 1 1 1 1 1 1 </MemPortTyVec>
</StgValue>
</bind>
</comp>

<comp id="20" class="1000" name="sboxes_5">
<pin_list>
<pin id="21" dir="1" index="0" bw="1" slack="0"/>
</pin_list>
<bind>
<StgValue><ssdm name="sboxes_5"/><MemPortTyVec>1 1 1 1 1 1 1 1 1 1 </MemPortTyVec>
</StgValue>
</bind>
</comp>

<comp id="22" class="1000" name="sboxes_6">
<pin_list>
<pin id="23" dir="1" index="0" bw="1" slack="0"/>
</pin_list>
<bind>
<StgValue><ssdm name="sboxes_6"/><MemPortTyVec>1 1 1 1 1 1 1 1 1 1 </MemPortTyVec>
</StgValue>
</bind>
</comp>

<comp id="24" class="1000" name="sboxes_7">
<pin_list>
<pin id="25" dir="1" index="0" bw="1" slack="0"/>
</pin_list>
<bind>
<StgValue><ssdm name="sboxes_7"/><MemPortTyVec>1 1 1 1 1 1 1 1 1 1 </MemPortTyVec>
</StgValue>
</bind>
</comp>

<comp id="26" class="1000" name="sboxes_8">
<pin_list>
<pin id="27" dir="1" index="0" bw="1" slack="0"/>
</pin_list>
<bind>
<StgValue><ssdm name="sboxes_8"/><MemPortTyVec>1 1 1 1 1 1 1 1 1 1 </MemPortTyVec>
</StgValue>
</bind>
</comp>

<comp id="28" class="1000" name="sboxes_9">
<pin_list>
<pin id="29" dir="1" index="0" bw="1" slack="0"/>
</pin_list>
<bind>
<StgValue><ssdm name="sboxes_9"/><MemPortTyVec>1 1 1 1 1 1 1 1 1 1 </MemPortTyVec>
</StgValue>
</bind>
</comp>

<comp id="30" class="1000" name="sboxes_10">
<pin_list>
<pin id="31" dir="1" index="0" bw="1" slack="0"/>
</pin_list>
<bind>
<StgValue><ssdm name="sboxes_10"/><MemPortTyVec>1 1 1 1 1 1 1 1 1 1 </MemPortTyVec>
</StgValue>
</bind>
</comp>

<comp id="32" class="1000" name="sboxes_11">
<pin_list>
<pin id="33" dir="1" index="0" bw="1" slack="0"/>
</pin_list>
<bind>
<StgValue><ssdm name="sboxes_11"/><MemPortTyVec>1 1 1 1 1 1 1 1 1 1 </MemPortTyVec>
</StgValue>
</bind>
</comp>

<comp id="34" class="1000" name="sboxes_12">
<pin_list>
<pin id="35" dir="1" index="0" bw="1" slack="0"/>
</pin_list>
<bind>
<StgValue><ssdm name="sboxes_12"/><MemPortTyVec>1 1 1 1 1 1 1 1 1 1 </MemPortTyVec>
</StgValue>
</bind>
</comp>

<comp id="36" class="1000" name="sboxes_13">
<pin_list>
<pin id="37" dir="1" index="0" bw="1" slack="0"/>
</pin_list>
<bind>
<StgValue><ssdm name="sboxes_13"/><MemPortTyVec>1 1 1 1 1 1 1 1 1 1 </MemPortTyVec>
</StgValue>
</bind>
</comp>

<comp id="38" class="1000" name="sboxes_14">
<pin_list>
<pin id="39" dir="1" index="0" bw="1" slack="0"/>
</pin_list>
<bind>
<StgValue><ssdm name="sboxes_14"/><MemPortTyVec>1 1 1 1 1 1 1 1 1 1 </MemPortTyVec>
</StgValue>
</bind>
</comp>

<comp id="40" class="1000" name="sboxes_15">
<pin_list>
<pin id="41" dir="1" index="0" bw="1" slack="0"/>
</pin_list>
<bind>
<StgValue><ssdm name="sboxes_15"/><MemPortTyVec>1 1 1 1 1 1 1 1 1 1 </MemPortTyVec>
</StgValue>
</bind>
</comp>

<comp id="42" class="1000" name="sboxes_16">
<pin_list>
<pin id="43" dir="1" index="0" bw="1" slack="0"/>
</pin_list>
<bind>
<StgValue><ssdm name="sboxes_16"/><MemPortTyVec>1 1 1 1 1 1 1 1 1 1 </MemPortTyVec>
</StgValue>
</bind>
</comp>

<comp id="44" class="1000" name="sboxes_17">
<pin_list>
<pin id="45" dir="1" index="0" bw="1" slack="0"/>
</pin_list>
<bind>
<StgValue><ssdm name="sboxes_17"/><MemPortTyVec>1 1 1 1 1 1 1 1 1 1 </MemPortTyVec>
</StgValue>
</bind>
</comp>

<comp id="46" class="1000" name="sboxes_18">
<pin_list>
<pin id="47" dir="1" index="0" bw="1" slack="0"/>
</pin_list>
<bind>
<StgValue><ssdm name="sboxes_18"/><MemPortTyVec>1 1 1 1 1 1 1 1 1 1 </MemPortTyVec>
</StgValue>
</bind>
</comp>

<comp id="48" class="1000" name="sboxes_19">
<pin_list>
<pin id="49" dir="1" index="0" bw="1" slack="0"/>
</pin_list>
<bind>
<StgValue><ssdm name="sboxes_19"/><MemPortTyVec>1 1 1 1 1 1 1 1 1 1 </MemPortTyVec>
</StgValue>
</bind>
</comp>

<comp id="50" class="1001" name="const_50">
<pin_list>
<pin id="51" dir="1" index="0" bw="1" slack="0"/>
</pin_list>
<bind>
<StgValue><ssdm name="_ssdm_op_Read.ap_vld.i32"/></StgValue>
</bind>
</comp>

<comp id="52" class="1001" name="const_52">
<pin_list>
<pin id="53" dir="1" index="0" bw="1" slack="0"/>
</pin_list>
<bind>
<StgValue><ssdm name=""/></StgValue>
</bind>
</comp>

<comp id="54" class="1001" name="const_54">
<pin_list>
<pin id="55" dir="1" index="0" bw="1" slack="0"/>
</pin_list>
<bind>
<StgValue><ssdm name="_ssdm_op_Read.ap_vld.i128P"/></StgValue>
</bind>
</comp>

<comp id="56" class="1001" name="const_56">
<pin_list>
<pin id="57" dir="1" index="0" bw="1" slack="2147483647"/>
</pin_list>
<bind>
<StgValue><ssdm name="_ssdm_op_SpecBitsMap"/></StgValue>
</bind>
</comp>

<comp id="58" class="1001" name="const_58">
<pin_list>
<pin id="59" dir="1" index="0" bw="1" slack="2147483647"/>
</pin_list>
<bind>
<StgValue><ssdm name=""/></StgValue>
</bind>
</comp>

<comp id="60" class="1001" name="const_60">
<pin_list>
<pin id="61" dir="1" index="0" bw="1" slack="2147483647"/>
</pin_list>
<bind>
<StgValue><ssdm name="_ssdm_op_SpecTopModule"/></StgValue>
</bind>
</comp>

<comp id="62" class="1001" name="const_62">
<pin_list>
<pin id="63" dir="1" index="0" bw="1" slack="2147483647"/>
</pin_list>
<bind>
<StgValue><ssdm name="str"/></StgValue>
</bind>
</comp>

<comp id="64" class="1001" name="const_64">
<pin_list>
<pin id="65" dir="1" index="0" bw="1" slack="2147483647"/>
</pin_list>
<bind>
<StgValue><ssdm name="_ssdm_op_SpecWire"/></StgValue>
</bind>
</comp>

<comp id="66" class="1001" name="const_66">
<pin_list>
<pin id="67" dir="1" index="0" bw="1" slack="2147483647"/>
</pin_list>
<bind>
<StgValue><ssdm name="p_str"/></StgValue>
</bind>
</comp>

<comp id="68" class="1001" name="const_68">
<pin_list>
<pin id="69" dir="1" index="0" bw="1" slack="2147483647"/>
</pin_list>
<bind>
<StgValue><ssdm name=""/></StgValue>
</bind>
</comp>

<comp id="70" class="1001" name="const_70">
<pin_list>
<pin id="71" dir="1" index="0" bw="1" slack="2147483647"/>
</pin_list>
<bind>
<StgValue><ssdm name="p_str1"/></StgValue>
</bind>
</comp>

<comp id="72" class="1001" name="const_72">
<pin_list>
<pin id="73" dir="1" index="0" bw="1" slack="2147483647"/>
</pin_list>
<bind>
<StgValue><ssdm name="p_str2"/></StgValue>
</bind>
</comp>

<comp id="74" class="1001" name="const_74">
<pin_list>
<pin id="75" dir="1" index="0" bw="1" slack="2147483647"/>
</pin_list>
<bind>
<StgValue><ssdm name="p_str3"/></StgValue>
</bind>
</comp>

<comp id="76" class="1001" name="const_76">
<pin_list>
<pin id="77" dir="1" index="0" bw="1" slack="2147483647"/>
</pin_list>
<bind>
<StgValue><ssdm name="p_str4"/></StgValue>
</bind>
</comp>

<comp id="78" class="1001" name="const_78">
<pin_list>
<pin id="79" dir="1" index="0" bw="1" slack="0"/>
</pin_list>
<bind>
<StgValue><ssdm name="_ssdm_op_PartSelect.i28.i32.i32.i32"/></StgValue>
</bind>
</comp>

<comp id="80" class="1001" name="const_80">
<pin_list>
<pin id="81" dir="1" index="0" bw="1" slack="0"/>
</pin_list>
<bind>
<StgValue><ssdm name=""/></StgValue>
</bind>
</comp>

<comp id="82" class="1001" name="const_82">
<pin_list>
<pin id="83" dir="1" index="0" bw="1" slack="0"/>
</pin_list>
<bind>
<StgValue><ssdm name=""/></StgValue>
</bind>
</comp>

<comp id="84" class="1001" name="const_84">
<pin_list>
<pin id="85" dir="1" index="0" bw="1" slack="0"/>
</pin_list>
<bind>
<StgValue><ssdm name="_ssdm_op_ReadReq.m_axi.i128P"/></StgValue>
</bind>
</comp>

<comp id="86" class="1001" name="const_86">
<pin_list>
<pin id="87" dir="1" index="0" bw="1" slack="0"/>
</pin_list>
<bind>
<StgValue><ssdm name=""/></StgValue>
</bind>
</comp>

<comp id="88" class="1001" name="const_88">
<pin_list>
<pin id="89" dir="1" index="0" bw="1" slack="2147483647"/>
</pin_list>
<bind>
<StgValue><ssdm name=""/></StgValue>
</bind>
</comp>

<comp id="90" class="1001" name="const_90">
<pin_list>
<pin id="91" dir="1" index="0" bw="1" slack="0"/>
</pin_list>
<bind>
<StgValue><ssdm name="_ssdm_op_Read.m_axi.volatile.i128P"/></StgValue>
</bind>
</comp>

<comp id="92" class="1001" name="const_92">
<pin_list>
<pin id="93" dir="1" index="0" bw="1" slack="0"/>
</pin_list>
<bind>
<StgValue><ssdm name="aestest"/></StgValue>
</bind>
</comp>

<comp id="94" class="1001" name="const_94">
<pin_list>
<pin id="95" dir="1" index="0" bw="1" slack="0"/>
</pin_list>
<bind>
<StgValue><ssdm name="_ssdm_op_WriteReq.m_axi.i128P"/></StgValue>
</bind>
</comp>

<comp id="96" class="1001" name="const_96">
<pin_list>
<pin id="97" dir="1" index="0" bw="1" slack="0"/>
</pin_list>
<bind>
<StgValue><ssdm name="_ssdm_op_Write.m_axi.volatile.i128P"/></StgValue>
</bind>
</comp>

<comp id="98" class="1001" name="const_98">
<pin_list>
<pin id="99" dir="1" index="0" bw="1" slack="0"/>
</pin_list>
<bind>
<StgValue><ssdm name="_ssdm_op_WriteResp.m_axi.i128P"/></StgValue>
</bind>
</comp>

<comp id="100" class="1004" name="sourceAddress_assign_fu_100">
<pin_list>
<pin id="101" dir="0" index="0" bw="1" slack="0"/>
<pin id="102" dir="1" index="1" bw="32" slack="0"/>
</pin_list>
<bind>
<opcode="alloca(26) " fcode="alloca"/>
<opset="sourceAddress_assign/1 "/>
</bind>
</comp>

<comp id="104" class="1004" name="destinationAddress_assign_fu_104">
<pin_list>
<pin id="105" dir="0" index="0" bw="1" slack="0"/>
<pin id="106" dir="1" index="1" bw="32" slack="0"/>
</pin_list>
<bind>
<opcode="alloca(26) " fcode="alloca"/>
<opset="destinationAddress_assign/1 "/>
</bind>
</comp>

<comp id="108" class="1004" name="length_read_read_fu_108">
<pin_list>
<pin id="109" dir="0" index="0" bw="32" slack="0"/>
<pin id="110" dir="0" index="1" bw="32" slack="0"/>
<pin id="111" dir="1" index="2" bw="32" slack="1"/>
</pin_list>
<bind>
<opcode="read(1150) " fcode="read"/>
<opset="length_read/1 "/>
</bind>
</comp>

<comp id="114" class="1004" name="destinationAddress_read_read_fu_114">
<pin_list>
<pin id="115" dir="0" index="0" bw="32" slack="0"/>
<pin id="116" dir="0" index="1" bw="32" slack="0"/>
<pin id="117" dir="1" index="2" bw="32" slack="0"/>
</pin_list>
<bind>
<opcode="read(1150) " fcode="read"/>
<opset="destinationAddress_read/1 "/>
</bind>
</comp>

<comp id="120" class="1004" name="sourceAddress_read_read_fu_120">
<pin_list>
<pin id="121" dir="0" index="0" bw="32" slack="0"/>
<pin id="122" dir="0" index="1" bw="32" slack="0"/>
<pin id="123" dir="1" index="2" bw="32" slack="0"/>
</pin_list>
<bind>
<opcode="read(1150) " fcode="read"/>
<opset="sourceAddress_read/1 "/>
</bind>
</comp>

<comp id="126" class="1004" name="key_local_V_read_fu_126">
<pin_list>
<pin id="127" dir="0" index="0" bw="128" slack="0"/>
<pin id="128" dir="0" index="1" bw="128" slack="0"/>
<pin id="129" dir="1" index="2" bw="128" slack="4"/>
</pin_list>
<bind>
<opcode="read(1150) " fcode="read"/>
<opset="key_local_V/1 "/>
</bind>
</comp>

<comp id="132" class="1004" name="grp_writeresp_fu_132">
<pin_list>
<pin id="133" dir="0" index="0" bw="1" slack="0"/>
<pin id="134" dir="0" index="1" bw="128" slack="0"/>
<pin id="135" dir="0" index="2" bw="128" slack="0"/>
<pin id="136" dir="1" index="3" bw="1" slack="2147483647"/>
</pin_list>
<bind>
<opcode="write(1151) readreq(1154) writereq(1155) writeresp(1158) " fcode="writeresp"/>
<opset="data_V_req/3 ddr_V_addr_1_req/25 stg_95/25 ddr_V_addr_1_resp/25 "/>
</bind>
</comp>

<comp id="139" class="1004" name="data_V_read_fu_139">
<pin_list>
<pin id="140" dir="0" index="0" bw="128" slack="0"/>
<pin id="141" dir="0" index="1" bw="128" slack="1"/>
<pin id="142" dir="1" index="2" bw="128" slack="1"/>
</pin_list>
<bind>
<opcode="read(1150) " fcode="read"/>
<opset="data_V/4 "/>
</bind>
</comp>

<comp id="147" class="1005" name="sourceAddressLocal1_reg_147">
<pin_list>
<pin id="148" dir="0" index="0" bw="32" slack="2147483647"/>
<pin id="149" dir="1" index="1" bw="32" slack="2147483647"/>
</pin_list>
<bind>
<opset="sourceAddressLocal1 (phireg) "/>
</bind>
</comp>

<comp id="150" class="1004" name="sourceAddressLocal1_phi_fu_150">
<pin_list>
<pin id="151" dir="0" index="0" bw="28" slack="1"/>
<pin id="152" dir="0" index="1" bw="0" slack="2147483647"/>
<pin id="153" dir="0" index="2" bw="32" slack="0"/>
<pin id="154" dir="0" index="3" bw="0" slack="2147483647"/>
<pin id="155" dir="1" index="4" bw="32" slack="0"/>
</pin_list>
<bind>
<opcode="phi(47) " fcode="phi"/>
<opset="sourceAddressLocal1/3 "/>
</bind>
</comp>

<comp id="156" class="1005" name="destinationAddressLocal1_reg_156">
<pin_list>
<pin id="157" dir="0" index="0" bw="32" slack="22"/>
<pin id="158" dir="1" index="1" bw="32" slack="22"/>
</pin_list>
<bind>
<opset="destinationAddressLocal1 (phireg) "/>
</bind>
</comp>

<comp id="159" class="1004" name="destinationAddressLocal1_phi_fu_159">
<pin_list>
<pin id="160" dir="0" index="0" bw="28" slack="1"/>
<pin id="161" dir="0" index="1" bw="0" slack="2147483647"/>
<pin id="162" dir="0" index="2" bw="32" slack="1"/>
<pin id="163" dir="0" index="3" bw="0" slack="2147483647"/>
<pin id="164" dir="1" index="4" bw="32" slack="22"/>
</pin_list>
<bind>
<opcode="phi(47) " fcode="phi"/>
<opset="destinationAddressLocal1/3 "/>
</bind>
</comp>

<comp id="167" class="1004" name="grp_aestest_fu_167">
<pin_list>
<pin id="168" dir="0" index="0" bw="128" slack="0"/>
<pin id="169" dir="0" index="1" bw="128" slack="1"/>
<pin id="170" dir="0" index="2" bw="128" slack="4"/>
<pin id="171" dir="0" index="3" bw="8" slack="0"/>
<pin id="172" dir="0" index="4" bw="8" slack="0"/>
<pin id="173" dir="0" index="5" bw="8" slack="0"/>
<pin id="174" dir="0" index="6" bw="8" slack="0"/>
<pin id="175" dir="0" index="7" bw="8" slack="0"/>
<pin id="176" dir="0" index="8" bw="8" slack="0"/>
<pin id="177" dir="0" index="9" bw="8" slack="0"/>
<pin id="178" dir="0" index="10" bw="8" slack="0"/>
<pin id="179" dir="0" index="11" bw="8" slack="0"/>
<pin id="180" dir="0" index="12" bw="8" slack="0"/>
<pin id="181" dir="0" index="13" bw="8" slack="0"/>
<pin id="182" dir="0" index="14" bw="8" slack="0"/>
<pin id="183" dir="0" index="15" bw="8" slack="0"/>
<pin id="184" dir="0" index="16" bw="8" slack="0"/>
<pin id="185" dir="0" index="17" bw="8" slack="0"/>
<pin id="186" dir="0" index="18" bw="8" slack="0"/>
<pin id="187" dir="0" index="19" bw="8" slack="0"/>
<pin id="188" dir="0" index="20" bw="8" slack="0"/>
<pin id="189" dir="0" index="21" bw="8" slack="0"/>
<pin id="190" dir="0" index="22" bw="8" slack="0"/>
<pin id="191" dir="1" index="23" bw="128" slack="1"/>
</pin_list>
<bind>
<opcode="call(48) " fcode="call"/>
<opset="encrypted_data_V/5 "/>
</bind>
</comp>

<comp id="213" class="1004" name="stg_32_store_fu_213">
<pin_list>
<pin id="214" dir="0" index="0" bw="32" slack="0"/>
<pin id="215" dir="0" index="1" bw="32" slack="0"/>
<pin id="216" dir="1" index="2" bw="0" slack="2147483647"/>
</pin_list>
<bind>
<opcode="store(28) " fcode="store"/>
<opset="stg_32/1 "/>
</bind>
</comp>

<comp id="218" class="1004" name="stg_33_store_fu_218">
<pin_list>
<pin id="219" dir="0" index="0" bw="32" slack="0"/>
<pin id="220" dir="0" index="1" bw="32" slack="0"/>
<pin id="221" dir="1" index="2" bw="0" slack="2147483647"/>
</pin_list>
<bind>
<opcode="store(28) " fcode="store"/>
<opset="stg_33/1 "/>
</bind>
</comp>

<comp id="223" class="1004" name="sourceAddress_assign_load_load_fu_223">
<pin_list>
<pin id="224" dir="0" index="0" bw="32" slack="1"/>
<pin id="225" dir="1" index="1" bw="32" slack="0"/>
</pin_list>
<bind>
<opcode="load(27) " fcode="load"/>
<opset="sourceAddress_assign_load/2 "/>
</bind>
</comp>

<comp id="226" class="1004" name="sourceAddressLocal_fu_226">
<pin_list>
<pin id="227" dir="0" index="0" bw="28" slack="0"/>
<pin id="228" dir="0" index="1" bw="32" slack="0"/>
<pin id="229" dir="0" index="2" bw="4" slack="0"/>
<pin id="230" dir="0" index="3" bw="6" slack="0"/>
<pin id="231" dir="1" index="4" bw="28" slack="0"/>
</pin_list>
<bind>
<opcode="partselect(1002) " fcode="partselect"/>
<opset="sourceAddressLocal/2 "/>
</bind>
</comp>

<comp id="236" class="1004" name="sourceAddressLocal_2_fu_236">
<pin_list>
<pin id="237" dir="0" index="0" bw="28" slack="0"/>
<pin id="238" dir="1" index="1" bw="32" slack="0"/>
</pin_list>
<bind>
<opcode="zext(34) " fcode="zext"/>
<opset="sourceAddressLocal_2/2 "/>
</bind>
</comp>

<comp id="240" class="1004" name="destinationAddress_assign_load_load_fu_240">
<pin_list>
<pin id="241" dir="0" index="0" bw="32" slack="1"/>
<pin id="242" dir="1" index="1" bw="32" slack="0"/>
</pin_list>
<bind>
<opcode="load(27) " fcode="load"/>
<opset="destinationAddress_assign_load/2 "/>
</bind>
</comp>

<comp id="243" class="1004" name="destinationAddressLocal_fu_243">
<pin_list>
<pin id="244" dir="0" index="0" bw="28" slack="0"/>
<pin id="245" dir="0" index="1" bw="32" slack="0"/>
<pin id="246" dir="0" index="2" bw="4" slack="0"/>
<pin id="247" dir="0" index="3" bw="6" slack="0"/>
<pin id="248" dir="1" index="4" bw="28" slack="0"/>
</pin_list>
<bind>
<opcode="partselect(1002) " fcode="partselect"/>
<opset="destinationAddressLocal/2 "/>
</bind>
</comp>

<comp id="253" class="1004" name="destinationAddressLocal_2_fu_253">
<pin_list>
<pin id="254" dir="0" index="0" bw="28" slack="0"/>
<pin id="255" dir="1" index="1" bw="32" slack="1"/>
</pin_list>
<bind>
<opcode="zext(34) " fcode="zext"/>
<opset="destinationAddressLocal_2/2 "/>
</bind>
</comp>

<comp id="257" class="1004" name="tmp_fu_257">
<pin_list>
<pin id="258" dir="0" index="0" bw="28" slack="0"/>
<pin id="259" dir="0" index="1" bw="32" slack="1"/>
<pin id="260" dir="1" index="2" bw="32" slack="1"/>
</pin_list>
<bind>
<opcode="add(8) " fcode="add"/>
<opset="tmp/2 "/>
</bind>
</comp>

<comp id="262" class="1004" name="exitcond_fu_262">
<pin_list>
<pin id="263" dir="0" index="0" bw="32" slack="0"/>
<pin id="264" dir="0" index="1" bw="32" slack="1"/>
<pin id="265" dir="1" index="2" bw="1" slack="2147483647"/>
</pin_list>
<bind>
<opcode="icmp(45) " fcode="icmp"/>
<opset="exitcond/3 "/>
</bind>
</comp>

<comp id="267" class="1004" name="tmp_1_fu_267">
<pin_list>
<pin id="268" dir="0" index="0" bw="32" slack="0"/>
<pin id="269" dir="1" index="1" bw="64" slack="0"/>
</pin_list>
<bind>
<opcode="zext(34) " fcode="zext"/>
<opset="tmp_1/3 "/>
</bind>
</comp>

<comp id="271" class="1004" name="ddr_V_addr_fu_271">
<pin_list>
<pin id="272" dir="0" index="0" bw="128" slack="0"/>
<pin id="273" dir="0" index="1" bw="32" slack="0"/>
<pin id="274" dir="1" index="2" bw="128" slack="0"/>
</pin_list>
<bind>
<opcode="getelementptr(29) " fcode="getelementptr"/>
<opset="ddr_V_addr/3 "/>
</bind>
</comp>

<comp id="278" class="1004" name="sourceAddressLocal_1_fu_278">
<pin_list>
<pin id="279" dir="0" index="0" bw="32" slack="0"/>
<pin id="280" dir="0" index="1" bw="1" slack="0"/>
<pin id="281" dir="1" index="2" bw="32" slack="0"/>
</pin_list>
<bind>
<opcode="add(8) " fcode="add"/>
<opset="sourceAddressLocal_1/3 "/>
</bind>
</comp>

<comp id="284" class="1004" name="tmp_2_fu_284">
<pin_list>
<pin id="285" dir="0" index="0" bw="32" slack="22"/>
<pin id="286" dir="1" index="1" bw="64" slack="0"/>
</pin_list>
<bind>
<opcode="zext(34) " fcode="zext"/>
<opset="tmp_2/25 "/>
</bind>
</comp>

<comp id="288" class="1004" name="ddr_V_addr_1_fu_288">
<pin_list>
<pin id="289" dir="0" index="0" bw="128" slack="0"/>
<pin id="290" dir="0" index="1" bw="32" slack="0"/>
<pin id="291" dir="1" index="2" bw="128" slack="0"/>
</pin_list>
<bind>
<opcode="getelementptr(29) " fcode="getelementptr"/>
<opset="ddr_V_addr_1/25 "/>
</bind>
</comp>

<comp id="295" class="1004" name="destinationAddressLocal_1_fu_295">
<pin_list>
<pin id="296" dir="0" index="0" bw="32" slack="22"/>
<pin id="297" dir="0" index="1" bw="1" slack="0"/>
<pin id="298" dir="1" index="2" bw="32" slack="1"/>
</pin_list>
<bind>
<opcode="add(8) " fcode="add"/>
<opset="destinationAddressLocal_1/25 "/>
</bind>
</comp>

<comp id="301" class="1005" name="length_read_reg_301">
<pin_list>
<pin id="302" dir="0" index="0" bw="32" slack="1"/>
<pin id="303" dir="1" index="1" bw="32" slack="1"/>
</pin_list>
<bind>
<opset="length_read "/>
</bind>
</comp>

<comp id="306" class="1005" name="sourceAddress_assign_reg_306">
<pin_list>
<pin id="307" dir="0" index="0" bw="32" slack="0"/>
<pin id="308" dir="1" index="1" bw="32" slack="0"/>
</pin_list>
<bind>
<opset="sourceAddress_assign "/>
</bind>
</comp>

<comp id="312" class="1005" name="destinationAddress_assign_reg_312">
<pin_list>
<pin id="313" dir="0" index="0" bw="32" slack="0"/>
<pin id="314" dir="1" index="1" bw="32" slack="0"/>
</pin_list>
<bind>
<opset="destinationAddress_assign "/>
</bind>
</comp>

<comp id="318" class="1005" name="key_local_V_reg_318">
<pin_list>
<pin id="319" dir="0" index="0" bw="128" slack="4"/>
<pin id="320" dir="1" index="1" bw="128" slack="4"/>
</pin_list>
<bind>
<opset="key_local_V "/>
</bind>
</comp>

<comp id="323" class="1005" name="sourceAddressLocal_2_reg_323">
<pin_list>
<pin id="324" dir="0" index="0" bw="32" slack="1"/>
<pin id="325" dir="1" index="1" bw="32" slack="1"/>
</pin_list>
<bind>
<opset="sourceAddressLocal_2 "/>
</bind>
</comp>

<comp id="328" class="1005" name="destinationAddressLocal_2_reg_328">
<pin_list>
<pin id="329" dir="0" index="0" bw="32" slack="1"/>
<pin id="330" dir="1" index="1" bw="32" slack="1"/>
</pin_list>
<bind>
<opset="destinationAddressLocal_2 "/>
</bind>
</comp>

<comp id="333" class="1005" name="tmp_reg_333">
<pin_list>
<pin id="334" dir="0" index="0" bw="32" slack="1"/>
<pin id="335" dir="1" index="1" bw="32" slack="1"/>
</pin_list>
<bind>
<opset="tmp "/>
</bind>
</comp>

<comp id="341" class="1005" name="ddr_V_addr_reg_341">
<pin_list>
<pin id="342" dir="0" index="0" bw="128" slack="1"/>
<pin id="343" dir="1" index="1" bw="128" slack="1"/>
</pin_list>
<bind>
<opset="ddr_V_addr "/>
</bind>
</comp>

<comp id="347" class="1005" name="sourceAddressLocal_1_reg_347">
<pin_list>
<pin id="348" dir="0" index="0" bw="32" slack="0"/>
<pin id="349" dir="1" index="1" bw="32" slack="0"/>
</pin_list>
<bind>
<opset="sourceAddressLocal_1 "/>
</bind>
</comp>

<comp id="352" class="1005" name="data_V_reg_352">
<pin_list>
<pin id="353" dir="0" index="0" bw="128" slack="1"/>
<pin id="354" dir="1" index="1" bw="128" slack="1"/>
</pin_list>
<bind>
<opset="data_V "/>
</bind>
</comp>

<comp id="357" class="1005" name="encrypted_data_V_reg_357">
<pin_list>
<pin id="358" dir="0" index="0" bw="128" slack="1"/>
<pin id="359" dir="1" index="1" bw="128" slack="1"/>
</pin_list>
<bind>
<opset="encrypted_data_V "/>
</bind>
</comp>

<comp id="362" class="1005" name="ddr_V_addr_1_reg_362">
<pin_list>
<pin id="363" dir="0" index="0" bw="128" slack="1"/>
<pin id="364" dir="1" index="1" bw="128" slack="1"/>
</pin_list>
<bind>
<opset="ddr_V_addr_1 "/>
</bind>
</comp>

<comp id="367" class="1005" name="destinationAddressLocal_1_reg_367">
<pin_list>
<pin id="368" dir="0" index="0" bw="32" slack="1"/>
<pin id="369" dir="1" index="1" bw="32" slack="1"/>
</pin_list>
<bind>
<opset="destinationAddressLocal_1 "/>
</bind>
</comp>

</comp_list>

<net_list>
<net id="103"><net_src comp="52" pin="0"/><net_sink comp="100" pin=0"/></net>

<net id="107"><net_src comp="52" pin="0"/><net_sink comp="104" pin=0"/></net>

<net id="112"><net_src comp="50" pin="0"/><net_sink comp="108" pin=0"/></net>

<net id="113"><net_src comp="8" pin="0"/><net_sink comp="108" pin=1"/></net>

<net id="118"><net_src comp="50" pin="0"/><net_sink comp="114" pin=0"/></net>

<net id="119"><net_src comp="6" pin="0"/><net_sink comp="114" pin=1"/></net>

<net id="124"><net_src comp="50" pin="0"/><net_sink comp="120" pin=0"/></net>

<net id="125"><net_src comp="2" pin="0"/><net_sink comp="120" pin=1"/></net>

<net id="130"><net_src comp="54" pin="0"/><net_sink comp="126" pin=0"/></net>

<net id="131"><net_src comp="4" pin="0"/><net_sink comp="126" pin=1"/></net>

<net id="137"><net_src comp="84" pin="0"/><net_sink comp="132" pin=0"/></net>

<net id="138"><net_src comp="86" pin="0"/><net_sink comp="132" pin=2"/></net>

<net id="143"><net_src comp="90" pin="0"/><net_sink comp="139" pin=0"/></net>

<net id="144"><net_src comp="94" pin="0"/><net_sink comp="132" pin=0"/></net>

<net id="145"><net_src comp="96" pin="0"/><net_sink comp="132" pin=0"/></net>

<net id="146"><net_src comp="98" pin="0"/><net_sink comp="132" pin=0"/></net>

<net id="165"><net_src comp="159" pin="4"/><net_sink comp="156" pin=0"/></net>

<net id="192"><net_src comp="92" pin="0"/><net_sink comp="167" pin=0"/></net>

<net id="193"><net_src comp="10" pin="0"/><net_sink comp="167" pin=3"/></net>

<net id="194"><net_src comp="12" pin="0"/><net_sink comp="167" pin=4"/></net>

<net id="195"><net_src comp="14" pin="0"/><net_sink comp="167" pin=5"/></net>

<net id="196"><net_src comp="16" pin="0"/><net_sink comp="167" pin=6"/></net>

<net id="197"><net_src comp="18" pin="0"/><net_sink comp="167" pin=7"/></net>

<net id="198"><net_src comp="20" pin="0"/><net_sink comp="167" pin=8"/></net>

<net id="199"><net_src comp="22" pin="0"/><net_sink comp="167" pin=9"/></net>

<net id="200"><net_src comp="24" pin="0"/><net_sink comp="167" pin=10"/></net>

<net id="201"><net_src comp="26" pin="0"/><net_sink comp="167" pin=11"/></net>

<net id="202"><net_src comp="28" pin="0"/><net_sink comp="167" pin=12"/></net>

<net id="203"><net_src comp="30" pin="0"/><net_sink comp="167" pin=13"/></net>

<net id="204"><net_src comp="32" pin="0"/><net_sink comp="167" pin=14"/></net>

<net id="205"><net_src comp="34" pin="0"/><net_sink comp="167" pin=15"/></net>

<net id="206"><net_src comp="36" pin="0"/><net_sink comp="167" pin=16"/></net>

<net id="207"><net_src comp="38" pin="0"/><net_sink comp="167" pin=17"/></net>

<net id="208"><net_src comp="40" pin="0"/><net_sink comp="167" pin=18"/></net>

<net id="209"><net_src comp="42" pin="0"/><net_sink comp="167" pin=19"/></net>

<net id="210"><net_src comp="44" pin="0"/><net_sink comp="167" pin=20"/></net>

<net id="211"><net_src comp="46" pin="0"/><net_sink comp="167" pin=21"/></net>

<net id="212"><net_src comp="48" pin="0"/><net_sink comp="167" pin=22"/></net>

<net id="217"><net_src comp="120" pin="2"/><net_sink comp="213" pin=0"/></net>

<net id="222"><net_src comp="114" pin="2"/><net_sink comp="218" pin=0"/></net>

<net id="232"><net_src comp="78" pin="0"/><net_sink comp="226" pin=0"/></net>

<net id="233"><net_src comp="223" pin="1"/><net_sink comp="226" pin=1"/></net>

<net id="234"><net_src comp="80" pin="0"/><net_sink comp="226" pin=2"/></net>

<net id="235"><net_src comp="82" pin="0"/><net_sink comp="226" pin=3"/></net>

<net id="239"><net_src comp="226" pin="4"/><net_sink comp="236" pin=0"/></net>

<net id="249"><net_src comp="78" pin="0"/><net_sink comp="243" pin=0"/></net>

<net id="250"><net_src comp="240" pin="1"/><net_sink comp="243" pin=1"/></net>

<net id="251"><net_src comp="80" pin="0"/><net_sink comp="243" pin=2"/></net>

<net id="252"><net_src comp="82" pin="0"/><net_sink comp="243" pin=3"/></net>

<net id="256"><net_src comp="243" pin="4"/><net_sink comp="253" pin=0"/></net>

<net id="261"><net_src comp="236" pin="1"/><net_sink comp="257" pin=0"/></net>

<net id="266"><net_src comp="150" pin="4"/><net_sink comp="262" pin=0"/></net>

<net id="270"><net_src comp="150" pin="4"/><net_sink comp="267" pin=0"/></net>

<net id="275"><net_src comp="0" pin="0"/><net_sink comp="271" pin=0"/></net>

<net id="276"><net_src comp="267" pin="1"/><net_sink comp="271" pin=1"/></net>

<net id="277"><net_src comp="271" pin="2"/><net_sink comp="132" pin=1"/></net>

<net id="282"><net_src comp="150" pin="4"/><net_sink comp="278" pin=0"/></net>

<net id="283"><net_src comp="86" pin="0"/><net_sink comp="278" pin=1"/></net>

<net id="287"><net_src comp="156" pin="1"/><net_sink comp="284" pin=0"/></net>

<net id="292"><net_src comp="0" pin="0"/><net_sink comp="288" pin=0"/></net>

<net id="293"><net_src comp="284" pin="1"/><net_sink comp="288" pin=1"/></net>

<net id="294"><net_src comp="288" pin="2"/><net_sink comp="132" pin=1"/></net>

<net id="299"><net_src comp="156" pin="1"/><net_sink comp="295" pin=0"/></net>

<net id="300"><net_src comp="86" pin="0"/><net_sink comp="295" pin=1"/></net>

<net id="304"><net_src comp="108" pin="2"/><net_sink comp="301" pin=0"/></net>

<net id="305"><net_src comp="301" pin="1"/><net_sink comp="257" pin=1"/></net>

<net id="309"><net_src comp="100" pin="1"/><net_sink comp="306" pin=0"/></net>

<net id="310"><net_src comp="306" pin="1"/><net_sink comp="213" pin=1"/></net>

<net id="311"><net_src comp="306" pin="1"/><net_sink comp="223" pin=0"/></net>

<net id="315"><net_src comp="104" pin="1"/><net_sink comp="312" pin=0"/></net>

<net id="316"><net_src comp="312" pin="1"/><net_sink comp="218" pin=1"/></net>

<net id="317"><net_src comp="312" pin="1"/><net_sink comp="240" pin=0"/></net>

<net id="321"><net_src comp="126" pin="2"/><net_sink comp="318" pin=0"/></net>

<net id="322"><net_src comp="318" pin="1"/><net_sink comp="167" pin=2"/></net>

<net id="326"><net_src comp="236" pin="1"/><net_sink comp="323" pin=0"/></net>

<net id="327"><net_src comp="323" pin="1"/><net_sink comp="150" pin=0"/></net>

<net id="331"><net_src comp="253" pin="1"/><net_sink comp="328" pin=0"/></net>

<net id="332"><net_src comp="328" pin="1"/><net_sink comp="159" pin=0"/></net>

<net id="336"><net_src comp="257" pin="2"/><net_sink comp="333" pin=0"/></net>

<net id="337"><net_src comp="333" pin="1"/><net_sink comp="262" pin=1"/></net>

<net id="344"><net_src comp="271" pin="2"/><net_sink comp="341" pin=0"/></net>

<net id="345"><net_src comp="341" pin="1"/><net_sink comp="132" pin=1"/></net>

<net id="346"><net_src comp="341" pin="1"/><net_sink comp="139" pin=1"/></net>

<net id="350"><net_src comp="278" pin="2"/><net_sink comp="347" pin=0"/></net>

<net id="351"><net_src comp="347" pin="1"/><net_sink comp="150" pin=2"/></net>

<net id="355"><net_src comp="139" pin="2"/><net_sink comp="352" pin=0"/></net>

<net id="356"><net_src comp="352" pin="1"/><net_sink comp="167" pin=1"/></net>

<net id="360"><net_src comp="167" pin="23"/><net_sink comp="357" pin=0"/></net>

<net id="361"><net_src comp="357" pin="1"/><net_sink comp="132" pin=2"/></net>

<net id="365"><net_src comp="288" pin="2"/><net_sink comp="362" pin=0"/></net>

<net id="366"><net_src comp="362" pin="1"/><net_sink comp="132" pin=1"/></net>

<net id="370"><net_src comp="295" pin="2"/><net_sink comp="367" pin=0"/></net>

<net id="371"><net_src comp="367" pin="1"/><net_sink comp="159" pin=2"/></net>

</net_list>

</model> 
---------------- Datapath Model END ------------------

* FSMD analyzer results:
  - Output states:
	Port: ddr_V | {25 }
  - Chain level:
	State 1
		stg_32 : 1
		stg_33 : 1
	State 2
		sourceAddressLocal : 1
		sourceAddressLocal_2 : 2
		destinationAddressLocal : 1
		destinationAddressLocal_2 : 2
		tmp : 3
	State 3
		exitcond : 1
		stg_64 : 2
		tmp_1 : 1
		ddr_V_addr : 2
		data_V_req : 3
		sourceAddressLocal_1 : 1
	State 4
	State 5
	State 6
	State 7
	State 8
	State 9
	State 10
	State 11
	State 12
	State 13
	State 14
	State 15
	State 16
	State 17
	State 18
	State 19
	State 20
	State 21
	State 22
	State 23
	State 24
	State 25
		ddr_V_addr_1 : 1
		ddr_V_addr_1_req : 2
		stg_95 : 2
		ddr_V_addr_1_resp : 2
	State 26


============================================================
+ Verbose Summary: Datapath Resource usage 
============================================================

* Functional unit list:
|----------|-------------------------------------|---------|---------|---------|
| Operation|           Functional Unit           |  Delay  |    FF   |   LUT   |
|----------|-------------------------------------|---------|---------|---------|
|   call   |          grp_aestest_fu_167         |  278.8  |   4461  |  10416  |
|----------|-------------------------------------|---------|---------|---------|
|          |              tmp_fu_257             |    0    |    0    |    32   |
|    add   |     sourceAddressLocal_1_fu_278     |    0    |    0    |    32   |
|          |   destinationAddressLocal_1_fu_295  |    0    |    0    |    32   |
|----------|-------------------------------------|---------|---------|---------|
|   icmp   |           exitcond_fu_262           |    0    |    0    |    40   |
|----------|-------------------------------------|---------|---------|---------|
|          |       length_read_read_fu_108       |    0    |    0    |    0    |
|          | destinationAddress_read_read_fu_114 |    0    |    0    |    0    |
|   read   |    sourceAddress_read_read_fu_120   |    0    |    0    |    0    |
|          |       key_local_V_read_fu_126       |    0    |    0    |    0    |
|          |          data_V_read_fu_139         |    0    |    0    |    0    |
|----------|-------------------------------------|---------|---------|---------|
| writeresp|         grp_writeresp_fu_132        |    0    |    0    |    0    |
|----------|-------------------------------------|---------|---------|---------|
|partselect|      sourceAddressLocal_fu_226      |    0    |    0    |    0    |
|          |    destinationAddressLocal_fu_243   |    0    |    0    |    0    |
|----------|-------------------------------------|---------|---------|---------|
|          |     sourceAddressLocal_2_fu_236     |    0    |    0    |    0    |
|   zext   |   destinationAddressLocal_2_fu_253  |    0    |    0    |    0    |
|          |             tmp_1_fu_267            |    0    |    0    |    0    |
|          |             tmp_2_fu_284            |    0    |    0    |    0    |
|----------|-------------------------------------|---------|---------|---------|
|   Total  |                                     |  278.8  |   4461  |  10552  |
|----------|-------------------------------------|---------|---------|---------|

Memories:
+---------+--------+
|         |  BRAM  |
+---------+--------+
| sboxes_0|    5   |
| sboxes_1|    5   |
|sboxes_10|    5   |
|sboxes_11|    5   |
|sboxes_12|    5   |
|sboxes_13|    5   |
|sboxes_14|    5   |
|sboxes_15|    5   |
|sboxes_16|    5   |
|sboxes_17|    5   |
|sboxes_18|    5   |
|sboxes_19|    5   |
| sboxes_2|    5   |
| sboxes_3|    5   |
| sboxes_4|    5   |
| sboxes_5|    5   |
| sboxes_6|    5   |
| sboxes_7|    5   |
| sboxes_8|    5   |
| sboxes_9|    5   |
+---------+--------+
|  Total  |   100  |
+---------+--------+

* Register list:
+---------------------------------+--------+
|                                 |   FF   |
+---------------------------------+--------+
|          data_V_reg_352         |   128  |
|       ddr_V_addr_1_reg_362      |   128  |
|        ddr_V_addr_reg_341       |   128  |
| destinationAddressLocal1_reg_156|   32   |
|destinationAddressLocal_1_reg_367|   32   |
|destinationAddressLocal_2_reg_328|   32   |
|destinationAddress_assign_reg_312|   32   |
|     encrypted_data_V_reg_357    |   128  |
|       key_local_V_reg_318       |   128  |
|       length_read_reg_301       |   32   |
|   sourceAddressLocal1_reg_147   |   32   |
|   sourceAddressLocal_1_reg_347  |   32   |
|   sourceAddressLocal_2_reg_323  |   32   |
|   sourceAddress_assign_reg_306  |   32   |
|           tmp_reg_333           |   32   |
+---------------------------------+--------+
|              Total              |   960  |
+---------------------------------+--------+

* Multiplexer (MUX) list: 
|----------------------|------|------|------|--------||---------||---------|
|         Comp         |  Pin | Size |  BW  | S x BW ||  Delay  ||   LUT   |
|----------------------|------|------|------|--------||---------||---------|
| grp_writeresp_fu_132 |  p0  |   4  |   1  |    4   ||    1    |
| grp_writeresp_fu_132 |  p1  |   4  |  128 |   512  ||   128   |
| grp_writeresp_fu_132 |  p2  |   2  |  128 |   256  ||   128   |
|----------------------|------|------|------|--------||---------||---------|
|         Total        |      |      |      |   772  ||  4.957  ||   257   |
|----------------------|------|------|------|--------||---------||---------|



* Summary:
+-----------+--------+--------+--------+--------+
|           |  BRAM  |  Delay |   FF   |   LUT  |
+-----------+--------+--------+--------+--------+
|  Function |    -   |   278  |  4461  |  10552 |
|   Memory  |   100  |    -   |    -   |    -   |
|Multiplexer|    -   |    4   |    -   |   257  |
|  Register |    -   |    -   |   960  |    -   |
+-----------+--------+--------+--------+--------+
|   Total   |   100  |   283  |  5421  |  10809 |
+-----------+--------+--------+--------+--------+
