@I [HLS-0] Workspace /Xilinx/xilinx_workspace/aes_runner/solution1 opened at Sat May 09 23:39:47 MDT 2015
@I [HLS-100] Command "config_clock -quiet -name default -period 10 -default=false "
@I [SYN-201] Setting up clock 'default' with a period of 10ns.
@I [HLS-100] Command 'config_clock' returned 0; elapsed 0.000156Total elapsed time: 0.431 sec.
@I [HLS-100] Command "open_platform DefaultPlatform "
@I [HLS-100] Command 'open_platform' returned 0; elapsed 0.000205Total elapsed time: 0.432 sec.
@I [HLS-100] Command "import_lib /Xilinx/Vivado_HLS/2014.1/common/technology/xilinx/zynq/zynq "
@I [HLS-100] Command "source /Xilinx/Vivado_HLS/2014.1/common/technology/xilinx/common/xilinx.lib "
@I [HLS-100] Command "source /Xilinx/Vivado_HLS/2014.1/common/technology/xilinx/interface/xilinx_interface.lib "
@I [HLS-100] Command "source /Xilinx/Vivado_HLS/2014.1/common/technology/xilinx/interface/plb46.lib "
@I [HLS-100] Command 'ap_source' returned 0; elapsed 0.000369Total elapsed time: 0.432 sec.
@I [HLS-100] Command "source /Xilinx/Vivado_HLS/2014.1/common/technology/xilinx/interface/fsl.lib "
@I [HLS-100] Command 'ap_source' returned 0; elapsed 0.000118Total elapsed time: 0.432 sec.
@I [HLS-100] Command "source /Xilinx/Vivado_HLS/2014.1/common/technology/xilinx/interface/axi4.lib "
@I [HLS-100] Command 'ap_source' returned 0; elapsed 0.000149Total elapsed time: 0.433 sec.
@I [HLS-100] Command 'ap_source' returned 0; elapsed 0.000848Total elapsed time: 0.433 sec.
@I [HLS-100] Command "source /Xilinx/Vivado_HLS/2014.1/common/technology/xilinx/common/dsp48.lib "
@I [HLS-100] Command 'ap_source' returned 0; elapsed 9.3e-05Total elapsed time: 0.433 sec.
@I [HLS-100] Command "source /Xilinx/Vivado_HLS/2014.1/common/technology/xilinx/ip/xfft.lib "
@I [HLS-100] Command 'ap_source' returned 0; elapsed 0.000128Total elapsed time: 0.433 sec.
@I [HLS-100] Command "source /Xilinx/Vivado_HLS/2014.1/common/technology/xilinx/ip/xfir.lib "
@I [HLS-100] Command 'ap_source' returned 0; elapsed 7.4e-05Total elapsed time: 0.433 sec.
@I [HLS-100] Command 'ap_source' returned 0; elapsed 0.003165Total elapsed time: 0.435 sec.
@I [HLS-100] Command "source /Xilinx/Vivado_HLS/2014.1/common/technology/xilinx/common/xilinx_old.lib "
@I [HLS-100] Command 'ap_source' returned 0; elapsed 0.000569Total elapsed time: 0.437 sec.
@I [HLS-100] Command "source /Xilinx/Vivado_HLS/2014.1/common/technology/xilinx/common/xilinx_vivado.lib "
@I [HLS-100] Command 'ap_source' returned 0; elapsed 0.000282Total elapsed time: 0.437 sec.
@I [HLS-100] Command "source /Xilinx/Vivado_HLS/2014.1/common/technology/xilinx/common/xilinx.hlp "
@I [HLS-100] Command "source /Xilinx/Vivado_HLS/2014.1/common/technology/xilinx/common/target_info.tcl "
@I [HLS-100] Command 'ap_source' returned 0; elapsed 8.6e-05Total elapsed time: 0.439 sec.
@I [HLS-100] Command "source /Xilinx/Vivado_HLS/2014.1/common/technology/xilinx/common/dsp48.hlp "
@I [HLS-100] Command 'ap_source' returned 0; elapsed 0.000222Total elapsed time: 0.439 sec.
@I [HLS-100] Command 'ap_source' returned 0; elapsed 0.00105Total elapsed time: 0.440 sec.
@I [HLS-100] Command "source /Xilinx/Vivado_HLS/2014.1/common/technology/xilinx/zynq/dsp48e1.hlp "
@I [HLS-100] Command 'ap_source' returned 0; elapsed 7e-05Total elapsed time: 0.440 sec.
@I [HLS-100] Command "get_default_platform "
@I [HLS-100] Command 'get_default_platform' returned 0; elapsed 3.1e-05Total elapsed time: 0.440 sec.
@I [HLS-100] Command "config_chip_info -quiet -resource  {SLICE 13300}  {LUT 53200}     {FF 106400} {DSP48E 220}   {BRAM 280}  "
@I [HLS-100] Command 'config_chip_info' returned 0; elapsed 1.7e-05Total elapsed time: 0.440 sec.
@I [HLS-100] Command "config_chip_info -quiet -speed medium "
@I [HLS-100] Command 'config_chip_info' returned 0; elapsed 6e-06Total elapsed time: 0.440 sec.
@I [HLS-100] Command 'import_lib' returned 0; elapsed 0.009313Total elapsed time: 0.441 sec.
@I [HLS-100] Command "source /Xilinx/Vivado_HLS/2014.1/common/technology/xilinx/zynq/zynq.gen "
@I [HLS-100] Command "source /Xilinx/Vivado_HLS/2014.1/common/technology/xilinx/common/virtex.gen "
@I [HLS-100] Command "source /Xilinx/Vivado_HLS/2014.1/common/technology/xilinx/common/xilinx.gen "
@I [HLS-100] Command "source /Xilinx/Vivado_HLS/2014.1/common/technology/xilinx/interface/plb46.gen "
@I [HLS-100] Command 'ap_source' returned 0; elapsed 0.000729Total elapsed time: 0.442 sec.
@I [HLS-100] Command "source /Xilinx/Vivado_HLS/2014.1/common/technology/xilinx/interface/fsl.gen "
@I [HLS-100] Command 'ap_source' returned 0; elapsed 0.000287Total elapsed time: 0.442 sec.
@I [HLS-100] Command "source /Xilinx/Vivado_HLS/2014.1/common/technology/xilinx/interface/axi4.gen "
@I [HLS-100] Command 'ap_source' returned 0; elapsed 0.00142Total elapsed time: 0.444 sec.
@I [HLS-100] Command "source /Xilinx/Vivado_HLS/2014.1/common/technology/xilinx/interface/nativeAXI4.gen "
@I [HLS-100] Command "source /Xilinx/Vivado_HLS/2014.1/common/technology/xilinx/interface/saxilite.gen "
@I [HLS-100] Command 'ap_source' returned 0; elapsed 0.00159Total elapsed time: 0.446 sec.
@I [HLS-100] Command "source /Xilinx/Vivado_HLS/2014.1/common/technology/xilinx/interface/maxi.gen "
@I [HLS-100] Command 'ap_source' returned 0; elapsed 0.001825Total elapsed time: 0.448 sec.
@I [HLS-100] Command 'ap_source' returned 0; elapsed 0.003746Total elapsed time: 0.448 sec.
@I [HLS-100] Command "source /Xilinx/Vivado_HLS/2014.1/common/technology/xilinx/scripts/xilinxcoregen.gen "
@I [HLS-100] Command 'ap_source' returned 0; elapsed 0.004717Total elapsed time: 0.453 sec.
@I [HLS-100] Command "source /Xilinx/Vivado_HLS/2014.1/common/technology/xilinx/interface/XilEDKCoreGen.gen "
@I [HLS-100] Command 'ap_source' returned 0; elapsed 0.005598Total elapsed time: 0.458 sec.
@I [HLS-100] Command "source /Xilinx/Vivado_HLS/2014.1/common/technology/xilinx/ip/util.gen "
@I [HLS-100] Command 'ap_source' returned 0; elapsed 0.000148Total elapsed time: 0.459 sec.
@I [HLS-100] Command "source /Xilinx/Vivado_HLS/2014.1/common/technology/xilinx/ip/xfir.gen "
@I [HLS-100] Command "source /Xilinx/Vivado_HLS/2014.1/tps/tcl/tcllib1.11.1/struct/list.tcl "
@I [HLS-100] Command "source /Xilinx/Vivado_HLS/2014.1/tps/tcl/tcllib1.11.1/cmdline/cmdline.tcl "
@I [HLS-100] Command 'ap_source' returned 0; elapsed 0.000525Total elapsed time: 0.472 sec.
@I [HLS-100] Command 'ap_source' returned 0; elapsed 0.001339Total elapsed time: 0.473 sec.
@I [HLS-100] Command "source /Xilinx/Vivado_HLS/2014.1/tps/tcl/tcllib1.11.1/math/bignum.tcl "
@I [HLS-100] Command 'ap_source' returned 0; elapsed 0.001251Total elapsed time: 0.477 sec.
@I [HLS-100] Command 'ap_source' returned 0; elapsed 0.024079Total elapsed time: 0.483 sec.
@I [HLS-100] Command "source /Xilinx/Vivado_HLS/2014.1/common/technology/xilinx/ip/xfft.gen "
@I [HLS-100] Command 'ap_source' returned 0; elapsed 0.079546Total elapsed time: 0.563 sec.
@I [HLS-100] Command 'ap_source' returned 0; elapsed 0.120913Total elapsed time: 0.563 sec.
@I [HLS-100] Command "source /Xilinx/Vivado_HLS/2014.1/common/technology/xilinx/common/dsp48.gen "
@I [HLS-100] Command 'ap_source' returned 0; elapsed 0.000202Total elapsed time: 0.564 sec.
@I [HLS-100] Command 'ap_source' returned 0; elapsed 0.122245Total elapsed time: 0.564 sec.
@I [HLS-100] Command 'ap_source' returned 0; elapsed 0.122347Total elapsed time: 0.564 sec.
@I [HLS-100] Command "open_platform DefaultPlatform "
@I [HLS-100] Command 'open_platform' returned 0; elapsed 5.8e-05Total elapsed time: 0.565 sec.
@I [HLS-100] Command "import_lib /Xilinx/Vivado_HLS/2014.1/common/technology/xilinx/zynq/zynq_fpv6 "
@I [HLS-100] Command "source /Xilinx/Vivado_HLS/2014.1/common/technology/xilinx/common/xilinx_fpv7.lib "
@I [HLS-100] Command "source /Xilinx/Vivado_HLS/2014.1/common/technology/xilinx/common/xilinx_fpv6.lib "
@I [HLS-100] Command 'ap_source' returned 0; elapsed 0.000991Total elapsed time: 0.566 sec.
@I [HLS-100] Command 'ap_source' returned 0; elapsed 0.002382Total elapsed time: 0.567 sec.
@I [HLS-100] Command 'import_lib' returned 0; elapsed 0.011427Total elapsed time: 0.576 sec.
@I [HLS-100] Command "source /Xilinx/Vivado_HLS/2014.1/common/technology/xilinx/zynq/zynq_fpv6.gen "
@I [HLS-100] Command "source /Xilinx/Vivado_HLS/2014.1/common/technology/xilinx/common/xilinx_fpv6.gen "
@I [HLS-100] Command 'ap_source' returned 0; elapsed 0.000842Total elapsed time: 0.577 sec.
@I [HLS-100] Command 'ap_source' returned 0; elapsed 0.000995Total elapsed time: 0.577 sec.
@I [HLS-100] Command "set_part xc7z020clg484-1 "
@I [HLS-100] Command "add_library xilinx/zynq/zynq:xc7z020:clg484:-1 "
@I [HLS-100] Command "get_default_platform "
@I [HLS-100] Command 'get_default_platform' returned 0; elapsed 1.8e-05Total elapsed time: 0.580 sec.
@I [HLS-100] Command "license_exists VIVADO_HLS "
@I [HLS-100] Command 'license_exists' returned 0; elapsed 4.6e-05Total elapsed time: 0.580 sec.
@I [HLS-100] Command "get_default_platform "
@I [HLS-100] Command 'get_default_platform' returned 0; elapsed 7e-06Total elapsed time: 0.580 sec.
@I [HLS-100] Command "config_chip_info -quiet -resource  {SLICE 13300}  {LUT 53200}     {FF 106400} {DSP48E 220}   {BRAM 280}  "
@I [HLS-100] Command 'config_chip_info' returned 0; elapsed 1.7e-05Total elapsed time: 0.580 sec.
@I [HLS-100] Command "config_chip_info -quiet -speed slow "
@I [HLS-100] Command 'config_chip_info' returned 0; elapsed 6e-06Total elapsed time: 0.580 sec.
@I [HLS-100] Command 'add_library' returned 0; elapsed 0.001623Total elapsed time: 0.581 sec.
@I [HLS-100] Command "add_library xilinx/zynq/zynq_fpv6 "
@I [HLS-100] Command "get_default_platform "
@I [HLS-100] Command 'get_default_platform' returned 0; elapsed 7e-06Total elapsed time: 0.581 sec.
@I [HLS-100] Command "license_exists VIVADO_HLS "
@I [HLS-100] Command 'license_exists' returned 0; elapsed 6e-06Total elapsed time: 0.581 sec.
@I [HLS-100] Command 'add_library' returned 0; elapsed 0.000885Total elapsed time: 0.582 sec.
@I [HLS-10] Setting target device to 'xc7z020clg484-1'
@I [HLS-100] Command 'set_part' returned 0; elapsed 0.004231Total elapsed time: 0.582 sec.
@I [HLS-100] Command "get_default_platform "
@I [HLS-100] Command 'get_default_platform' returned 0; elapsed 5e-06Total elapsed time: 0.582 sec.
@I [HLS-100] Command "config_chip_info -quiet -resource  {SLICE 13300}  {LUT 53200}     {FF 106400} {DSP48E 220}   {BRAM 280}  "
@I [HLS-100] Command 'config_chip_info' returned 0; elapsed 1e-05Total elapsed time: 0.582 sec.
@I [HLS-100] Command "config_chip_info -quiet -speed slow "
@I [HLS-100] Command 'config_chip_info' returned 0; elapsed 6e-06Total elapsed time: 0.582 sec.
@I [HLS-100] Command 'open_solution' returned 0; elapsed 0.156293Total elapsed time: 0.582 sec.
@I [HLS-100] Command "export_design -format ip_catalog "
@I [HLS-100] Command "source /Xilinx/xilinx_workspace/aes_runner/solution1/.autopilot/db/global.setting.tcl "
@I [HLS-100] Command 'ap_source' returned 0; elapsed 0.000296Total elapsed time: 0.588 sec.
@I [HLS-100] Command "source /Xilinx/Vivado_HLS/2014.1/common/technology/generic/autopilot/common.gen "
@I [HLS-100] Command "source /Xilinx/Vivado_HLS/2014.1/common/technology/generic/autopilot/APCoreGen.gen "
@I [HLS-100] Command 'ap_source' returned 0; elapsed 0.000405Total elapsed time: 0.591 sec.
@I [HLS-100] Command 'ap_source' returned 0; elapsed 0.000895Total elapsed time: 0.592 sec.
@I [HLS-100] Command "source /Xilinx/Vivado_HLS/2014.1/common/technology/generic/autopilot/op.gen "
@I [HLS-100] Command 'ap_source' returned 0; elapsed 0.000224Total elapsed time: 0.592 sec.
@I [HLS-100] Command "source /Xilinx/Vivado_HLS/2014.1/common/technology/generic/autopilot/op_simcore.gen "
@I [HLS-100] Command 'ap_source' returned 0; elapsed 0.000583Total elapsed time: 0.593 sec.
@I [HLS-100] Command "source /Xilinx/Vivado_HLS/2014.1/common/technology/generic/autopilot/interface.gen "
@I [HLS-100] Command 'ap_source' returned 0; elapsed 8.5e-05Total elapsed time: 0.593 sec.
@I [HLS-100] Command "source /Xilinx/xilinx_workspace/aes_runner/solution1/.autopilot/db/global.setting.tcl "
@I [HLS-100] Command 'ap_source' returned 0; elapsed 0.000121Total elapsed time: 0.593 sec.
@I [HLS-100] Command "source /Xilinx/Vivado_HLS/2014.1/common/technology/xilinx/zynq/zynq.gen "
@I [HLS-100] Command "source /Xilinx/Vivado_HLS/2014.1/common/technology/xilinx/common/virtex.gen "
@I [HLS-100] Command "source /Xilinx/Vivado_HLS/2014.1/common/technology/xilinx/common/xilinx.gen "
@I [HLS-100] Command "source /Xilinx/Vivado_HLS/2014.1/common/technology/xilinx/interface/plb46.gen "
@I [HLS-100] Command 'ap_source' returned 0; elapsed 0.000761Total elapsed time: 0.595 sec.
@I [HLS-100] Command "source /Xilinx/Vivado_HLS/2014.1/common/technology/xilinx/interface/fsl.gen "
@I [HLS-100] Command 'ap_source' returned 0; elapsed 0.000747Total elapsed time: 0.595 sec.
@I [HLS-100] Command "source /Xilinx/Vivado_HLS/2014.1/common/technology/xilinx/interface/axi4.gen "
@I [HLS-100] Command 'ap_source' returned 0; elapsed 0.001544Total elapsed time: 0.597 sec.
@I [HLS-100] Command "source /Xilinx/Vivado_HLS/2014.1/common/technology/xilinx/interface/nativeAXI4.gen "
@I [HLS-100] Command "source /Xilinx/Vivado_HLS/2014.1/common/technology/xilinx/interface/saxilite.gen "
@I [HLS-100] Command 'ap_source' returned 0; elapsed 0.001555Total elapsed time: 0.599 sec.
@I [HLS-100] Command "source /Xilinx/Vivado_HLS/2014.1/common/technology/xilinx/interface/maxi.gen "
@I [HLS-100] Command 'ap_source' returned 0; elapsed 0.001792Total elapsed time: 0.601 sec.
@I [HLS-100] Command 'ap_source' returned 0; elapsed 0.003564Total elapsed time: 0.601 sec.
@I [HLS-100] Command "source /Xilinx/Vivado_HLS/2014.1/common/technology/xilinx/scripts/xilinxcoregen.gen "
@I [HLS-100] Command 'ap_source' returned 0; elapsed 0.007219Total elapsed time: 0.608 sec.
@I [HLS-100] Command "source /Xilinx/Vivado_HLS/2014.1/common/technology/xilinx/interface/XilEDKCoreGen.gen "
@I [HLS-100] Command 'ap_source' returned 0; elapsed 0.005385Total elapsed time: 0.614 sec.
@I [HLS-100] Command "source /Xilinx/Vivado_HLS/2014.1/common/technology/xilinx/ip/util.gen "
@I [HLS-100] Command 'ap_source' returned 0; elapsed 9.4e-05Total elapsed time: 0.614 sec.
@I [HLS-100] Command "source /Xilinx/Vivado_HLS/2014.1/common/technology/xilinx/ip/xfir.gen "
@I [HLS-100] Command 'ap_source' returned 0; elapsed 0.017714Total elapsed time: 0.632 sec.
@I [HLS-100] Command "source /Xilinx/Vivado_HLS/2014.1/common/technology/xilinx/ip/xfft.gen "
@I [HLS-100] Command 'ap_source' returned 0; elapsed 0.073129Total elapsed time: 0.705 sec.
@I [HLS-100] Command 'ap_source' returned 0; elapsed 0.110807Total elapsed time: 0.705 sec.
@I [HLS-100] Command "source /Xilinx/Vivado_HLS/2014.1/common/technology/xilinx/common/dsp48.gen "
@I [HLS-100] Command 'ap_source' returned 0; elapsed 0.000147Total elapsed time: 0.706 sec.
@I [HLS-100] Command 'ap_source' returned 0; elapsed 0.112094Total elapsed time: 0.706 sec.
@I [HLS-100] Command 'ap_source' returned 0; elapsed 0.112192Total elapsed time: 0.706 sec.
@I [HLS-100] Command "source /Xilinx/Vivado_HLS/2014.1/common/technology/xilinx/zynq/zynq_fpv6.gen "
@I [HLS-100] Command "source /Xilinx/Vivado_HLS/2014.1/common/technology/xilinx/common/xilinx_fpv6.gen "
@I [HLS-100] Command 'ap_source' returned 0; elapsed 0.000901Total elapsed time: 0.707 sec.
@I [HLS-100] Command 'ap_source' returned 0; elapsed 0.000991Total elapsed time: 0.707 sec.
@I [HLS-100] Command "source /Xilinx/xilinx_workspace/aes_runner/solution1/.autopilot/db/global.setting.tcl "
@I [HLS-100] Command 'ap_source' returned 0; elapsed 0.000121Total elapsed time: 0.708 sec.
@I [IMPL-8] Exporting RTL as an IP in IP-XACT.
@I [HLS-100] Command "source /Xilinx/xilinx_workspace/aes_runner/solution1/.autopilot/db/global.setting.tcl "
@I [HLS-100] Command 'ap_source' returned 0; elapsed 0.000148Total elapsed time: 0.708 sec.
@I [HLS-100] Command "source /Xilinx/xilinx_workspace/aes_runner/solution1/.autopilot/db/global.setting.tcl "
@I [HLS-100] Command 'ap_source' returned 0; elapsed 0.000243Total elapsed time: 0.712 sec.
@I [HLS-100] Command "source /Xilinx/Vivado_HLS/2014.1/common/technology/generic/autopilot/common.gen "
@I [HLS-100] Command "source /Xilinx/Vivado_HLS/2014.1/common/technology/generic/autopilot/APCoreGen.gen "
@I [HLS-100] Command 'ap_source' returned 0; elapsed 0.000387Total elapsed time: 0.713 sec.
@I [HLS-100] Command 'ap_source' returned 0; elapsed 0.000876Total elapsed time: 0.713 sec.
@I [HLS-100] Command "source /Xilinx/Vivado_HLS/2014.1/common/technology/generic/autopilot/op.gen "
@I [HLS-100] Command 'ap_source' returned 0; elapsed 0.000252Total elapsed time: 0.714 sec.
@I [HLS-100] Command "source /Xilinx/Vivado_HLS/2014.1/common/technology/generic/autopilot/op_simcore.gen "
@I [HLS-100] Command 'ap_source' returned 0; elapsed 0.000815Total elapsed time: 0.715 sec.
@I [HLS-100] Command "source /Xilinx/Vivado_HLS/2014.1/common/technology/generic/autopilot/interface.gen "
@I [HLS-100] Command 'ap_source' returned 0; elapsed 9.9e-05Total elapsed time: 0.715 sec.
@I [HLS-100] Command "source /Xilinx/xilinx_workspace/aes_runner/solution1/.autopilot/db/global.setting.tcl "
@I [HLS-100] Command 'ap_source' returned 0; elapsed 0.000169Total elapsed time: 0.715 sec.
@I [HLS-100] Command "source /Xilinx/Vivado_HLS/2014.1/common/technology/xilinx/zynq/zynq.gen "
@I [HLS-100] Command "source /Xilinx/Vivado_HLS/2014.1/common/technology/xilinx/common/virtex.gen "
@I [HLS-100] Command "source /Xilinx/Vivado_HLS/2014.1/common/technology/xilinx/common/xilinx.gen "
@I [HLS-100] Command "source /Xilinx/Vivado_HLS/2014.1/common/technology/xilinx/interface/plb46.gen "
@I [HLS-100] Command 'ap_source' returned 0; elapsed 0.000853Total elapsed time: 0.716 sec.
@I [HLS-100] Command "source /Xilinx/Vivado_HLS/2014.1/common/technology/xilinx/interface/fsl.gen "
@I [HLS-100] Command 'ap_source' returned 0; elapsed 0.000465Total elapsed time: 0.717 sec.
@I [HLS-100] Command "source /Xilinx/Vivado_HLS/2014.1/common/technology/xilinx/interface/axi4.gen "
@I [HLS-100] Command 'ap_source' returned 0; elapsed 0.001567Total elapsed time: 0.718 sec.
@I [HLS-100] Command "source /Xilinx/Vivado_HLS/2014.1/common/technology/xilinx/interface/nativeAXI4.gen "
@I [HLS-100] Command "source /Xilinx/Vivado_HLS/2014.1/common/technology/xilinx/interface/saxilite.gen "
@I [HLS-100] Command 'ap_source' returned 0; elapsed 0.00139Total elapsed time: 0.720 sec.
@I [HLS-100] Command "source /Xilinx/Vivado_HLS/2014.1/common/technology/xilinx/interface/maxi.gen "
@I [HLS-100] Command 'ap_source' returned 0; elapsed 0.001668Total elapsed time: 0.722 sec.
@I [HLS-100] Command 'ap_source' returned 0; elapsed 0.00319Total elapsed time: 0.722 sec.
@I [HLS-100] Command "source /Xilinx/Vivado_HLS/2014.1/common/technology/xilinx/scripts/xilinxcoregen.gen "
@I [HLS-100] Command 'ap_source' returned 0; elapsed 0.005191Total elapsed time: 0.727 sec.
@I [HLS-100] Command "source /Xilinx/Vivado_HLS/2014.1/common/technology/xilinx/interface/XilEDKCoreGen.gen "
@I [HLS-100] Command 'ap_source' returned 0; elapsed 0.008357Total elapsed time: 0.735 sec.
@I [HLS-100] Command "source /Xilinx/Vivado_HLS/2014.1/common/technology/xilinx/ip/util.gen "
@I [HLS-100] Command 'ap_source' returned 0; elapsed 0.000175Total elapsed time: 0.736 sec.
@I [HLS-100] Command "source /Xilinx/Vivado_HLS/2014.1/common/technology/xilinx/ip/xfir.gen "
@I [HLS-100] Command 'ap_source' returned 0; elapsed 0.016457Total elapsed time: 0.752 sec.
@I [HLS-100] Command "source /Xilinx/Vivado_HLS/2014.1/common/technology/xilinx/ip/xfft.gen "
@I [HLS-100] Command 'ap_source' returned 0; elapsed 0.073005Total elapsed time: 0.826 sec.
@I [HLS-100] Command 'ap_source' returned 0; elapsed 0.110012Total elapsed time: 0.826 sec.
@I [HLS-100] Command "source /Xilinx/Vivado_HLS/2014.1/common/technology/xilinx/common/dsp48.gen "
@I [HLS-100] Command 'ap_source' returned 0; elapsed 0.002674Total elapsed time: 0.830 sec.
@I [HLS-100] Command 'ap_source' returned 0; elapsed 0.113958Total elapsed time: 0.830 sec.
@I [HLS-100] Command 'ap_source' returned 0; elapsed 0.114074Total elapsed time: 0.830 sec.
@I [HLS-100] Command "source /Xilinx/Vivado_HLS/2014.1/common/technology/xilinx/zynq/zynq_fpv6.gen "
@I [HLS-100] Command "source /Xilinx/Vivado_HLS/2014.1/common/technology/xilinx/common/xilinx_fpv6.gen "
@I [HLS-100] Command 'ap_source' returned 0; elapsed 0.001011Total elapsed time: 0.831 sec.
@I [HLS-100] Command 'ap_source' returned 0; elapsed 0.001154Total elapsed time: 0.831 sec.
@I [HLS-100] Command "source /Xilinx/xilinx_workspace/aes_runner/solution1/.autopilot/db/aestest.compgen.tcl "
@I [HLS-100] Command 'ap_source' returned 0; elapsed 0.000229Total elapsed time: 0.832 sec.
@I [HLS-100] Command "source /Xilinx/xilinx_workspace/aes_runner/solution1/.autopilot/db/aes.compgen.tcl "
@I [HLS-100] Command 'ap_source' returned 0; elapsed 0.000293Total elapsed time: 0.832 sec.
@I [HLS-100] Command "source /Xilinx/xilinx_workspace/aes_runner/solution1/.autopilot/db/aestest.compgen.tcl "
@I [HLS-100] Command 'ap_source' returned 0; elapsed 0.000318Total elapsed time: 0.837 sec.
@I [HLS-100] Command "source /Xilinx/xilinx_workspace/aes_runner/solution1/.autopilot/db/aes.compgen.tcl "
@I [HLS-100] Command "source /Xilinx/xilinx_workspace/aes_runner/solution1/.autopilot/db/aes.rtl_wrap.cfg.tcl "
@I [HLS-100] Command 'ap_source' returned 0; elapsed 0.000955Total elapsed time: 0.839 sec.
@I [HLS-100] Command "source /Xilinx/xilinx_workspace/aes_runner/solution1/.autopilot/db/aes.rtl_wrap.cfg.tcl "
@I [HLS-100] Command 'ap_source' returned 0; elapsed 0.000756Total elapsed time: 0.840 sec.
@I [HLS-100] Command "source /Xilinx/xilinx_workspace/aes_runner/solution1/.autopilot/db/aes.tbgen.tcl "
@I [HLS-100] Command 'ap_source' returned 0; elapsed 0.000176Total elapsed time: 0.841 sec.
@I [HLS-100] Command "source /Xilinx/xilinx_workspace/aes_runner/solution1/.autopilot/db/aes.tbgen.tcl "
@I [HLS-100] Command 'ap_source' returned 0; elapsed 0.000185Total elapsed time: 0.841 sec.
@I [HLS-100] Command 'ap_source' returned 0; elapsed 0.054708Total elapsed time: 0.893 sec.
@I [HLS-100] Command "source /Xilinx/xilinx_workspace/aes_runner/solution1/.autopilot/db/aestest.compgen.tcl "
@I [HLS-100] Command 'ap_source' returned 0; elapsed 0.000166Total elapsed time: 0.895 sec.
@I [HLS-100] Command "source /Xilinx/xilinx_workspace/aes_runner/solution1/.autopilot/db/aes.compgen.tcl "
@I [HLS-100] Command 'ap_source' returned 0; elapsed 9.2e-05Total elapsed time: 0.896 sec.
@I [HLS-100] Command "source /Xilinx/xilinx_workspace/aes_runner/solution1/.autopilot/db/global.setting.tcl "
@I [HLS-100] Command 'ap_source' returned 0; elapsed 0.000128Total elapsed time: 1.40 sec.
@I [HLS-100] Command "source /Xilinx/xilinx_workspace/aes_runner/solution1/.autopilot/db/aes.constraint.tcl "
@I [HLS-100] Command 'ap_source' returned 0; elapsed 7e-05Total elapsed time: 1.41 sec.
@I [HLS-100] Command "source /Xilinx/xilinx_workspace/aes_runner/solution1/.autopilot/db/aes.rtl_wrap.cfg.tcl "
@I [HLS-100] Command 'ap_source' returned 0; elapsed 0.000818Total elapsed time: 1.83 sec.
@I [HLS-100] Command "source /Xilinx/xilinx_workspace/aes_runner/solution1/.autopilot/db/aes.rtl_wrap.cfg.tcl "
@I [HLS-100] Command 'ap_source' returned 0; elapsed 0.00071Total elapsed time: 1.84 sec.
@I [HLS-100] Command "source /Xilinx/xilinx_workspace/aes_runner/solution1/.autopilot/db/aes.tbgen.tcl "
@I [HLS-100] Command 'ap_source' returned 0; elapsed 0.000155Total elapsed time: 1.84 sec.
@I [HLS-100] Command "source /Xilinx/xilinx_workspace/aes_runner/solution1/.autopilot/db/aes.tbgen.tcl "
@I [HLS-100] Command 'ap_source' returned 0; elapsed 0.000146Total elapsed time: 1.85 sec.
@I [HLS-100] Command "source /Xilinx/xilinx_workspace/aes_runner/solution1/.autopilot/db/aes.rtl_wrap.cfg.tcl "
@I [HLS-100] Command 'ap_source' returned 0; elapsed 0.000584Total elapsed time: 1.136 sec.
@I [HLS-100] Command "source /Xilinx/xilinx_workspace/aes_runner/solution1/.autopilot/db/aes.rtl_wrap.cfg.tcl "
@I [HLS-100] Command 'ap_source' returned 0; elapsed 0.000646Total elapsed time: 1.137 sec.
@I [HLS-100] Command "source /Xilinx/xilinx_workspace/aes_runner/solution1/.autopilot/db/aes.tbgen.tcl "
@I [HLS-100] Command 'ap_source' returned 0; elapsed 0.00016Total elapsed time: 1.137 sec.
@I [HLS-100] Command "source /Xilinx/xilinx_workspace/aes_runner/solution1/.autopilot/db/aes.tbgen.tcl "
@I [HLS-100] Command 'ap_source' returned 0; elapsed 0.000139Total elapsed time: 1.137 sec.
@I [HLS-100] Command "source /Xilinx/xilinx_workspace/aes_runner/solution1/.autopilot/db/global.setting.tcl "
@I [HLS-100] Command 'ap_source' returned 0; elapsed 0.000135Total elapsed time: 1.189 sec.
@I [HLS-100] Command "source /Xilinx/xilinx_workspace/aes_runner/solution1/.autopilot/db/global.setting.tcl "
@I [HLS-100] Command 'ap_source' returned 0; elapsed 0.000146Total elapsed time: 1.196 sec.
@I [HLS-100] Command "source /Xilinx/xilinx_workspace/aes_runner/solution1/.autopilot/db/aes.constraint.tcl "
@I [HLS-100] Command 'ap_source' returned 0; elapsed 6.7e-05Total elapsed time: 1.197 sec.
@I [HLS-100] Command "source /Xilinx/xilinx_workspace/aes_runner/solution1/.autopilot/db/aes.constraint.tcl "
@I [HLS-100] Command 'ap_source' returned 0; elapsed 5.6e-05Total elapsed time: 1.197 sec.
@I [HLS-100] Command "source /Xilinx/Vivado_HLS/2014.1/common/technology/generic/autopilot/common.gen "
@I [HLS-100] Command "source /Xilinx/Vivado_HLS/2014.1/common/technology/generic/autopilot/APCoreGen.gen "
@I [HLS-100] Command 'ap_source' returned 0; elapsed 0.000486Total elapsed time: 1.200 sec.
@I [HLS-100] Command 'ap_source' returned 0; elapsed 0.001123Total elapsed time: 1.200 sec.
@I [HLS-100] Command "source /Xilinx/Vivado_HLS/2014.1/common/technology/generic/autopilot/op.gen "
@I [HLS-100] Command 'ap_source' returned 0; elapsed 0.0002Total elapsed time: 1.201 sec.
@I [HLS-100] Command "source /Xilinx/Vivado_HLS/2014.1/common/technology/generic/autopilot/op_simcore.gen "
@I [HLS-100] Command 'ap_source' returned 0; elapsed 0.00052Total elapsed time: 1.201 sec.
@I [HLS-100] Command "source /Xilinx/Vivado_HLS/2014.1/common/technology/generic/autopilot/interface.gen "
@I [HLS-100] Command 'ap_source' returned 0; elapsed 7.9e-05Total elapsed time: 1.201 sec.
@I [HLS-100] Command "source /Xilinx/xilinx_workspace/aes_runner/solution1/.autopilot/db/global.setting.tcl "
@I [HLS-100] Command 'ap_source' returned 0; elapsed 0.000115Total elapsed time: 1.202 sec.
@I [HLS-100] Command "source /Xilinx/Vivado_HLS/2014.1/common/technology/xilinx/zynq/zynq.gen "
@I [HLS-100] Command "source /Xilinx/Vivado_HLS/2014.1/common/technology/xilinx/common/virtex.gen "
@I [HLS-100] Command "source /Xilinx/Vivado_HLS/2014.1/common/technology/xilinx/common/xilinx.gen "
@I [HLS-100] Command "source /Xilinx/Vivado_HLS/2014.1/common/technology/xilinx/interface/plb46.gen "
@I [HLS-100] Command 'ap_source' returned 0; elapsed 0.000685Total elapsed time: 1.202 sec.
@I [HLS-100] Command "source /Xilinx/Vivado_HLS/2014.1/common/technology/xilinx/interface/fsl.gen "
@I [HLS-100] Command 'ap_source' returned 0; elapsed 0.000307Total elapsed time: 1.203 sec.
@I [HLS-100] Command "source /Xilinx/Vivado_HLS/2014.1/common/technology/xilinx/interface/axi4.gen "
@I [HLS-100] Command 'ap_source' returned 0; elapsed 0.001446Total elapsed time: 1.204 sec.
@I [HLS-100] Command "source /Xilinx/Vivado_HLS/2014.1/common/technology/xilinx/interface/nativeAXI4.gen "
@I [HLS-100] Command "source /Xilinx/Vivado_HLS/2014.1/common/technology/xilinx/interface/saxilite.gen "
@I [HLS-100] Command 'ap_source' returned 0; elapsed 0.001226Total elapsed time: 1.206 sec.
@I [HLS-100] Command "source /Xilinx/Vivado_HLS/2014.1/common/technology/xilinx/interface/maxi.gen "
@I [HLS-100] Command 'ap_source' returned 0; elapsed 0.00178Total elapsed time: 1.207 sec.
@I [HLS-100] Command 'ap_source' returned 0; elapsed 0.003121Total elapsed time: 1.208 sec.
@I [HLS-100] Command "source /Xilinx/Vivado_HLS/2014.1/common/technology/xilinx/scripts/xilinxcoregen.gen "
@I [HLS-100] Command 'ap_source' returned 0; elapsed 0.00543Total elapsed time: 1.213 sec.
@I [HLS-100] Command "source /Xilinx/Vivado_HLS/2014.1/common/technology/xilinx/interface/XilEDKCoreGen.gen "
@I [HLS-100] Command 'ap_source' returned 0; elapsed 0.005661Total elapsed time: 1.219 sec.
@I [HLS-100] Command "source /Xilinx/Vivado_HLS/2014.1/common/technology/xilinx/ip/util.gen "
@I [HLS-100] Command 'ap_source' returned 0; elapsed 9.8e-05Total elapsed time: 1.219 sec.
@I [HLS-100] Command "source /Xilinx/Vivado_HLS/2014.1/common/technology/xilinx/ip/xfir.gen "
@I [HLS-100] Command 'ap_source' returned 0; elapsed 0.016584Total elapsed time: 1.236 sec.
@I [HLS-100] Command "source /Xilinx/Vivado_HLS/2014.1/common/technology/xilinx/ip/xfft.gen "
@I [HLS-100] Command 'ap_source' returned 0; elapsed 0.070424Total elapsed time: 1.307 sec.
@I [HLS-100] Command 'ap_source' returned 0; elapsed 0.104545Total elapsed time: 1.307 sec.
@I [HLS-100] Command "source /Xilinx/Vivado_HLS/2014.1/common/technology/xilinx/common/dsp48.gen "
@I [HLS-100] Command 'ap_source' returned 0; elapsed 0.000133Total elapsed time: 1.308 sec.
@I [HLS-100] Command 'ap_source' returned 0; elapsed 0.105662Total elapsed time: 1.308 sec.
@I [HLS-100] Command 'ap_source' returned 0; elapsed 0.105746Total elapsed time: 1.308 sec.
@I [HLS-100] Command "source /Xilinx/Vivado_HLS/2014.1/common/technology/xilinx/zynq/zynq_fpv6.gen "
@I [HLS-100] Command "source /Xilinx/Vivado_HLS/2014.1/common/technology/xilinx/common/xilinx_fpv6.gen "
@I [HLS-100] Command 'ap_source' returned 0; elapsed 0.000851Total elapsed time: 1.309 sec.
@I [HLS-100] Command 'ap_source' returned 0; elapsed 0.000941Total elapsed time: 1.309 sec.
@I [HLS-100] Command "source /Xilinx/xilinx_workspace/aes_runner/solution1/.autopilot/db/global.setting.tcl "
@I [HLS-100] Command 'ap_source' returned 0; elapsed 0.000227Total elapsed time: 26.565 sec.
@I [HLS-100] Command "source /Xilinx/Vivado_HLS/2014.1/common/technology/generic/autopilot/common.gen "
@I [HLS-100] Command "source /Xilinx/Vivado_HLS/2014.1/common/technology/generic/autopilot/APCoreGen.gen "
@I [HLS-100] Command 'ap_source' returned 0; elapsed 0.000469Total elapsed time: 26.570 sec.
@I [HLS-100] Command 'ap_source' returned 0; elapsed 0.001046Total elapsed time: 26.570 sec.
@I [HLS-100] Command "source /Xilinx/Vivado_HLS/2014.1/common/technology/generic/autopilot/op.gen "
@I [HLS-100] Command 'ap_source' returned 0; elapsed 0.00026Total elapsed time: 26.571 sec.
@I [HLS-100] Command "source /Xilinx/Vivado_HLS/2014.1/common/technology/generic/autopilot/op_simcore.gen "
@I [HLS-100] Command 'ap_source' returned 0; elapsed 0.000679Total elapsed time: 26.571 sec.
@I [HLS-100] Command "source /Xilinx/Vivado_HLS/2014.1/common/technology/generic/autopilot/interface.gen "
@I [HLS-100] Command 'ap_source' returned 0; elapsed 9.2e-05Total elapsed time: 26.571 sec.
@I [HLS-100] Command "source /Xilinx/xilinx_workspace/aes_runner/solution1/.autopilot/db/global.setting.tcl "
@I [HLS-100] Command 'ap_source' returned 0; elapsed 0.00013Total elapsed time: 26.572 sec.
@I [HLS-100] Command "source /Xilinx/Vivado_HLS/2014.1/common/technology/xilinx/zynq/zynq.gen "
@I [HLS-100] Command "source /Xilinx/Vivado_HLS/2014.1/common/technology/xilinx/common/virtex.gen "
@I [HLS-100] Command "source /Xilinx/Vivado_HLS/2014.1/common/technology/xilinx/common/xilinx.gen "
@I [HLS-100] Command "source /Xilinx/Vivado_HLS/2014.1/common/technology/xilinx/interface/plb46.gen "
@I [HLS-100] Command 'ap_source' returned 0; elapsed 0.000958Total elapsed time: 26.573 sec.
@I [HLS-100] Command "source /Xilinx/Vivado_HLS/2014.1/common/technology/xilinx/interface/fsl.gen "
@I [HLS-100] Command 'ap_source' returned 0; elapsed 0.000445Total elapsed time: 26.573 sec.
@I [HLS-100] Command "source /Xilinx/Vivado_HLS/2014.1/common/technology/xilinx/interface/axi4.gen "
@I [HLS-100] Command 'ap_source' returned 0; elapsed 0.001882Total elapsed time: 26.575 sec.
@I [HLS-100] Command "source /Xilinx/Vivado_HLS/2014.1/common/technology/xilinx/interface/nativeAXI4.gen "
@I [HLS-100] Command "source /Xilinx/Vivado_HLS/2014.1/common/technology/xilinx/interface/saxilite.gen "
@I [HLS-100] Command 'ap_source' returned 0; elapsed 0.001484Total elapsed time: 26.577 sec.
@I [HLS-100] Command "source /Xilinx/Vivado_HLS/2014.1/common/technology/xilinx/interface/maxi.gen "
@I [HLS-100] Command 'ap_source' returned 0; elapsed 0.001791Total elapsed time: 26.579 sec.
@I [HLS-100] Command 'ap_source' returned 0; elapsed 0.003405Total elapsed time: 26.579 sec.
@I [HLS-100] Command "source /Xilinx/Vivado_HLS/2014.1/common/technology/xilinx/scripts/xilinxcoregen.gen "
@I [HLS-100] Command 'ap_source' returned 0; elapsed 0.005797Total elapsed time: 26.585 sec.
@I [HLS-100] Command "source /Xilinx/Vivado_HLS/2014.1/common/technology/xilinx/interface/XilEDKCoreGen.gen "
@I [HLS-100] Command 'ap_source' returned 0; elapsed 0.007448Total elapsed time: 26.592 sec.
@I [HLS-100] Command "source /Xilinx/Vivado_HLS/2014.1/common/technology/xilinx/ip/util.gen "
@I [HLS-100] Command 'ap_source' returned 0; elapsed 0.000158Total elapsed time: 26.593 sec.
@I [HLS-100] Command "source /Xilinx/Vivado_HLS/2014.1/common/technology/xilinx/ip/xfir.gen "
@I [HLS-100] Command 'ap_source' returned 0; elapsed 0.022407Total elapsed time: 26.615 sec.
@I [HLS-100] Command "source /Xilinx/Vivado_HLS/2014.1/common/technology/xilinx/ip/xfft.gen "
@I [HLS-100] Command 'ap_source' returned 0; elapsed 0.065755Total elapsed time: 26.681 sec.
@I [HLS-100] Command 'ap_source' returned 0; elapsed 0.108931Total elapsed time: 26.681 sec.
@I [HLS-100] Command "source /Xilinx/Vivado_HLS/2014.1/common/technology/xilinx/common/dsp48.gen "
@I [HLS-100] Command 'ap_source' returned 0; elapsed 0.000224Total elapsed time: 26.682 sec.
@I [HLS-100] Command 'ap_source' returned 0; elapsed 0.110316Total elapsed time: 26.682 sec.
@I [HLS-100] Command 'ap_source' returned 0; elapsed 0.110421Total elapsed time: 26.682 sec.
@I [HLS-100] Command "source /Xilinx/Vivado_HLS/2014.1/common/technology/xilinx/zynq/zynq_fpv6.gen "
@I [HLS-100] Command "source /Xilinx/Vivado_HLS/2014.1/common/technology/xilinx/common/xilinx_fpv6.gen "
@I [HLS-100] Command 'ap_source' returned 0; elapsed 0.000971Total elapsed time: 26.683 sec.
@I [HLS-100] Command 'ap_source' returned 0; elapsed 0.001071Total elapsed time: 26.684 sec.
@I [HLS-100] Command "source /Xilinx/xilinx_workspace/aes_runner/solution1/.autopilot/db/global.setting.tcl "
@I [HLS-100] Command 'ap_source' returned 0; elapsed 0.000143Total elapsed time: 26.684 sec.
@I [HLS-100] Command "source /Xilinx/xilinx_workspace/aes_runner/solution1/.autopilot/db/global.setting.tcl "
@I [HLS-100] Command 'ap_source' returned 0; elapsed 0.000114Total elapsed time: 26.684 sec.
@I [HLS-100] Command "source /Xilinx/xilinx_workspace/aes_runner/solution1/.autopilot/db/global.setting.tcl "
@I [HLS-100] Command 'ap_source' returned 0; elapsed 0.000115Total elapsed time: 26.686 sec.
@I [HLS-100] Command "source /Xilinx/Vivado_HLS/2014.1/common/technology/generic/autopilot/common.gen "
@I [HLS-100] Command "source /Xilinx/Vivado_HLS/2014.1/common/technology/generic/autopilot/APCoreGen.gen "
@I [HLS-100] Command 'ap_source' returned 0; elapsed 0.000465Total elapsed time: 26.687 sec.
@I [HLS-100] Command 'ap_source' returned 0; elapsed 0.001005Total elapsed time: 26.687 sec.
@I [HLS-100] Command "source /Xilinx/Vivado_HLS/2014.1/common/technology/generic/autopilot/op.gen "
@I [HLS-100] Command 'ap_source' returned 0; elapsed 0.000287Total elapsed time: 26.688 sec.
@I [HLS-100] Command "source /Xilinx/Vivado_HLS/2014.1/common/technology/generic/autopilot/op_simcore.gen "
@I [HLS-100] Command 'ap_source' returned 0; elapsed 0.000533Total elapsed time: 26.688 sec.
@I [HLS-100] Command "source /Xilinx/Vivado_HLS/2014.1/common/technology/generic/autopilot/interface.gen "
@I [HLS-100] Command 'ap_source' returned 0; elapsed 0.000107Total elapsed time: 26.688 sec.
@I [HLS-100] Command "source /Xilinx/xilinx_workspace/aes_runner/solution1/.autopilot/db/global.setting.tcl "
@I [HLS-100] Command 'ap_source' returned 0; elapsed 0.000145Total elapsed time: 26.689 sec.
@I [HLS-100] Command "source /Xilinx/Vivado_HLS/2014.1/common/technology/xilinx/zynq/zynq.gen "
@I [HLS-100] Command "source /Xilinx/Vivado_HLS/2014.1/common/technology/xilinx/common/virtex.gen "
@I [HLS-100] Command "source /Xilinx/Vivado_HLS/2014.1/common/technology/xilinx/common/xilinx.gen "
@I [HLS-100] Command "source /Xilinx/Vivado_HLS/2014.1/common/technology/xilinx/interface/plb46.gen "
@I [HLS-100] Command 'ap_source' returned 0; elapsed 0.000913Total elapsed time: 26.690 sec.
@I [HLS-100] Command "source /Xilinx/Vivado_HLS/2014.1/common/technology/xilinx/interface/fsl.gen "
@I [HLS-100] Command 'ap_source' returned 0; elapsed 0.000485Total elapsed time: 26.690 sec.
@I [HLS-100] Command "source /Xilinx/Vivado_HLS/2014.1/common/technology/xilinx/interface/axi4.gen "
@I [HLS-100] Command 'ap_source' returned 0; elapsed 0.001922Total elapsed time: 26.693 sec.
@I [HLS-100] Command "source /Xilinx/Vivado_HLS/2014.1/common/technology/xilinx/interface/nativeAXI4.gen "
@I [HLS-100] Command "source /Xilinx/Vivado_HLS/2014.1/common/technology/xilinx/interface/saxilite.gen "
@I [HLS-100] Command 'ap_source' returned 0; elapsed 0.002396Total elapsed time: 26.695 sec.
@I [HLS-100] Command "source /Xilinx/Vivado_HLS/2014.1/common/technology/xilinx/interface/maxi.gen "
@I [HLS-100] Command 'ap_source' returned 0; elapsed 0.001574Total elapsed time: 26.697 sec.
@I [HLS-100] Command 'ap_source' returned 0; elapsed 0.00425Total elapsed time: 26.697 sec.
@I [HLS-100] Command "source /Xilinx/Vivado_HLS/2014.1/common/technology/xilinx/scripts/xilinxcoregen.gen "
@I [HLS-100] Command 'ap_source' returned 0; elapsed 0.008935Total elapsed time: 26.706 sec.
@I [HLS-100] Command "source /Xilinx/Vivado_HLS/2014.1/common/technology/xilinx/interface/XilEDKCoreGen.gen "
@I [HLS-100] Command 'ap_source' returned 0; elapsed 0.005688Total elapsed time: 26.712 sec.
@I [HLS-100] Command "source /Xilinx/Vivado_HLS/2014.1/common/technology/xilinx/ip/util.gen "
@I [HLS-100] Command 'ap_source' returned 0; elapsed 0.000103Total elapsed time: 26.712 sec.
@I [HLS-100] Command "source /Xilinx/Vivado_HLS/2014.1/common/technology/xilinx/ip/xfir.gen "
@I [HLS-100] Command 'ap_source' returned 0; elapsed 0.022316Total elapsed time: 26.735 sec.
@I [HLS-100] Command "source /Xilinx/Vivado_HLS/2014.1/common/technology/xilinx/ip/xfft.gen "
@I [HLS-100] Command 'ap_source' returned 0; elapsed 0.07053Total elapsed time: 26.805 sec.
@I [HLS-100] Command 'ap_source' returned 0; elapsed 0.115908Total elapsed time: 26.805 sec.
@I [HLS-100] Command "source /Xilinx/Vivado_HLS/2014.1/common/technology/xilinx/common/dsp48.gen "
@I [HLS-100] Command 'ap_source' returned 0; elapsed 0.000318Total elapsed time: 26.807 sec.
@I [HLS-100] Command 'ap_source' returned 0; elapsed 0.118441Total elapsed time: 26.808 sec.
@I [HLS-100] Command 'ap_source' returned 0; elapsed 0.118584Total elapsed time: 26.808 sec.
@I [HLS-100] Command "source /Xilinx/Vivado_HLS/2014.1/common/technology/xilinx/zynq/zynq_fpv6.gen "
@I [HLS-100] Command "source /Xilinx/Vivado_HLS/2014.1/common/technology/xilinx/common/xilinx_fpv6.gen "
@I [HLS-100] Command 'ap_source' returned 0; elapsed 0.001063Total elapsed time: 26.809 sec.
@I [HLS-100] Command 'ap_source' returned 0; elapsed 0.001223Total elapsed time: 26.809 sec.
@I [HLS-100] Command "source /Xilinx/xilinx_workspace/aes_runner/solution1/.autopilot/db/aestest.compgen.tcl "
@I [HLS-100] Command 'ap_source' returned 0; elapsed 0.00016Total elapsed time: 26.810 sec.
@I [HLS-100] Command "source /Xilinx/xilinx_workspace/aes_runner/solution1/.autopilot/db/aes.compgen.tcl "
@I [HLS-100] Command 'ap_source' returned 0; elapsed 9.4e-05Total elapsed time: 26.810 sec.
@I [HLS-100] Command "source /Xilinx/xilinx_workspace/aes_runner/solution1/.autopilot/db/global.setting.tcl "
@I [HLS-100] Command 'ap_source' returned 0; elapsed 0.00011Total elapsed time: 26.821 sec.
@I [HLS-100] Command "source /Xilinx/xilinx_workspace/aes_runner/solution1/.autopilot/db/aes.constraint.tcl "
@I [HLS-100] Command 'ap_source' returned 0; elapsed 5.5e-05Total elapsed time: 26.821 sec.
@I [HLS-100] Command "source /Xilinx/Vivado_HLS/2014.1/common/technology/generic/autopilot/common.gen "
@I [HLS-100] Command "source /Xilinx/Vivado_HLS/2014.1/common/technology/generic/autopilot/APCoreGen.gen "
@I [HLS-100] Command 'ap_source' returned 0; elapsed 0.000428Total elapsed time: 26.822 sec.
@I [HLS-100] Command 'ap_source' returned 0; elapsed 0.00084Total elapsed time: 26.823 sec.
@I [HLS-100] Command "source /Xilinx/Vivado_HLS/2014.1/common/technology/generic/autopilot/op.gen "
@I [HLS-100] Command 'ap_source' returned 0; elapsed 0.000198Total elapsed time: 26.823 sec.
@I [HLS-100] Command "source /Xilinx/Vivado_HLS/2014.1/common/technology/generic/autopilot/op_simcore.gen "
@I [HLS-100] Command 'ap_source' returned 0; elapsed 0.000515Total elapsed time: 26.823 sec.
@I [HLS-100] Command "source /Xilinx/Vivado_HLS/2014.1/common/technology/generic/autopilot/interface.gen "
@I [HLS-100] Command 'ap_source' returned 0; elapsed 8.3e-05Total elapsed time: 26.823 sec.
@I [HLS-100] Command "source /Xilinx/xilinx_workspace/aes_runner/solution1/.autopilot/db/global.setting.tcl "
@I [HLS-100] Command 'ap_source' returned 0; elapsed 0.000101Total elapsed time: 26.824 sec.
@I [HLS-100] Command "source /Xilinx/Vivado_HLS/2014.1/common/technology/xilinx/zynq/zynq.gen "
@I [HLS-100] Command "source /Xilinx/Vivado_HLS/2014.1/common/technology/xilinx/common/virtex.gen "
@I [HLS-100] Command "source /Xilinx/Vivado_HLS/2014.1/common/technology/xilinx/common/xilinx.gen "
@I [HLS-100] Command "source /Xilinx/Vivado_HLS/2014.1/common/technology/xilinx/interface/plb46.gen "
@I [HLS-100] Command 'ap_source' returned 0; elapsed 0.000722Total elapsed time: 26.825 sec.
@I [HLS-100] Command "source /Xilinx/Vivado_HLS/2014.1/common/technology/xilinx/interface/fsl.gen "
@I [HLS-100] Command 'ap_source' returned 0; elapsed 0.000409Total elapsed time: 26.825 sec.
@I [HLS-100] Command "source /Xilinx/Vivado_HLS/2014.1/common/technology/xilinx/interface/axi4.gen "
@I [HLS-100] Command 'ap_source' returned 0; elapsed 0.001637Total elapsed time: 26.827 sec.
@I [HLS-100] Command "source /Xilinx/Vivado_HLS/2014.1/common/technology/xilinx/interface/nativeAXI4.gen "
@I [HLS-100] Command "source /Xilinx/Vivado_HLS/2014.1/common/technology/xilinx/interface/saxilite.gen "
@I [HLS-100] Command 'ap_source' returned 0; elapsed 0.001301Total elapsed time: 26.828 sec.
@I [HLS-100] Command "source /Xilinx/Vivado_HLS/2014.1/common/technology/xilinx/interface/maxi.gen "
@I [HLS-100] Command 'ap_source' returned 0; elapsed 0.00161Total elapsed time: 26.830 sec.
@I [HLS-100] Command 'ap_source' returned 0; elapsed 0.003036Total elapsed time: 26.830 sec.
@I [HLS-100] Command "source /Xilinx/Vivado_HLS/2014.1/common/technology/xilinx/scripts/xilinxcoregen.gen "
@I [HLS-100] Command 'ap_source' returned 0; elapsed 0.004678Total elapsed time: 26.835 sec.
@I [HLS-100] Command "source /Xilinx/Vivado_HLS/2014.1/common/technology/xilinx/interface/XilEDKCoreGen.gen "
@I [HLS-100] Command 'ap_source' returned 0; elapsed 0.005409Total elapsed time: 26.840 sec.
@I [HLS-100] Command "source /Xilinx/Vivado_HLS/2014.1/common/technology/xilinx/ip/util.gen "
@I [HLS-100] Command 'ap_source' returned 0; elapsed 0.000161Total elapsed time: 26.840 sec.
@I [HLS-100] Command "source /Xilinx/Vivado_HLS/2014.1/common/technology/xilinx/ip/xfir.gen "
@I [HLS-100] Command 'ap_source' returned 0; elapsed 0.016942Total elapsed time: 26.857 sec.
@I [HLS-100] Command "source /Xilinx/Vivado_HLS/2014.1/common/technology/xilinx/ip/xfft.gen "
@I [HLS-100] Command 'ap_source' returned 0; elapsed 0.073278Total elapsed time: 26.931 sec.
@I [HLS-100] Command 'ap_source' returned 0; elapsed 0.106686Total elapsed time: 26.931 sec.
@I [HLS-100] Command "source /Xilinx/Vivado_HLS/2014.1/common/technology/xilinx/common/dsp48.gen "
@I [HLS-100] Command 'ap_source' returned 0; elapsed 0.000147Total elapsed time: 26.932 sec.
@I [HLS-100] Command 'ap_source' returned 0; elapsed 0.108007Total elapsed time: 26.932 sec.
@I [HLS-100] Command 'ap_source' returned 0; elapsed 0.108096Total elapsed time: 26.932 sec.
@I [HLS-100] Command "source /Xilinx/Vivado_HLS/2014.1/common/technology/xilinx/zynq/zynq_fpv6.gen "
@I [HLS-100] Command "source /Xilinx/Vivado_HLS/2014.1/common/technology/xilinx/common/xilinx_fpv6.gen "
@I [HLS-100] Command 'ap_source' returned 0; elapsed 0.000861Total elapsed time: 26.933 sec.
@I [HLS-100] Command 'ap_source' returned 0; elapsed 0.000972Total elapsed time: 26.933 sec.
@I [HLS-100] Command "source /Xilinx/xilinx_workspace/aes_runner/solution1/.autopilot/db/global.setting.tcl "
@I [HLS-100] Command 'ap_source' returned 0; elapsed 0.000182Total elapsed time: 32.561 sec.
@I [HLS-100] Command "source /Xilinx/Vivado_HLS/2014.1/common/technology/generic/autopilot/common.gen "
@I [HLS-100] Command "source /Xilinx/Vivado_HLS/2014.1/common/technology/generic/autopilot/APCoreGen.gen "
@I [HLS-100] Command 'ap_source' returned 0; elapsed 0.000498Total elapsed time: 32.565 sec.
@I [HLS-100] Command 'ap_source' returned 0; elapsed 0.001221Total elapsed time: 32.565 sec.
@I [HLS-100] Command "source /Xilinx/Vivado_HLS/2014.1/common/technology/generic/autopilot/op.gen "
@I [HLS-100] Command 'ap_source' returned 0; elapsed 0.000303Total elapsed time: 32.566 sec.
@I [HLS-100] Command "source /Xilinx/Vivado_HLS/2014.1/common/technology/generic/autopilot/op_simcore.gen "
@I [HLS-100] Command 'ap_source' returned 0; elapsed 0.000682Total elapsed time: 32.566 sec.
@I [HLS-100] Command "source /Xilinx/Vivado_HLS/2014.1/common/technology/generic/autopilot/interface.gen "
@I [HLS-100] Command 'ap_source' returned 0; elapsed 0.000114Total elapsed time: 32.567 sec.
@I [HLS-100] Command "source /Xilinx/xilinx_workspace/aes_runner/solution1/.autopilot/db/global.setting.tcl "
@I [HLS-100] Command 'ap_source' returned 0; elapsed 0.000166Total elapsed time: 32.567 sec.
@I [HLS-100] Command "source /Xilinx/Vivado_HLS/2014.1/common/technology/xilinx/zynq/zynq.gen "
@I [HLS-100] Command "source /Xilinx/Vivado_HLS/2014.1/common/technology/xilinx/common/virtex.gen "
@I [HLS-100] Command "source /Xilinx/Vivado_HLS/2014.1/common/technology/xilinx/common/xilinx.gen "
@I [HLS-100] Command "source /Xilinx/Vivado_HLS/2014.1/common/technology/xilinx/interface/plb46.gen "
@I [HLS-100] Command 'ap_source' returned 0; elapsed 0.001748Total elapsed time: 32.569 sec.
@I [HLS-100] Command "source /Xilinx/Vivado_HLS/2014.1/common/technology/xilinx/interface/fsl.gen "
@I [HLS-100] Command 'ap_source' returned 0; elapsed 0.000997Total elapsed time: 32.570 sec.
@I [HLS-100] Command "source /Xilinx/Vivado_HLS/2014.1/common/technology/xilinx/interface/axi4.gen "
@I [HLS-100] Command 'ap_source' returned 0; elapsed 0.001987Total elapsed time: 32.572 sec.
@I [HLS-100] Command "source /Xilinx/Vivado_HLS/2014.1/common/technology/xilinx/interface/nativeAXI4.gen "
@I [HLS-100] Command "source /Xilinx/Vivado_HLS/2014.1/common/technology/xilinx/interface/saxilite.gen "
@I [HLS-100] Command 'ap_source' returned 0; elapsed 0.001397Total elapsed time: 32.574 sec.
@I [HLS-100] Command "source /Xilinx/Vivado_HLS/2014.1/common/technology/xilinx/interface/maxi.gen "
@I [HLS-100] Command 'ap_source' returned 0; elapsed 0.00197Total elapsed time: 32.576 sec.
@I [HLS-100] Command 'ap_source' returned 0; elapsed 0.003532Total elapsed time: 32.576 sec.
@I [HLS-100] Command "source /Xilinx/Vivado_HLS/2014.1/common/technology/xilinx/scripts/xilinxcoregen.gen "
@I [HLS-100] Command 'ap_source' returned 0; elapsed 0.006838Total elapsed time: 32.582 sec.
@I [HLS-100] Command "source /Xilinx/Vivado_HLS/2014.1/common/technology/xilinx/interface/XilEDKCoreGen.gen "
@I [HLS-100] Command 'ap_source' returned 0; elapsed 0.007532Total elapsed time: 32.590 sec.
@I [HLS-100] Command "source /Xilinx/Vivado_HLS/2014.1/common/technology/xilinx/ip/util.gen "
@I [HLS-100] Command 'ap_source' returned 0; elapsed 0.000119Total elapsed time: 32.590 sec.
@I [HLS-100] Command "source /Xilinx/Vivado_HLS/2014.1/common/technology/xilinx/ip/xfir.gen "
@I [HLS-100] Command 'ap_source' returned 0; elapsed 0.017421Total elapsed time: 32.608 sec.
@I [HLS-100] Command "source /Xilinx/Vivado_HLS/2014.1/common/technology/xilinx/ip/xfft.gen "
@I [HLS-100] Command 'ap_source' returned 0; elapsed 0.06933Total elapsed time: 32.683 sec.
@I [HLS-100] Command 'ap_source' returned 0; elapsed 0.110108Total elapsed time: 32.683 sec.
@I [HLS-100] Command "source /Xilinx/Vivado_HLS/2014.1/common/technology/xilinx/common/dsp48.gen "
@I [HLS-100] Command 'ap_source' returned 0; elapsed 0.000982Total elapsed time: 32.685 sec.
@I [HLS-100] Command 'ap_source' returned 0; elapsed 0.111997Total elapsed time: 32.685 sec.
@I [HLS-100] Command 'ap_source' returned 0; elapsed 0.112109Total elapsed time: 32.685 sec.
@I [HLS-100] Command "source /Xilinx/Vivado_HLS/2014.1/common/technology/xilinx/zynq/zynq_fpv6.gen "
@I [HLS-100] Command "source /Xilinx/Vivado_HLS/2014.1/common/technology/xilinx/common/xilinx_fpv6.gen "
@I [HLS-100] Command 'ap_source' returned 0; elapsed 0.00094Total elapsed time: 32.686 sec.
@I [HLS-100] Command 'ap_source' returned 0; elapsed 0.001048Total elapsed time: 32.686 sec.
@I [HLS-100] Command "source /Xilinx/xilinx_workspace/aes_runner/solution1/.autopilot/db/global.setting.tcl "
@I [HLS-100] Command 'ap_source' returned 0; elapsed 0.000178Total elapsed time: 32.687 sec.
@I [HLS-100] Command "source /Xilinx/xilinx_workspace/aes_runner/solution1/.autopilot/db/global.setting.tcl "
@I [HLS-100] Command 'ap_source' returned 0; elapsed 0.000113Total elapsed time: 32.687 sec.
@I [HLS-100] Command "source /Xilinx/xilinx_workspace/aes_runner/solution1/.autopilot/db/global.setting.tcl "
@I [HLS-100] Command 'ap_source' returned 0; elapsed 0.000197Total elapsed time: 32.690 sec.
@I [HLS-100] Command "source /Xilinx/Vivado_HLS/2014.1/common/technology/generic/autopilot/common.gen "
@I [HLS-100] Command "source /Xilinx/Vivado_HLS/2014.1/common/technology/generic/autopilot/APCoreGen.gen "
@I [HLS-100] Command 'ap_source' returned 0; elapsed 0.000515Total elapsed time: 32.691 sec.
@I [HLS-100] Command 'ap_source' returned 0; elapsed 0.00114Total elapsed time: 32.691 sec.
@I [HLS-100] Command "source /Xilinx/Vivado_HLS/2014.1/common/technology/generic/autopilot/op.gen "
@I [HLS-100] Command 'ap_source' returned 0; elapsed 0.00021Total elapsed time: 32.692 sec.
@I [HLS-100] Command "source /Xilinx/Vivado_HLS/2014.1/common/technology/generic/autopilot/op_simcore.gen "
@I [HLS-100] Command 'ap_source' returned 0; elapsed 0.000517Total elapsed time: 32.692 sec.
@I [HLS-100] Command "source /Xilinx/Vivado_HLS/2014.1/common/technology/generic/autopilot/interface.gen "
@I [HLS-100] Command 'ap_source' returned 0; elapsed 7.7e-05Total elapsed time: 32.692 sec.
@I [HLS-100] Command "source /Xilinx/xilinx_workspace/aes_runner/solution1/.autopilot/db/global.setting.tcl "
@I [HLS-100] Command 'ap_source' returned 0; elapsed 0.000108Total elapsed time: 32.693 sec.
@I [HLS-100] Command "source /Xilinx/Vivado_HLS/2014.1/common/technology/xilinx/zynq/zynq.gen "
@I [HLS-100] Command "source /Xilinx/Vivado_HLS/2014.1/common/technology/xilinx/common/virtex.gen "
@I [HLS-100] Command "source /Xilinx/Vivado_HLS/2014.1/common/technology/xilinx/common/xilinx.gen "
@I [HLS-100] Command "source /Xilinx/Vivado_HLS/2014.1/common/technology/xilinx/interface/plb46.gen "
@I [HLS-100] Command 'ap_source' returned 0; elapsed 0.000712Total elapsed time: 32.694 sec.
@I [HLS-100] Command "source /Xilinx/Vivado_HLS/2014.1/common/technology/xilinx/interface/fsl.gen "
@I [HLS-100] Command 'ap_source' returned 0; elapsed 0.000368Total elapsed time: 32.694 sec.
@I [HLS-100] Command "source /Xilinx/Vivado_HLS/2014.1/common/technology/xilinx/interface/axi4.gen "
@I [HLS-100] Command 'ap_source' returned 0; elapsed 0.001656Total elapsed time: 32.696 sec.
@I [HLS-100] Command "source /Xilinx/Vivado_HLS/2014.1/common/technology/xilinx/interface/nativeAXI4.gen "
@I [HLS-100] Command "source /Xilinx/Vivado_HLS/2014.1/common/technology/xilinx/interface/saxilite.gen "
@I [HLS-100] Command 'ap_source' returned 0; elapsed 0.001881Total elapsed time: 32.698 sec.
@I [HLS-100] Command "source /Xilinx/Vivado_HLS/2014.1/common/technology/xilinx/interface/maxi.gen "
@I [HLS-100] Command 'ap_source' returned 0; elapsed 0.001566Total elapsed time: 32.699 sec.
@I [HLS-100] Command 'ap_source' returned 0; elapsed 0.003567Total elapsed time: 32.699 sec.
@I [HLS-100] Command "source /Xilinx/Vivado_HLS/2014.1/common/technology/xilinx/scripts/xilinxcoregen.gen "
@I [HLS-100] Command 'ap_source' returned 0; elapsed 0.004208Total elapsed time: 32.704 sec.
@I [HLS-100] Command "source /Xilinx/Vivado_HLS/2014.1/common/technology/xilinx/interface/XilEDKCoreGen.gen "
@I [HLS-100] Command 'ap_source' returned 0; elapsed 0.00521Total elapsed time: 32.709 sec.
@I [HLS-100] Command "source /Xilinx/Vivado_HLS/2014.1/common/technology/xilinx/ip/util.gen "
@I [HLS-100] Command 'ap_source' returned 0; elapsed 9.5e-05Total elapsed time: 32.709 sec.
@I [HLS-100] Command "source /Xilinx/Vivado_HLS/2014.1/common/technology/xilinx/ip/xfir.gen "
@I [HLS-100] Command 'ap_source' returned 0; elapsed 0.017287Total elapsed time: 32.727 sec.
@I [HLS-100] Command "source /Xilinx/Vivado_HLS/2014.1/common/technology/xilinx/ip/xfft.gen "
@I [HLS-100] Command 'ap_source' returned 0; elapsed 0.070062Total elapsed time: 32.797 sec.
@I [HLS-100] Command 'ap_source' returned 0; elapsed 0.103716Total elapsed time: 32.797 sec.
@I [HLS-100] Command "source /Xilinx/Vivado_HLS/2014.1/common/technology/xilinx/common/dsp48.gen "
@I [HLS-100] Command 'ap_source' returned 0; elapsed 0.000454Total elapsed time: 32.799 sec.
@I [HLS-100] Command 'ap_source' returned 0; elapsed 0.106281Total elapsed time: 32.799 sec.
@I [HLS-100] Command 'ap_source' returned 0; elapsed 0.10642Total elapsed time: 32.799 sec.
@I [HLS-100] Command "source /Xilinx/Vivado_HLS/2014.1/common/technology/xilinx/zynq/zynq_fpv6.gen "
@I [HLS-100] Command "source /Xilinx/Vivado_HLS/2014.1/common/technology/xilinx/common/xilinx_fpv6.gen "
@I [HLS-100] Command 'ap_source' returned 0; elapsed 0.00151Total elapsed time: 32.801 sec.
@I [HLS-100] Command 'ap_source' returned 0; elapsed 0.001698Total elapsed time: 32.801 sec.
@I [HLS-100] Command "source /Xilinx/xilinx_workspace/aes_runner/solution1/.autopilot/db/aestest.compgen.tcl "
@I [HLS-100] Command 'ap_source' returned 0; elapsed 0.000222Total elapsed time: 32.802 sec.
@I [HLS-100] Command "source /Xilinx/xilinx_workspace/aes_runner/solution1/.autopilot/db/aes.compgen.tcl "
@I [HLS-100] Command 'ap_source' returned 0; elapsed 0.000114Total elapsed time: 32.802 sec.
@I [HLS-100] Command "source /Xilinx/xilinx_workspace/aes_runner/solution1/.autopilot/db/global.setting.tcl "
@I [HLS-100] Command 'ap_source' returned 0; elapsed 0.000113Total elapsed time: 32.814 sec.
@I [HLS-100] Command "source /Xilinx/xilinx_workspace/aes_runner/solution1/.autopilot/db/aes.constraint.tcl "
@I [HLS-100] Command 'ap_source' returned 0; elapsed 5.7e-05Total elapsed time: 32.814 sec.
@I [HLS-100] Command "source /Xilinx/Vivado_HLS/2014.1/common/technology/generic/autopilot/common.gen "
@I [HLS-100] Command "source /Xilinx/Vivado_HLS/2014.1/common/technology/generic/autopilot/APCoreGen.gen "
@I [HLS-100] Command 'ap_source' returned 0; elapsed 0.000364Total elapsed time: 32.815 sec.
@I [HLS-100] Command 'ap_source' returned 0; elapsed 0.000765Total elapsed time: 32.816 sec.
@I [HLS-100] Command "source /Xilinx/Vivado_HLS/2014.1/common/technology/generic/autopilot/op.gen "
@I [HLS-100] Command 'ap_source' returned 0; elapsed 0.000201Total elapsed time: 32.816 sec.
@I [HLS-100] Command "source /Xilinx/Vivado_HLS/2014.1/common/technology/generic/autopilot/op_simcore.gen "
@I [HLS-100] Command 'ap_source' returned 0; elapsed 0.000136Total elapsed time: 32.816 sec.
@I [HLS-100] Command "source /Xilinx/Vivado_HLS/2014.1/common/technology/generic/autopilot/interface.gen "
@I [HLS-100] Command 'ap_source' returned 0; elapsed 7.5e-05Total elapsed time: 32.816 sec.
@I [HLS-100] Command "source /Xilinx/xilinx_workspace/aes_runner/solution1/.autopilot/db/global.setting.tcl "
@I [HLS-100] Command 'ap_source' returned 0; elapsed 0.000103Total elapsed time: 32.816 sec.
@I [HLS-100] Command "source /Xilinx/Vivado_HLS/2014.1/common/technology/xilinx/zynq/zynq.gen "
@I [HLS-100] Command "source /Xilinx/Vivado_HLS/2014.1/common/technology/xilinx/common/virtex.gen "
@I [HLS-100] Command "source /Xilinx/Vivado_HLS/2014.1/common/technology/xilinx/common/xilinx.gen "
@I [HLS-100] Command "source /Xilinx/Vivado_HLS/2014.1/common/technology/xilinx/interface/plb46.gen "
@I [HLS-100] Command 'ap_source' returned 0; elapsed 0.000676Total elapsed time: 32.817 sec.
@I [HLS-100] Command "source /Xilinx/Vivado_HLS/2014.1/common/technology/xilinx/interface/fsl.gen "
@I [HLS-100] Command 'ap_source' returned 0; elapsed 0.000357Total elapsed time: 32.818 sec.
@I [HLS-100] Command "source /Xilinx/Vivado_HLS/2014.1/common/technology/xilinx/interface/axi4.gen "
@I [HLS-100] Command 'ap_source' returned 0; elapsed 0.001428Total elapsed time: 32.819 sec.
@I [HLS-100] Command "source /Xilinx/Vivado_HLS/2014.1/common/technology/xilinx/interface/nativeAXI4.gen "
@I [HLS-100] Command "source /Xilinx/Vivado_HLS/2014.1/common/technology/xilinx/interface/saxilite.gen "
@I [HLS-100] Command 'ap_source' returned 0; elapsed 0.001778Total elapsed time: 32.821 sec.
@I [HLS-100] Command "source /Xilinx/Vivado_HLS/2014.1/common/technology/xilinx/interface/maxi.gen "
@I [HLS-100] Command 'ap_source' returned 0; elapsed 0.001565Total elapsed time: 32.823 sec.
@I [HLS-100] Command 'ap_source' returned 0; elapsed 0.003469Total elapsed time: 32.823 sec.
@I [HLS-100] Command "source /Xilinx/Vivado_HLS/2014.1/common/technology/xilinx/scripts/xilinxcoregen.gen "
@I [HLS-100] Command 'ap_source' returned 0; elapsed 0.004437Total elapsed time: 32.827 sec.
@I [HLS-100] Command "source /Xilinx/Vivado_HLS/2014.1/common/technology/xilinx/interface/XilEDKCoreGen.gen "
@I [HLS-100] Command 'ap_source' returned 0; elapsed 0.005655Total elapsed time: 32.833 sec.
@I [HLS-100] Command "source /Xilinx/Vivado_HLS/2014.1/common/technology/xilinx/ip/util.gen "
@I [HLS-100] Command 'ap_source' returned 0; elapsed 0.000106Total elapsed time: 32.833 sec.
@I [HLS-100] Command "source /Xilinx/Vivado_HLS/2014.1/common/technology/xilinx/ip/xfir.gen "
@I [HLS-100] Command 'ap_source' returned 0; elapsed 0.017141Total elapsed time: 32.851 sec.
@I [HLS-100] Command "source /Xilinx/Vivado_HLS/2014.1/common/technology/xilinx/ip/xfft.gen "
@I [HLS-100] Command 'ap_source' returned 0; elapsed 0.077947Total elapsed time: 32.929 sec.
@I [HLS-100] Command 'ap_source' returned 0; elapsed 0.111848Total elapsed time: 32.929 sec.
@I [HLS-100] Command "source /Xilinx/Vivado_HLS/2014.1/common/technology/xilinx/common/dsp48.gen "
@I [HLS-100] Command 'ap_source' returned 0; elapsed 0.000384Total elapsed time: 32.931 sec.
@I [HLS-100] Command 'ap_source' returned 0; elapsed 0.113412Total elapsed time: 32.931 sec.
@I [HLS-100] Command 'ap_source' returned 0; elapsed 0.113508Total elapsed time: 32.931 sec.
@I [HLS-100] Command "source /Xilinx/Vivado_HLS/2014.1/common/technology/xilinx/zynq/zynq_fpv6.gen "
@I [HLS-100] Command "source /Xilinx/Vivado_HLS/2014.1/common/technology/xilinx/common/xilinx_fpv6.gen "
@I [HLS-100] Command 'ap_source' returned 0; elapsed 0.000887Total elapsed time: 32.932 sec.
@I [HLS-100] Command 'ap_source' returned 0; elapsed 0.001009Total elapsed time: 32.932 sec.
@I [HLS-100] Command 'export_design' returned 0; elapsed 1.33455Total elapsed time: 38.133 sec.
@I [HLS-100] Command "cleanup_all "
@I [HLS-100] Command 'cleanup_all' returned 0; elapsed 0.000404Total elapsed time: 38.134 sec.
