@I [LIC-101] Checked out feature [VIVADO_HLS]
@I [HLS-10] Running 'C:/Xilinx/Vivado_HLS/2014.1/bin/unwrapped/win64.o/vivado_hls.exe'
            for user 'Ali' on host 'ali-pc' (Windows NT_amd64 version 6.1) on Fri Sep 05 13:56:14 -0600 2014
            in directory 'C:/Users/Ali/Documents/Research/HLS_IP/add_five'
@I [HLS-10] Opening project 'C:/Users/Ali/Documents/Research/HLS_IP/add_five/add_five'.
@I [HLS-10] Opening solution 'C:/Users/Ali/Documents/Research/HLS_IP/add_five/add_five/solution1'.
@I [SYN-201] Setting up clock 'default' with a period of 10ns.
@I [HLS-10] Setting target device to 'xc7z020clg484-1'
@I [IMPL-8] Exporting RTL as an IP in IP-XACT.

****** Vivado v2014.1 (64-bit)
  **** SW Build 881834 on Fri Apr  4 14:15:54 MDT 2014
  **** IP Build 877625 on Fri Mar 28 16:29:15 MDT 2014
    ** Copyright 1986-2014 Xilinx, Inc. All Rights Reserved.

source run_ippack.tcl -notrace
ipx::create_core: Time (s): cpu = 00:00:00 ; elapsed = 00:00:07 . Memory (MB): peak = 180.910 ; gain = 1.555
INFO: [IP_Flow 19-234] Refreshing IP repositories
INFO: [IP_Flow 19-1704] No user IP repositories specified
INFO: [IP_Flow 19-2313] Loaded Vivado IP repository 'c:/Xilinx/Vivado/2014.1/data/ip'.
ipx::add_bus_interface: Time (s): cpu = 00:00:01 ; elapsed = 00:00:10 . Memory (MB): peak = 192.598 ; gain = 6.688
INFO: [Common 17-206] Exiting Vivado at Fri Sep 05 13:57:21 2014...
@I [LIC-101] Checked in feature [VIVADO_HLS]
